"File: HT66F70A.c    Assembler  Version HGASM0202      Page 1


   1  0000              ; Generated by holtek-gcc v3.17, Tue Nov 14 15:13:15 2017
   2  0000              ; 
   3  0000              ; Configuration:
   4  0000              ;       with long instruction
   5  0000              ;       Multi-ROM, Multi-RAM
   6  0000              ;       bits_per_rom_unit:16
   7  0000              ;       with mp1
   8  0000              ;       with tbhp, address(0x9)
   9  0000              ;          Use tabrd-const
  10  0000              ;       
  11  0000              ; SFR address of long-instruction arch:
  12  0000              ;    mp0 = -1,1,0
  13  0000              ;    mp1 = 4,3,2
  14  0000              ;    mp2 = 14,13,12
  15  0000              ;    tbp = 9,7,8
  16  0000              ;    acc = 5
  17  0000              ;    pcl = 6
  18  0000              ;    status = 10
  19  0000              ;    bp = 11
  20  0000              ;    intc = 48
  21  0000              ;       
  22  0000              ;       
  23  0000              ; use 'tabrdc' instead of 'tabrd'
  24  0000              ;       
  25  0000              
  26  0000              #pragma translator "holtek-gcc 4.6.4" "3.17" "build 20130711"
  27  0000              ; Rebuild 307
  28  0000              
  29  0000              ir equ [2]
  30  0000              mp equ [3]
  31  0000              sbp equ [4]
  32  0000              acc equ [5]
  33  0000              bp equ [11]
  34  0000              tblp equ [7]
  35  0000              tbhp equ [9]
  36  0000              status equ [10]
  37  0000              c equ [10].0
  38  0000              ac equ [10].1
  39  0000              z equ [10].2
  40  0000              ov equ [10].3
  41  0000              cz equ [10].6
  42  0000              sc equ [10].7
  43  0000              intc equ [48]
  44  0000              
  45  0000              extern ra:byte
  46  0000              extern rb:byte
  47  0000              extern rc:byte
  48  0000              extern rd:byte
  49  0000              extern re:byte
  50  0000              extern rf:byte
  51  0000              extern rg:byte
  52  0000              extern rh:byte
  53  0000              extern _Crom2Prom:near
  54  0000              extern _Crom2PromNext:near
  55  0000              
  56  0000              RAMBANK 0 @BITDATASEC, @BITDATASEC1
  57  0000              @HCCINIT	.section 'data'
  58  0000              @HCCINIT0	.section 'data'
  59  0000              @BITDATASEC	 .section 'data'
"File: HT66F70A.ASM  Assembler  Version HGASM0202      Page 2

  60  0000              @BITDATASEC1	 .section 'data'
  61  0000              
  62  0000              #pragma debug scope 1 1
  63  0000              	extern __DELAY3:near
  64  0000              	extern __DELAYX3:near
  65  0000              	extern __DELAYX6:near
  66  0000              	extern __DELAYY5:near
  67  0000              	extern __DELAYY3:near
  68  0000              	extern _builtin_holtek_delay_2:byte
  69  0000              public _Delayms
  70  0000              #pragma debug scope 2 1

  22  0000              #line 22 "C:\Users\SA\Desktop\robot_led\HT66F70A.c"
  22  0000              _Delayms .section 'code'
  22  0000              _Delayms proc
  22  0000              public _Delayms_2
  22  0000  0002[           local _Delayms_2 db 2 dup(?)	; 2,0
            00
            ]
  22  0002              #pragma debug variable 10 2 _Delayms_2+0 "del"
  24  0002              #line 24 "C:\Users\SA\Desktop\robot_led\HT66F70A.c"
  24  0000  1F00     E  	clr rb
  24  0001  1F00     E  	clr rc
  24  0002  2800     R  	jmp _L2
  24  0003              _L3:
  24  0003              #line 24 "C:\Users\SA\Desktop\robot_led\HT66F70A.c"
  24  0003              ;# 24 "C:\Users\SA\Desktop\robot_led\HT66F70A.c" 1
  24  0003              	IF 2000>263690
  24  0003              ;# 24 "C:\Users\SA\Desktop\robot_led\HT66F70A.c" 1
  24  0003              	ERRMESSAGE 'the value 2000of the argument exceeds the maxinum 263690'
  24  0003              	ENDIF
  24  0003              ;# 24 "C:\Users\SA\Desktop\robot_led\HT66F70A.c" 1
  24  0003              	IF 2000<0
  24  0003              ;# 24 "C:\Users\SA\Desktop\robot_led\HT66F70A.c" 1
  24  0003              	ERRMESSAGE 'the value 2000 of the argument exceeds the mininum 0'
  24  0003              	ENDIF
  24  0003              ;# 24 "C:\Users\SA\Desktop\robot_led\HT66F70A.c" 1
  24  0003              	IF 2000==0
  24  0003              ;# 24 "C:\Users\SA\Desktop\robot_led\HT66F70A.c" 1
  24  0003              	JMP $
  24  0003              	ENDIF
  24  0003              ;# 24 "C:\Users\SA\Desktop\robot_led\HT66F70A.c" 1
  24  0003              	IF (2000>=1) AND (2000<( 4 + __PBP__ * 2))
  24  0003              ;# 24 "C:\Users\SA\Desktop\robot_led\HT66F70A.c" 1
  24  0003              	NOP
  24  0003              	ENDIF
  24  0003              ;# 24 "C:\Users\SA\Desktop\robot_led\HT66F70A.c" 1
  24  0003              	IF (2000>=2) AND (2000<( 4 + __PBP__ * 2))
  24  0003              ;# 24 "C:\Users\SA\Desktop\robot_led\HT66F70A.c" 1
  24  0003              	NOP
  24  0003              	ENDIF
  24  0003              ;# 24 "C:\Users\SA\Desktop\robot_led\HT66F70A.c" 1
  24  0003              	IF (2000>=3) AND (2000<( 4 + __PBP__ * 2))
  24  0003              ;# 24 "C:\Users\SA\Desktop\robot_led\HT66F70A.c" 1
  24  0003              	NOP
  24  0003              	ENDIF
  24  0003              ;# 24 "C:\Users\SA\Desktop\robot_led\HT66F70A.c" 1
  24  0003              	IF (2000>=4) AND (2000<( 4 + __PBP__ * 2)) AND ( __PBP__ > 0 )
  24  0003              ;# 24 "C:\Users\SA\Desktop\robot_led\HT66F70A.c" 1
  24  0003              	NOP
"File: HT66F70A.c    Assembler  Version HGASM0202      Page 3

  24  0003              	ENDIF
  24  0003              ;# 24 "C:\Users\SA\Desktop\robot_led\HT66F70A.c" 1
  24  0003              	IF (2000>=5) AND (2000<( 4 + __PBP__ * 2)) AND ( __PBP__ > 0 )
  24  0003              ;# 24 "C:\Users\SA\Desktop\robot_led\HT66F70A.c" 1
  24  0003              	NOP
  24  0003              	ENDIF
  24  0003              ;# 24 "C:\Users\SA\Desktop\robot_led\HT66F70A.c" 1
  24  0003              	IF (2000>=6) AND (2000<( 4 + __PBP__ * 2))  AND ( __PBP__ > 1 )
  24  0003              ;# 24 "C:\Users\SA\Desktop\robot_led\HT66F70A.c" 1
  24  0003              	NOP
  24  0003              	ENDIF
  24  0003              ;# 24 "C:\Users\SA\Desktop\robot_led\HT66F70A.c" 1
  24  0003              	IF (2000>=7) AND (2000<( 4 + __PBP__ * 2))  AND ( __PBP__ > 1 )
  24  0003              ;# 24 "C:\Users\SA\Desktop\robot_led\HT66F70A.c" 1
  24  0003              	NOP
  24  0003              	ENDIF
  24  0003              ;# 24 "C:\Users\SA\Desktop\robot_led\HT66F70A.c" 1
  24  0003              	IF (2000>=8) AND (2000<( 4 + __PBP__ * 2))  AND ( __PBP__ > 2 )
  24  0003              ;# 24 "C:\Users\SA\Desktop\robot_led\HT66F70A.c" 1
  24  0003              	NOP
  24  0003              	ENDIF
  24  0003              ;# 24 "C:\Users\SA\Desktop\robot_led\HT66F70A.c" 1
  24  0003              	IF (2000==9)  AND ( __PBP__ > 2 )
  24  0003              ;# 24 "C:\Users\SA\Desktop\robot_led\HT66F70A.c" 1
  24  0003              	NOP
  24  0003              	ENDIF
  24  0003              ;# 24 "C:\Users\SA\Desktop\robot_led\HT66F70A.c" 1
  24  0003              	IF (2000< ( 8 + __PBP__ * 2)) AND (2000>( 3 + __PBP__ * 2))
  24  0003              ;# 24 "C:\Users\SA\Desktop\robot_led\HT66F70A.c" 1
  24  0003              	fcall __DELAY3 + ( 7 + __PBP__ * 2) -2000
  24  0003              	ENDIF
  24  0003              ;# 24 "C:\Users\SA\Desktop\robot_led\HT66F70A.c" 1
  24  0003              	IF (2000< ( 0404h + __PBP__ * 2)) AND (2000>( 7 + __PBP__ * 2))
  24  0003              ;# 24 "C:\Users\SA\Desktop\robot_led\HT66F70A.c" 1
  24  0003              	MOV A,(2000-( 4 + __PBP__ * 2))/4
  24  0003              ;# 24 "C:\Users\SA\Desktop\robot_led\HT66F70A.c" 1
  24  0003              	fcall __DELAYX3 + 3 -((2000-( 4 + __PBP__ * 2)) MOD 4) 
  24  0003              	ENDIF
  24  0003              ;# 24 "C:\Users\SA\Desktop\robot_led\HT66F70A.c" 1
  24  0003              	IF (2000< ( 040bh + __PBP__ * 2)) AND (2000> ( 0403h + __PBP__ * 2))
  24  0003              ;# 24 "C:\Users\SA\Desktop\robot_led\HT66F70A.c" 1
  24  0003              	MOV A,0 
  24  0003              ;# 24 "C:\Users\SA\Desktop\robot_led\HT66F70A.c" 1
  24  0003              	fcall __DELAYX6 + ( 040ah + __PBP__ * 2) -2000
  24  0003              	ENDIF
  24  0003              ;# 24 "C:\Users\SA\Desktop\robot_led\HT66F70A.c" 1
  24  0003              	IF (2000 >= ( 040bh + __PBP__ * 2)) AND ((((2000-( 9 + __PBP__ * 2))%0402h)/4+1)>256)
  24  0003              ;# 24 "C:\Users\SA\Desktop\robot_led\HT66F70A.c" 1
  24  0003              	MOV A,(2000-( 9 + __PBP__ * 2))/0402h
  24  0003              ;# 24 "C:\Users\SA\Desktop\robot_led\HT66F70A.c" 1
  24  0003              	MOV _builtin_holtek_delay_2,A
  24  0003              ;# 24 "C:\Users\SA\Desktop\robot_led\HT66F70A.c" 1
  24  0003              	MOV A,0
  24  0003              ;# 24 "C:\Users\SA\Desktop\robot_led\HT66F70A.c" 1
  24  0003              	fcall __DELAYY5 +5- (((2000-( 9 + __PBP__ * 2))%0402h)%6) 
  24  0003              	ENDIF
  24  0003              ;# 24 "C:\Users\SA\Desktop\robot_led\HT66F70A.c" 1
  24  0003              	IF (2000 >= ( 040bh + __PBP__ * 2)) AND ((((2000-( 9 + __PBP__ * 2))%0402h)/4+1)<=256)
  24  0003              ;# 24 "C:\Users\SA\Desktop\robot_led\HT66F70A.c" 1
  24  0003  0F01        	MOV A,(2000-( 9 + __PBP__ * 2))/0402h
"File: HT66F70A.c    Assembler  Version HGASM0202      Page 4

  24  0004              ;# 24 "C:\Users\SA\Desktop\robot_led\HT66F70A.c" 1
  24  0004  0080     E  	MOV _builtin_holtek_delay_2,A
  24  0005              ;# 24 "C:\Users\SA\Desktop\robot_led\HT66F70A.c" 1
  24  0005  0FF1        	MOV A,((2000-( 9 + __PBP__ * 2))%0402h)/4+1
  24  0006              ;# 24 "C:\Users\SA\Desktop\robot_led\HT66F70A.c" 1
  24  0006              	fcall __DELAYY3 +3-(((2000-( 9 + __PBP__ * 2))%0402h)%4) 
  24  000D              	ENDIF
  24  000D  1480     E  	inc rb
  24  000E  3D0A        	sz z
  24  000F  1480     E  	inc rc
  24  0010              _L2:
  24  0010  0700     E  	mov a,rb
  24  0011  0200     R  	sub a,_Delayms_2[0]
  24  0012  0700     E  	mov a,rc
  24  0013  1200     R  	sbc a,_Delayms_2[1]
  24  0014  3B0A        	snz cz
  24  0015  2800     R  	jmp _L3
  24  0016  0003        	ret
  24  0017              _Delayms endp
  24  0017              #line 24 "C:\Users\SA\Desktop\robot_led\HT66F70A.c"
  24  0017              #pragma debug scope 1 1
  24  0017              ___pgc equ [43]
  24  0017              ___pdc equ [31]
  24  0017              ___pcc equ [27]
  24  0017              ___phc equ [47]
  24  0017              ___pg equ [42]
  24  0017              ___pd equ [30]
  24  0017              ___pc equ [26]
  24  0017              ___ph equ [46]
  24  0017              public _LED_init
  24  0017              #pragma debug scope 3 1
  28  0017              #line 28 "C:\Users\SA\Desktop\robot_led\HT66F70A.c"
  28  0000              _LED_init .section 'code'
  28  0000              _LED_init proc
  37  0000              #line 37 "C:\Users\SA\Desktop\robot_led\HT66F70A.c"
  37  0000  342B        	clr [43].0
  37  0001  369F        	clr [31].5
  37  0002  341F        	clr [31].0
  37  0003  349F        	clr [31].1
  37  0004  351F        	clr [31].2
  37  0005  359B        	clr [27].3
  37  0006  361B        	clr [27].4
  37  0007  369B        	clr [27].5
  37  0008  371F        	clr [31].6
  37  0009  379F        	clr [31].7
  37  000A  351B        	clr [27].2
  37  000B  352F        	clr [47].2
  37  000C  35AF        	clr [47].3
  38  000D              #line 38 "C:\Users\SA\Desktop\robot_led\HT66F70A.c"
  38  000D  36AB        	clr [43].5
  38  000E  37AB        	clr [43].7
  40  000F              #line 40 "C:\Users\SA\Desktop\robot_led\HT66F70A.c"
  40  000F  342A        	clr [42].0
  40  0010  369E        	clr [30].5
  40  0011  341E        	clr [30].0
  40  0012  349E        	clr [30].1
  40  0013  351E        	clr [30].2
  40  0014  359A        	clr [26].3
  40  0015  361A        	clr [26].4
  40  0016  369A        	clr [26].5
"File: HT66F70A.c    Assembler  Version HGASM0202      Page 5

  40  0017  371E        	clr [30].6
  40  0018  379E        	clr [30].7
  40  0019  351A        	clr [26].2
  40  001A  352E        	clr [46].2
  40  001B  35AE        	clr [46].3
  41  001C              #line 41 "C:\Users\SA\Desktop\robot_led\HT66F70A.c"
  41  001C  36AA        	clr [42].5
  41  001D  37AA        	clr [42].7
  41  001E  0003        	ret
  41  001F              _LED_init endp
  41  001F              #line 41 "C:\Users\SA\Desktop\robot_led\HT66F70A.c"
  41  001F              #pragma debug scope 1 1
  41  001F              public _LED4
  41  001F              #pragma debug scope 4 1
  45  001F              #line 45 "C:\Users\SA\Desktop\robot_led\HT66F70A.c"
  45  0000              _LED4 .section 'code'
  45  0000              _LED4 proc
  46  0000              #line 46 "C:\Users\SA\Desktop\robot_led\HT66F70A.c"
  46  0000  0700     R  	mov a,_string[0]
  46  0001  0A0F        	sub a,15
  46  0002  390A        	snz z
  46  0003  2800     R  	jmp _L7
  47  0004              #line 47 "C:\Users\SA\Desktop\robot_led\HT66F70A.c"
  47  0004  302A        	set [42].0
  47  0005              _L7:
  48  0005              #line 48 "C:\Users\SA\Desktop\robot_led\HT66F70A.c"
  48  0005  0700     R  	mov a,_string[1]
  48  0006  0A0F        	sub a,15
  48  0007  390A        	snz z
  48  0008  2800     R  	jmp _L8
  49  0009              #line 49 "C:\Users\SA\Desktop\robot_led\HT66F70A.c"
  49  0009  329E        	set [30].5
  49  000A              _L8:
  50  000A              #line 50 "C:\Users\SA\Desktop\robot_led\HT66F70A.c"
  50  000A  0700     R  	mov a,_string[2]
  50  000B  0A0F        	sub a,15
  50  000C  390A        	snz z
  50  000D  2800     R  	jmp _L9
  51  000E              #line 51 "C:\Users\SA\Desktop\robot_led\HT66F70A.c"
  51  000E  312E        	set [46].2
  51  000F              _L9:
  52  000F              #line 52 "C:\Users\SA\Desktop\robot_led\HT66F70A.c"
  52  000F  0700     R  	mov a,_string[3]
  52  0010  0A0F        	sub a,15
  52  0011  390A        	snz z
  52  0012  2800     R  	jmp _L6
  53  0013              #line 53 "C:\Users\SA\Desktop\robot_led\HT66F70A.c"
  53  0013  31AE        	set [46].3
  53  0014              _L6:
  53  0014  0003        	ret
  53  0015              _LED4 endp
  53  0015              #line 53 "C:\Users\SA\Desktop\robot_led\HT66F70A.c"
  53  0015              #pragma debug scope 1 1
  53  0015              public _LED9
  53  0015              #pragma debug scope 5 1
  57  0015              #line 57 "C:\Users\SA\Desktop\robot_led\HT66F70A.c"
  57  0000              _LED9 .section 'code'
  57  0000              _LED9 proc
  58  0000              #line 58 "C:\Users\SA\Desktop\robot_led\HT66F70A.c"
  58  0000  0700     R  	mov a,_string[4]
"File: HT66F70A.c    Assembler  Version HGASM0202      Page 6

  58  0001  0A31        	sub a,49
  58  0002  3D0A        	sz z
  58  0003  2800     R  	jmp _L13
  58  0004  0A01        	sub a,(50)-(49)
  58  0005  3D0A        	sz z
  58  0006  2800     R  	jmp _L14
  58  0007              #line 58 "C:\Users\SA\Desktop\robot_led\HT66F70A.c"
  58  0007  0700     R  	mov a,_string[4]
  58  0008  0A33        	sub a,51
  58  0009  3D0A        	sz z
  58  000A  2800     R  	jmp _L15
  58  000B  0A01        	sub a,(52)-(51)
  58  000C  3D0A        	sz z
  58  000D  2800     R  	jmp _L16
  58  000E  0700     R  	mov a,_string[4]
  58  000F  0A35        	sub a,53
  58  0010  3D0A        	sz z
  58  0011  2800     R  	jmp _L17
  58  0012  0A01        	sub a,(54)-(53)
  58  0013  3D0A        	sz z
  58  0014  2800     R  	jmp _L18
  58  0015  0700     R  	mov a,_string[4]
  58  0016  0A37        	sub a,55
  58  0017  3D0A        	sz z
  58  0018  2800     R  	jmp _L19
  58  0019  0A01        	sub a,(56)-(55)
  58  001A  3D0A        	sz z
  58  001B  2800     R  	jmp _L20
  58  001C  0700     R  	mov a,_string[4]
  58  001D  0A39        	sub a,57
  58  001E  390A        	snz z
  58  001F  2800     R  	jmp _L11
  85  0020              #line 85 "C:\Users\SA\Desktop\robot_led\HT66F70A.c"
  85  0020  321A        	set [26].4
  86  0021              #line 86 "C:\Users\SA\Desktop\robot_led\HT66F70A.c"
  86  0021  2800     R  	jmp _L11
  86  0022              _L13:
  61  0022              #line 61 "C:\Users\SA\Desktop\robot_led\HT66F70A.c"
  61  0022  301E        	set [30].0
  62  0023              #line 62 "C:\Users\SA\Desktop\robot_led\HT66F70A.c"
  62  0023  2800     R  	jmp _L11
  62  0024              _L14:
  64  0024              #line 64 "C:\Users\SA\Desktop\robot_led\HT66F70A.c"
  64  0024  309E        	set [30].1
  65  0025              #line 65 "C:\Users\SA\Desktop\robot_led\HT66F70A.c"
  65  0025  2800     R  	jmp _L11
  65  0026              _L15:
  67  0026              #line 67 "C:\Users\SA\Desktop\robot_led\HT66F70A.c"
  67  0026  311E        	set [30].2
  68  0027              #line 68 "C:\Users\SA\Desktop\robot_led\HT66F70A.c"
  68  0027  2800     R  	jmp _L11
  68  0028              _L16:
  70  0028              #line 70 "C:\Users\SA\Desktop\robot_led\HT66F70A.c"
  70  0028  329A        	set [26].5
  71  0029              #line 71 "C:\Users\SA\Desktop\robot_led\HT66F70A.c"
  71  0029  2800     R  	jmp _L11
  71  002A              _L17:
  73  002A              #line 73 "C:\Users\SA\Desktop\robot_led\HT66F70A.c"
  73  002A  311A        	set [26].2
  74  002B              #line 74 "C:\Users\SA\Desktop\robot_led\HT66F70A.c"
"File: HT66F70A.c    Assembler  Version HGASM0202      Page 7

  74  002B  2800     R  	jmp _L11
  74  002C              _L18:
  76  002C              #line 76 "C:\Users\SA\Desktop\robot_led\HT66F70A.c"
  76  002C  339E        	set [30].7
  77  002D              #line 77 "C:\Users\SA\Desktop\robot_led\HT66F70A.c"
  77  002D  2800     R  	jmp _L11
  77  002E              _L19:
  79  002E              #line 79 "C:\Users\SA\Desktop\robot_led\HT66F70A.c"
  79  002E  331E        	set [30].6
  80  002F              #line 80 "C:\Users\SA\Desktop\robot_led\HT66F70A.c"
  80  002F  2800     R  	jmp _L11
  80  0030              _L20:
  82  0030              #line 82 "C:\Users\SA\Desktop\robot_led\HT66F70A.c"
  82  0030  319A        	set [26].3
  82  0031              _L11:
  82  0031  0003        	ret
  82  0032              _LED9 endp
  82  0032              #line 82 "C:\Users\SA\Desktop\robot_led\HT66F70A.c"
  82  0032              #pragma debug scope 1 1
  82  0032              public _shock
  82  0032              #pragma debug scope 6 1
  91  0032              #line 91 "C:\Users\SA\Desktop\robot_led\HT66F70A.c"
  91  0000              _shock .section 'code'
  91  0000              _shock proc
  92  0000              #line 92 "C:\Users\SA\Desktop\robot_led\HT66F70A.c"
  92  0000  0700     R  	mov a,_string[5]
  92  0001  0A31        	sub a,49
  92  0002  3D0A        	sz z
  92  0003  2800     R  	jmp _L24
  92  0004  0A01        	sub a,(50)-(49)
  92  0005  3D0A        	sz z
  92  0006  2800     R  	jmp _L27
  92  0007              #line 92 "C:\Users\SA\Desktop\robot_led\HT66F70A.c"
  92  0007  0700     R  	mov a,_string[5]
  92  0008  0A33        	sub a,51
  92  0009  390A        	snz z
  92  000A  2800     R  	jmp _L22
 101  000B              #line 101 "C:\Users\SA\Desktop\robot_led\HT66F70A.c"
 101  000B  32AA        	set [42].5
 101  000C  2800     R  	jmp _L27
 101  000D              _L24:
  95  000D              #line 95 "C:\Users\SA\Desktop\robot_led\HT66F70A.c"
  95  000D  32AA        	set [42].5
  96  000E              #line 96 "C:\Users\SA\Desktop\robot_led\HT66F70A.c"
  96  000E  2800     R  	jmp _L22
  96  000F              _L27:
 101  000F              #line 101 "C:\Users\SA\Desktop\robot_led\HT66F70A.c"
 101  000F  33AA        	set [42].7
 101  0010              _L22:
 101  0010  0003        	ret
 101  0011              _shock endp
 101  0011              #line 101 "C:\Users\SA\Desktop\robot_led\HT66F70A.c"
 101  0011              #pragma debug scope 1 1
 101  0011              public _clear
 101  0011              #pragma debug scope 7 1
 107  0011              #line 107 "C:\Users\SA\Desktop\robot_led\HT66F70A.c"
 107  0000              _clear .section 'code'
 107  0000              _clear proc
 108  0000              #line 108 "C:\Users\SA\Desktop\robot_led\HT66F70A.c"
 108  0000  342A        	clr [42].0
"File: HT66F70A.c    Assembler  Version HGASM0202      Page 8

 108  0001  369E        	clr [30].5
 108  0002  341E        	clr [30].0
 108  0003  349E        	clr [30].1
 108  0004  351E        	clr [30].2
 108  0005  359A        	clr [26].3
 108  0006  361A        	clr [26].4
 108  0007  369A        	clr [26].5
 108  0008  371E        	clr [30].6
 108  0009  379E        	clr [30].7
 108  000A  351A        	clr [26].2
 108  000B  352E        	clr [46].2
 108  000C  35AE        	clr [46].3
 109  000D              #line 109 "C:\Users\SA\Desktop\robot_led\HT66F70A.c"
 109  000D  36AA        	clr [42].5
 109  000E  37AA        	clr [42].7
 109  000F  0003        	ret
 109  0010              _clear endp
 109  0010              #line 109 "C:\Users\SA\Desktop\robot_led\HT66F70A.c"
 109  0010              #pragma debug scope 1 1
 109  0010              ___wdtc equ [62]
 109  0000              @crom	.section 'crom'
 109  0000              _LC0:
 109  0000              	db 041h,054h,02bh,043h,057h,04ah,041h,050h,03dh,022h
 109  0005              	db 06eh,061h,066h,062h,075h,063h,031h,022h,02ch,022h
 109  000A              	db 034h,030h,033h,034h,033h,032h,034h,034h,022h,0dh
 109  000F              	db 0ah,00h
 109  0010              @crom	.section 'crom'
 109  0010              _LC1:
 109  0010              	db 041h,054h,02bh,043h,049h,050h,053h,054h,041h,052h
 109  0015              	db 054h,03dh,022h,054h,043h,050h,022h,02ch,022h,031h
 109  001A              	db 039h,032h,02eh,031h,036h,038h,02eh,034h,02eh,031h
 109  001F              	db 022h,02ch,038h,030h,038h,037h,0dh,0ah,00h
 109  0024              @crom	.section 'crom'
 109  0024              _LC2:
 109  0024              	db 041h,054h,02bh,043h,049h,050h,04dh,04fh,044h,045h
 109  0029              	db 03dh,031h,0dh,0ah,00h
 109  002B              public _main
 109  002B              #pragma debug scope 8 1
 113  002B              #line 113 "C:\Users\SA\Desktop\robot_led\HT66F70A.c"
 113  002B              IFDEF WITH_DEFAULT_STARTUP
 113  002B              extern _main_initial0:near
 113  002B              extern _main_startup:near
 113  002B              ENDIF
 113  002B              
 113  002B              ROMBANK 0 @start
 113  0000              @start .section com_l 'code'
 113  0000              _main_startup1:
 113  0000              @start .section com_e 'code'
 113  0000  0F00     R  	mov a,bank _main
 113  0001  008B        	mov bp,a
 113  0002  2800     R  	jmp _main
 113  0003              
 113  0000              _main .section 'code'
 113  0000              _main proc
 113  0000  0002[           local _main_2 db 2 dup(?)
            00
            ]
 113  0002              #pragma debug variable 11 8 _main_2+0 "i"
 117  0002              #line 117 "C:\Users\SA\Desktop\robot_led\HT66F70A.c"
 117  0000  0FAF        	mov a,175
"File: HT66F70A.c    Assembler  Version HGASM0202      Page 9

 117  0001  00BE        	mov [62],a
 118  0002              #line 118 "C:\Users\SA\Desktop\robot_led\HT66F70A.c"
 118  0002              	fcall _UART_init
 119  0009              #line 119 "C:\Users\SA\Desktop\robot_led\HT66F70A.c"
 119  0009              	fcall _LED_init
 121  0010              #line 121 "C:\Users\SA\Desktop\robot_led\HT66F70A.c"
 121  0010  0FB8        	mov a,-72
 121  0011  0080     R  	mov _Delayms_2[0],a
 121  0012  0F0B        	mov a,11
 121  0013  0080     R  	mov _Delayms_2[1],a
 121  0014              	fcall _Delayms
 122  001B              #line 122 "C:\Users\SA\Desktop\robot_led\HT66F70A.c"
 122  001B  0F1F        	mov a,31
 122  001C  0080     E  	mov _tx_string_2[2],a
 122  001D  1F00     E  	clr _tx_string_2[3]
 122  001E  0F00     R  	mov a,low offset _LC0
 122  001F  0080     E  	mov _tx_string_2[0],a
 122  0020  0F00     R  	mov a,high offset _LC0
 122  0021  0080     E  	mov _tx_string_2[1],a
 122  0022              	fcall _tx_string
 123  0029              #line 123 "C:\Users\SA\Desktop\robot_led\HT66F70A.c"
 123  0029  0F58        	mov a,88
 123  002A  0080     R  	mov _Delayms_2[0],a
 123  002B  0F1B        	mov a,27
 123  002C  0080     R  	mov _Delayms_2[1],a
 123  002D              	fcall _Delayms
 124  0034              #line 124 "C:\Users\SA\Desktop\robot_led\HT66F70A.c"
 124  0034  0F26        	mov a,38
 124  0035  0080     E  	mov _tx_string_2[2],a
 124  0036  1F00     E  	clr _tx_string_2[3]
 124  0037  0F00     R  	mov a,low offset _LC1
 124  0038  0080     E  	mov _tx_string_2[0],a
 124  0039  0F00     R  	mov a,high offset _LC1
 124  003A  0080     E  	mov _tx_string_2[1],a
 124  003B              	fcall _tx_string
 125  0042              #line 125 "C:\Users\SA\Desktop\robot_led\HT66F70A.c"
 125  0042  0FE8        	mov a,-24
 125  0043  0080     R  	mov _Delayms_2[0],a
 125  0044  0F03        	mov a,3
 125  0045  0080     R  	mov _Delayms_2[1],a
 125  0046              	fcall _Delayms
 126  004D              #line 126 "C:\Users\SA\Desktop\robot_led\HT66F70A.c"
 126  004D  0F0E        	mov a,14
 126  004E  0080     E  	mov _tx_string_2[2],a
 126  004F  1F00     E  	clr _tx_string_2[3]
 126  0050  0F00     R  	mov a,low offset _LC2
 126  0051  0080     E  	mov _tx_string_2[0],a
 126  0052  0F00     R  	mov a,high offset _LC2
 126  0053  0080     E  	mov _tx_string_2[1],a
 126  0054              	fcall _tx_string
 127  005B              #line 127 "C:\Users\SA\Desktop\robot_led\HT66F70A.c"
 127  005B  0FF4        	mov a,-12
 127  005C  0080     R  	mov _Delayms_2[0],a
 127  005D  0F01        	mov a,1
 127  005E  0080     R  	mov _Delayms_2[1],a
 127  005F              	fcall _Delayms
 127  0066              _L31:
 131  0066              #line 131 "C:\Users\SA\Desktop\robot_led\HT66F70A.c"
 131  0066              	fcall _PC_RX
 131  006D  0080     E  	mov ra,a
"File: HT66F70A.c    Assembler  Version HGASM0202      Page 10

 132  006E              #line 132 "C:\Users\SA\Desktop\robot_led\HT66F70A.c"
 132  006E  0700     E  	mov a,ra
 132  006F  0A41        	sub a,65
 132  0070  390A        	snz z
 132  0071  2800     R  	jmp _L31
 132  0072  1F00     R  	clr _main_2[0]
 132  0073  1F00     R  	clr _main_2[1]
 132  0074              _L33:
 136  0074              #line 136 "C:\Users\SA\Desktop\robot_led\HT66F70A.c"
 136  0074              	fcall _PC_RX
 136  007B  0080     E  	mov ra,a
 136  007C  0F00     R  	mov a,low offset _string
 136  007D  0300     R  	add a,_main_2[0]
 136  007E  0083        	mov mp,a
 136  007F  0F00     R  	mov a,high offset _string
 136  0080  1300     R  	adc a,_main_2[1]
 136  0081  0084        	mov sbp,a
 136  0082  0700     E  	mov a,ra
 136  0083  0082        	mov ir,a
 134  0084              #line 134 "C:\Users\SA\Desktop\robot_led\HT66F70A.c"
 134  0084  1480     R  	inc _main_2[0]
 134  0085  3D0A        	sz z
 134  0086  1480     R  	inc _main_2[1]
 134  0087  0700     R  	mov a,_main_2[0]
 134  0088  0C06        	xor a,6
 134  0089  0500     R  	or a,_main_2[1]
 134  008A  390A        	snz z
 134  008B  2800     R  	jmp _L33
 138  008C              #line 138 "C:\Users\SA\Desktop\robot_led\HT66F70A.c"
 138  008C              	fcall _clear
 139  0093              #line 139 "C:\Users\SA\Desktop\robot_led\HT66F70A.c"
 139  0093              	fcall _LED4
 140  009A              #line 140 "C:\Users\SA\Desktop\robot_led\HT66F70A.c"
 140  009A              	fcall _LED9
 141  00A1              #line 141 "C:\Users\SA\Desktop\robot_led\HT66F70A.c"
 141  00A1              	fcall _shock
 141  00A8  2800     R  	jmp _L31
 141  00A9  2800     R  	jmp $
 141  00AA              _main endp
 141  00AA              
 141  00AA              @dummy endp
 141  00AA              
 141  00AA              #line 141 "C:\Users\SA\Desktop\robot_led\HT66F70A.c"
 141  00AA              #pragma debug scope 1 1
  19  00AA              #line 19 "C:\Users\SA\Desktop\robot_led\HT66F70A.c"
  19  00AA              public _string
  19  0000              @HCCINIT0_string .section 'data'
  19  0000  0006[       _string	db 6 dup(0)
            00
            ]
  19  0006              #pragma debug array 42 7 6 1
  19  0006              #pragma debug array 42 7 6 1
  19  0006              #pragma debug variable 42 1 _string "string"
  19  0006              
  19  0000              @HCCINIT .section 'data'
  19  0000              public _f
  19  0000              @HCCINIT	.section 'data'
  18  0000              #line 18 "C:\Users\SA\Desktop\robot_led\HT66F70A.c"
  18  0000              @HCCINIT_f .section 'data'
  18  0000              _f label byte
"File: HT66F70A.c    Assembler  Version HGASM0202      Page 11

  18  0000              #pragma debug variable 11 1 _f "f"
  18  0000              	db 0
  18  0000              @ROMDATA_BASE .section inpage 'code'
  18  0000              	db 0
  18  0001              @HCCINIT_f .section 'data'
  18  0001              	db 0
  18  0001              @ROMDATA_BASE .section inpage 'code'
  18  0001              	db 0
  18  0002              @HCCINIT_f .section 'data'
  18  0002              public _g
  18  0002              #line 18 "C:\Users\SA\Desktop\robot_led\HT66F70A.c"
  18  0000              @HCCINIT_g .section 'data'
  18  0000              _g label byte
  18  0000              #pragma debug variable 11 1 _g "g"
  18  0000              	db 0
  18  0001              @ROMDATA_BASE .section inpage 'code'
  18  0001              	db 0
  18  0001              @HCCINIT_g .section 'data'
  18  0001              	db 0
  18  0002              @ROMDATA_BASE .section inpage 'code'
  18  0002              	db 0
  18  0002              @HCCINIT_g .section 'data'
  18  0002              public _output1
  17  0002              #line 17 "C:\Users\SA\Desktop\robot_led\HT66F70A.c"
  17  0000              @HCCINIT_output1 .section 'data'
  17  0000              _output1 label byte
  17  0000              #pragma debug array 43 7 4 1
  17  0000              #pragma debug array 43 7 4 1
  17  0000              #pragma debug variable 43 1 _output1 "output1"
  17  0000              	db 48
  17  0002              @ROMDATA_BASE .section inpage 'code'
  17  0002              	db 48
  17  0001              @HCCINIT_output1 .section 'data'
  17  0001              	db 49
  17  0003              @ROMDATA_BASE .section inpage 'code'
  17  0003              	db 49
  17  0002              @HCCINIT_output1 .section 'data'
  17  0002              	db 0
  17  0003              @ROMDATA_BASE .section inpage 'code'
  17  0003              	db 0
  17  0003              @HCCINIT_output1 .section 'data'
  17  0003              	db 0
  17  0004              @ROMDATA_BASE .section inpage 'code'
  17  0004              	db 0
  17  0004              @HCCINIT_output1 .section 'data'
  17  0004              #pragma debug struct_end
  17  0004              #pragma debug struct_end
  17  0004              #pragma debug union_end
  17  0004              #pragma debug union_end
  17  0004              #pragma debug variable 45 1 ___pc "__pc" 1
  17  0004              #pragma debug struct_end
  17  0004              #pragma debug struct_end
  17  0004              #pragma debug union_end
  17  0004              #pragma debug union_end
  17  0004              #pragma debug variable 47 1 ___pcc "__pcc" 1
  17  0004              #pragma debug struct_end
  17  0004              #pragma debug struct_end
  17  0004              #pragma debug union_end
  17  0004              #pragma debug union_end
  17  0004              #pragma debug variable 49 1 ___pd "__pd" 1
"File: HT66F70A.c    Assembler  Version HGASM0202      Page 12

  17  0004              #pragma debug struct_end
  17  0004              #pragma debug struct_end
  17  0004              #pragma debug union_end
  17  0004              #pragma debug union_end
  17  0004              #pragma debug variable 51 1 ___pdc "__pdc" 1
  17  0004              #pragma debug struct_end
  17  0004              #pragma debug struct_end
  17  0004              #pragma debug union_end
  17  0004              #pragma debug union_end
  17  0004              #pragma debug variable 53 1 ___pg "__pg" 1
  17  0004              #pragma debug struct_end
  17  0004              #pragma debug struct_end
  17  0004              #pragma debug union_end
  17  0004              #pragma debug union_end
  17  0004              #pragma debug variable 55 1 ___pgc "__pgc" 1
  17  0004              #pragma debug struct_end
  17  0004              #pragma debug struct_end
  17  0004              #pragma debug union_end
  17  0004              #pragma debug union_end
  17  0004              #pragma debug variable 57 1 ___ph "__ph" 1
  17  0004              #pragma debug struct_end
  17  0004              #pragma debug struct_end
  17  0004              #pragma debug union_end
  17  0004              #pragma debug union_end
  17  0004              #pragma debug variable 59 1 ___phc "__phc" 1
  17  0004              #pragma debug struct_end
  17  0004              #pragma debug struct_end
  17  0004              #pragma debug union_end
  17  0004              #pragma debug union_end
  17  0004              #pragma debug variable 61 1 ___wdtc "__wdtc" 1
 113  0004              #line 113 "C:\Users\SA\Desktop\robot_led\HT66F70A.c"
 113  0000              @code .section at 0 'code'
 113  0000  1F0B        	clr bp
 113  0001  2800     R  	jmp _main_startup1
 113  0002              
 113  0002              extern _UART_init:near
 113  0002              extern _tx_string_2:byte
 113  0002              extern _tx_string:near
 113  0002              extern _PC_RX:near
 113  0002              
 113  0002              ; 
 113  0002              ; Generated by holtek-gcc v3.17, Tue Nov 14 15:13:15 2017
 113  0002              ; Rebuild 307
 113  0002              ; end of file


        0 Errors, 0