"File: HT66F70A.c    Assembler  Version HGASM0202      Page 1


   1  0000              ; Generated by holtek-gcc v3.13, Fri Nov 18 01:16:29 2016
   2  0000              ; 
   3  0000              ; Configuration:
   4  0000              ;       with long instruction
   5  0000              ;       Multi-ROM, Multi-RAM
   6  0000              ;       bits_per_rom_unit:16
   7  0000              ;       with mp1
   8  0000              ;       with tbhp, address(0x9)
   9  0000              ;          Use tabrd-const
  10  0000              ;       
  11  0000              ; SFR address of long-instruction arch:
  12  0000              ;    mp0 = -1,1,0
  13  0000              ;    mp1 = 4,3,2
  14  0000              ;    mp2 = 14,13,12
  15  0000              ;    tbp = 9,7,8
  16  0000              ;    acc = 5
  17  0000              ;    pcl = 6
  18  0000              ;    status = 10
  19  0000              ;    bp = 11
  20  0000              ;    intc = 48
  21  0000              ;       
  22  0000              ;       
  23  0000              ; use 'tabrdc' instead of 'tabrd'
  24  0000              ;       
  25  0000              
  26  0000              #pragma translator "holtek-gcc 4.6.4" "3.13" "build 20130711"
  27  0000              ; Rebuild 71
  28  0000              
  29  0000              ir equ [2]
  30  0000              mp equ [3]
  31  0000              sbp equ [4]
  32  0000              acc equ [5]
  33  0000              bp equ [11]
  34  0000              tblp equ [7]
  35  0000              tbhp equ [9]
  36  0000              status equ [10]
  37  0000              c equ [10].0
  38  0000              ac equ [10].1
  39  0000              z equ [10].2
  40  0000              ov equ [10].3
  41  0000              cz equ [10].6
  42  0000              sc equ [10].7
  43  0000              intc equ [48]
  44  0000              
  45  0000              extern ra:byte
  46  0000              extern rb:byte
  47  0000              extern rc:byte
  48  0000              extern rd:byte
  49  0000              extern re:byte
  50  0000              extern rf:byte
  51  0000              extern rg:byte
  52  0000              extern rh:byte
  53  0000              extern _Crom2Prom:near
  54  0000              extern _Crom2PromNext:near
  55  0000              @HCCINIT	.section 'data'
  56  0000              @HCCINIT0	.section 'data'
  57  0000              
  58  0000              #pragma debug scope 1 1
  59  0000              	extern __DELAY3:near
"File: HT66F70A.ASM  Assembler  Version HGASM0202      Page 2

  60  0000              	extern __DELAYX3:near
  61  0000              	extern __DELAYX6:near
  62  0000              	extern __DELAYY5:near
  63  0000              	extern __DELAYY3:near
  64  0000              	extern _builtin_holtek_delay_2:byte
  65  0000              public _Delayms
  66  0000              #pragma debug scope 2 1

  13  0000              #line 13 "C:\Users\ScarLet\Desktop\HT66F70A_震動\HT66F70A.c"
  13  0000              _Delayms .section 'code'
  13  0000              _Delayms proc
  13  0000              public _Delayms_2
  13  0000  0002[           local _Delayms_2 db 2 dup(?)	; 2,0
            00
            ]
  13  0002              #pragma debug variable 10 2 _Delayms_2+0 "del"
  15  0000              #line 15 "C:\Users\ScarLet\Desktop\HT66F70A_震動\HT66F70A.c"
  15  0000  1F00     E  	clr rb
  15  0001  1F00     E  	clr rc
  15  0002  2800     R  	jmp _L2
  15  0003              _L3:
  15  0003              #line 15 "C:\Users\ScarLet\Desktop\HT66F70A_震動\HT66F70A.c"
  15  0003              ;# 15 "C:\Users\ScarLet\Desktop\HT66F70A_震動\HT66F70A.c" 1
  15  0003              	IF 2000>263690
  15  0003              ;# 15 "C:\Users\ScarLet\Desktop\HT66F70A_震動\HT66F70A.c" 1
  15  0003              	ERRMESSAGE 'the value 2000of the argument exceeds the maxinum 263690'
  15  0003              	ENDIF
  15  0003              ;# 15 "C:\Users\ScarLet\Desktop\HT66F70A_震動\HT66F70A.c" 1
  15  0003              	IF 2000<0
  15  0003              ;# 15 "C:\Users\ScarLet\Desktop\HT66F70A_震動\HT66F70A.c" 1
  15  0003              	ERRMESSAGE 'the value 2000 of the argument exceeds the mininum 0'
  15  0003              	ENDIF
  15  0003              ;# 15 "C:\Users\ScarLet\Desktop\HT66F70A_震動\HT66F70A.c" 1
  15  0003              	IF 2000==0
  15  0003              ;# 15 "C:\Users\ScarLet\Desktop\HT66F70A_震動\HT66F70A.c" 1
  15  0003              	JMP $
  15  0003              	ENDIF
  15  0003              ;# 15 "C:\Users\ScarLet\Desktop\HT66F70A_震動\HT66F70A.c" 1
  15  0003              	IF (2000>=1) AND (2000<( 4 + __PBP__ * 2))
  15  0003              ;# 15 "C:\Users\ScarLet\Desktop\HT66F70A_震動\HT66F70A.c" 1
  15  0003              	NOP
  15  0003              	ENDIF
  15  0003              ;# 15 "C:\Users\ScarLet\Desktop\HT66F70A_震動\HT66F70A.c" 1
  15  0003              	IF (2000>=2) AND (2000<( 4 + __PBP__ * 2))
  15  0003              ;# 15 "C:\Users\ScarLet\Desktop\HT66F70A_震動\HT66F70A.c" 1
  15  0003              	NOP
  15  0003              	ENDIF
  15  0003              ;# 15 "C:\Users\ScarLet\Desktop\HT66F70A_震動\HT66F70A.c" 1
  15  0003              	IF (2000>=3) AND (2000<( 4 + __PBP__ * 2))
  15  0003              ;# 15 "C:\Users\ScarLet\Desktop\HT66F70A_震動\HT66F70A.c" 1
  15  0003              	NOP
  15  0003              	ENDIF
  15  0003              ;# 15 "C:\Users\ScarLet\Desktop\HT66F70A_震動\HT66F70A.c" 1
  15  0003              	IF (2000>=4) AND (2000<( 4 + __PBP__ * 2)) AND ( __PBP__ > 0 )
  15  0003              ;# 15 "C:\Users\ScarLet\Desktop\HT66F70A_震動\HT66F70A.c" 1
  15  0003              	NOP
  15  0003              	ENDIF
  15  0003              ;# 15 "C:\Users\ScarLet\Desktop\HT66F70A_震動\HT66F70A.c" 1
  15  0003              	IF (2000>=5) AND (2000<( 4 + __PBP__ * 2)) AND ( __PBP__ > 0 )
  15  0003              ;# 15 "C:\Users\ScarLet\Desktop\HT66F70A_震動\HT66F70A.c" 1
"File: HT66F70A.c    Assembler  Version HGASM0202      Page 3

  15  0003              	NOP
  15  0003              	ENDIF
  15  0003              ;# 15 "C:\Users\ScarLet\Desktop\HT66F70A_震動\HT66F70A.c" 1
  15  0003              	IF (2000>=6) AND (2000<( 4 + __PBP__ * 2))  AND ( __PBP__ > 1 )
  15  0003              ;# 15 "C:\Users\ScarLet\Desktop\HT66F70A_震動\HT66F70A.c" 1
  15  0003              	NOP
  15  0003              	ENDIF
  15  0003              ;# 15 "C:\Users\ScarLet\Desktop\HT66F70A_震動\HT66F70A.c" 1
  15  0003              	IF (2000>=7) AND (2000<( 4 + __PBP__ * 2))  AND ( __PBP__ > 1 )
  15  0003              ;# 15 "C:\Users\ScarLet\Desktop\HT66F70A_震動\HT66F70A.c" 1
  15  0003              	NOP
  15  0003              	ENDIF
  15  0003              ;# 15 "C:\Users\ScarLet\Desktop\HT66F70A_震動\HT66F70A.c" 1
  15  0003              	IF (2000>=8) AND (2000<( 4 + __PBP__ * 2))  AND ( __PBP__ > 2 )
  15  0003              ;# 15 "C:\Users\ScarLet\Desktop\HT66F70A_震動\HT66F70A.c" 1
  15  0003              	NOP
  15  0003              	ENDIF
  15  0003              ;# 15 "C:\Users\ScarLet\Desktop\HT66F70A_震動\HT66F70A.c" 1
  15  0003              	IF (2000==9)  AND ( __PBP__ > 2 )
  15  0003              ;# 15 "C:\Users\ScarLet\Desktop\HT66F70A_震動\HT66F70A.c" 1
  15  0003              	NOP
  15  0003              	ENDIF
  15  0003              ;# 15 "C:\Users\ScarLet\Desktop\HT66F70A_震動\HT66F70A.c" 1
  15  0003              	IF (2000< ( 8 + __PBP__ * 2)) AND (2000>( 3 + __PBP__ * 2))
  15  0003              ;# 15 "C:\Users\ScarLet\Desktop\HT66F70A_震動\HT66F70A.c" 1
  15  0003              	fcall __DELAY3 + ( 7 + __PBP__ * 2) -2000
  15  0003              	ENDIF
  15  0003              ;# 15 "C:\Users\ScarLet\Desktop\HT66F70A_震動\HT66F70A.c" 1
  15  0003              	IF (2000< ( 0404h + __PBP__ * 2)) AND (2000>( 7 + __PBP__ * 2))
  15  0003              ;# 15 "C:\Users\ScarLet\Desktop\HT66F70A_震動\HT66F70A.c" 1
  15  0003              	MOV A,(2000-( 4 + __PBP__ * 2))/4
  15  0003              ;# 15 "C:\Users\ScarLet\Desktop\HT66F70A_震動\HT66F70A.c" 1
  15  0003              	fcall __DELAYX3 + 3 -((2000-( 4 + __PBP__ * 2)) MOD 4) 
  15  0003              	ENDIF
  15  0003              ;# 15 "C:\Users\ScarLet\Desktop\HT66F70A_震動\HT66F70A.c" 1
  15  0003              	IF (2000< ( 040bh + __PBP__ * 2)) AND (2000> ( 0403h + __PBP__ * 2))
  15  0003              ;# 15 "C:\Users\ScarLet\Desktop\HT66F70A_震動\HT66F70A.c" 1
  15  0003              	MOV A,0 
  15  0003              ;# 15 "C:\Users\ScarLet\Desktop\HT66F70A_震動\HT66F70A.c" 1
  15  0003              	fcall __DELAYX6 + ( 040ah + __PBP__ * 2) -2000
  15  0003              	ENDIF
  15  0003              ;# 15 "C:\Users\ScarLet\Desktop\HT66F70A_震動\HT66F70A.c" 1
  15  0003              	IF (2000 >= ( 040bh + __PBP__ * 2)) AND ((((2000-( 9 + __PBP__ * 2))%0402h)/4+1)>256)
  15  0003              ;# 15 "C:\Users\ScarLet\Desktop\HT66F70A_震動\HT66F70A.c" 1
  15  0003              	MOV A,(2000-( 9 + __PBP__ * 2))/0402h
  15  0003              ;# 15 "C:\Users\ScarLet\Desktop\HT66F70A_震動\HT66F70A.c" 1
  15  0003              	MOV _builtin_holtek_delay_2,A
  15  0003              ;# 15 "C:\Users\ScarLet\Desktop\HT66F70A_震動\HT66F70A.c" 1
  15  0003              	MOV A,0
  15  0003              ;# 15 "C:\Users\ScarLet\Desktop\HT66F70A_震動\HT66F70A.c" 1
  15  0003              	fcall __DELAYY5 +5- (((2000-( 9 + __PBP__ * 2))%0402h)%6) 
  15  0003              	ENDIF
  15  0003              ;# 15 "C:\Users\ScarLet\Desktop\HT66F70A_震動\HT66F70A.c" 1
  15  0003              	IF (2000 >= ( 040bh + __PBP__ * 2)) AND ((((2000-( 9 + __PBP__ * 2))%0402h)/4+1)<=256)
  15  0003              ;# 15 "C:\Users\ScarLet\Desktop\HT66F70A_震動\HT66F70A.c" 1
  15  0003  0F01        	MOV A,(2000-( 9 + __PBP__ * 2))/0402h
  15  0004              ;# 15 "C:\Users\ScarLet\Desktop\HT66F70A_震動\HT66F70A.c" 1
  15  0004  0080     E  	MOV _builtin_holtek_delay_2,A
  15  0005              ;# 15 "C:\Users\ScarLet\Desktop\HT66F70A_震動\HT66F70A.c" 1
  15  0005  0FF1        	MOV A,((2000-( 9 + __PBP__ * 2))%0402h)/4+1
"File: HT66F70A.c    Assembler  Version HGASM0202      Page 4

  15  0006              ;# 15 "C:\Users\ScarLet\Desktop\HT66F70A_震動\HT66F70A.c" 1
  15  0006              	fcall __DELAYY3 +3-(((2000-( 9 + __PBP__ * 2))%0402h)%4) 
  15  000D              	ENDIF
  15  000D  1480     E  	inc rb
  15  000E  3D0A        	sz z
  15  000F  1480     E  	inc rc
  15  0010              _L2:
  15  0010  0700     E  	mov a,rb
  15  0011  0200     R  	sub a,_Delayms_2[0]
  15  0012  0700     E  	mov a,rc
  15  0013  1200     R  	sbc a,_Delayms_2[1]
  15  0014  3B0A        	snz cz
  15  0015  2800     R  	jmp _L3
  15  0016  0003        	ret
  15  0017              _Delayms endp
  15  0017              #line 15 "C:\Users\ScarLet\Desktop\HT66F70A_震動\HT66F70A.c"
  15  0017              #pragma debug scope 1 1
  15  0017              ___pcpu equ [25]
  15  0017              ___pcc equ [27]
  15  0017              public _GPIO_init
  15  0017              #pragma debug scope 3 1
  18  0017              #line 18 "C:\Users\ScarLet\Desktop\HT66F70A_震動\HT66F70A.c"
  18  0000              _GPIO_init .section 'code'
  18  0000              _GPIO_init proc
  19  0000              #line 19 "C:\Users\ScarLet\Desktop\HT66F70A_震動\HT66F70A.c"
  19  0000  3099        	set [25].1
  20  0001              #line 20 "C:\Users\ScarLet\Desktop\HT66F70A_震動\HT66F70A.c"
  20  0001  309B        	set [27].1
  20  0002  0003        	ret
  20  0003              _GPIO_init endp
  20  0003              #line 20 "C:\Users\ScarLet\Desktop\HT66F70A_震動\HT66F70A.c"
  20  0003              #pragma debug scope 1 1
  20  0003              ___wdtc equ [62]
  20  0003              ___pdc equ [31]
  20  0003              public _main
  20  0003              #pragma debug scope 4 1
  23  0003              #line 23 "C:\Users\ScarLet\Desktop\HT66F70A_震動\HT66F70A.c"
  23  0003              IFDEF WITH_DEFAULT_STARTUP
  23  0003              extern _main_initial0:near
  23  0003              extern _main_startup:near
  23  0003              ENDIF
  23  0003              
  23  0003              ROMBANK 0 @start
  23  0000              @start .section com_l 'code'
  23  0000              _main_startup1:
  23  0000              @start .section com_e 'code'
  23  0000  0F00     R  	mov a,bank _main
  23  0001  008B        	mov bp,a
  23  0002  2800     R  	jmp _main
  23  0003              
  23  0000              _main .section 'code'
  23  0000              _main proc
  25  0000              #line 25 "C:\Users\ScarLet\Desktop\HT66F70A_震動\HT66F70A.c"
  25  0000  0FAF        	mov a,175
  25  0001  00BE        	mov [62],a
  26  0002              #line 26 "C:\Users\ScarLet\Desktop\HT66F70A_震動\HT66F70A.c"
  26  0002              	fcall _UART_init
  27  0009              #line 27 "C:\Users\ScarLet\Desktop\HT66F70A_震動\HT66F70A.c"
  27  0009              	fcall _GPIO_init
  28  0010              #line 28 "C:\Users\ScarLet\Desktop\HT66F70A_震動\HT66F70A.c"
"File: HT66F70A.c    Assembler  Version HGASM0202      Page 5

  28  0010  341F        	clr [31].0
  28  0011              _L9:
  28  0011              #pragma debug scope 5 4
  28  0011              ;begin block, line: 28.-1
  32  0011              #line 32 "C:\Users\ScarLet\Desktop\HT66F70A_震動\HT66F70A.c"
  32  0011              	fcall _PC_RX
  32  0018  0700     E  	mov a,ra
  32  0019  0C44        	xor a,68
  32  001A  0500     E  	or a,rb
  32  001B  390A        	snz z
  32  001C  2800     R  	jmp _L7
  33  001D              #line 33 "C:\Users\ScarLet\Desktop\HT66F70A_震動\HT66F70A.c"
  33  001D  301F        	set [31].0
  33  001E              _L7:
  35  001E              #line 35 "C:\Users\ScarLet\Desktop\HT66F70A_震動\HT66F70A.c"
  35  001E              	fcall _PC_RX
  35  0025  0700     E  	mov a,ra
  35  0026  0C55        	xor a,85
  35  0027  0500     E  	or a,rb
  35  0028  390A        	snz z
  35  0029  2800     R  	jmp _L8
  36  002A              #line 36 "C:\Users\ScarLet\Desktop\HT66F70A_震動\HT66F70A.c"
  36  002A  341F        	clr [31].0
  36  002B              _L8:
  54  002B              #line 54 "C:\Users\ScarLet\Desktop\HT66F70A_震動\HT66F70A.c"
  54  002B  0FD0        	mov a,-48
  54  002C  0080     R  	mov _Delayms_2[0],a
  54  002D  0F07        	mov a,7
  54  002E  0080     R  	mov _Delayms_2[1],a
  54  002F              	fcall _Delayms
  54  0036              #pragma debug scope 4 1
  55  0036              #line 55 "C:\Users\ScarLet\Desktop\HT66F70A_震動\HT66F70A.c"
  55  0036  2800     R  	jmp _L9
  55  0037  2800     R  	jmp $
  55  0038              _main endp
  55  0038              
  55  0038              @dummy endp
  55  0038              
  55  0038              #line 55 "C:\Users\ScarLet\Desktop\HT66F70A_震動\HT66F70A.c"
  55  0038              #pragma debug scope 1 1
  55  0038              public _output1
  55  0000              @HCCINIT	.section 'data'
  10  0000              #line 10 "C:\Users\ScarLet\Desktop\HT66F70A_震動\HT66F70A.c"
  10  0000              @HCCINIT_output1 .section 'data'
  10  0000              _output1 label byte
  10  0000              #pragma debug array 42 7 4 1
  10  0000              #pragma debug array 42 7 4 1
  10  0000              #pragma debug variable 42 1 _output1 "output1"
  10  0000              	db 48
  10  0000              @ROMDATA_BASE .section inpage 'code'
  10  0000              	db 48
  10  0001              @HCCINIT_output1 .section 'data'
  10  0001              	db 49
  10  0001              @ROMDATA_BASE .section inpage 'code'
  10  0001              	db 49
  10  0002              @HCCINIT_output1 .section 'data'
  10  0002              	db 0
  10  0001              @ROMDATA_BASE .section inpage 'code'
  10  0001              	db 0
  10  0003              @HCCINIT_output1 .section 'data'
"File: HT66F70A.c    Assembler  Version HGASM0202      Page 6

  10  0003              	db 0
  10  0002              @ROMDATA_BASE .section inpage 'code'
  10  0002              	db 0
  10  0004              @HCCINIT_output1 .section 'data'
  10  0004              #pragma debug struct_end
  10  0004              #pragma debug struct_end
  10  0004              #pragma debug union_end
  10  0004              #pragma debug union_end
  10  0004              #pragma debug variable 44 1 ___pcpu "__pcpu" 1
  10  0004              #pragma debug struct_end
  10  0004              #pragma debug struct_end
  10  0004              #pragma debug union_end
  10  0004              #pragma debug union_end
  10  0004              #pragma debug variable 46 1 ___pcc "__pcc" 1
  10  0004              #pragma debug struct_end
  10  0004              #pragma debug struct_end
  10  0004              #pragma debug union_end
  10  0004              #pragma debug union_end
  10  0004              #pragma debug variable 48 1 ___pdc "__pdc" 1
  10  0004              #pragma debug struct_end
  10  0004              #pragma debug struct_end
  10  0004              #pragma debug union_end
  10  0004              #pragma debug union_end
  10  0004              #pragma debug variable 50 1 ___wdtc "__wdtc" 1
  23  0004              #line 23 "C:\Users\ScarLet\Desktop\HT66F70A_震動\HT66F70A.c"
  23  0000              @code .section at 0 'code'
  23  0000  1F0B        	clr bp
  23  0001  2800     R  	jmp _main_startup1
  23  0002              
  23  0002              extern _UART_init:near
  23  0002              extern _PC_RX:near
  23  0002              
  23  0002              ; 
  23  0002              ; Generated by holtek-gcc v3.13, Fri Nov 18 01:16:29 2016
  23  0002              ; Rebuild 71
  23  0002              ; end of file


        0 Errors, 0