"File: UART.c        Assembler  Version HGASM0202      Page 1


   1  0000              ; Generated by holtek-gcc v3.13, Fri Nov 18 01:16:29 2016
   2  0000              ; 
   3  0000              ; Configuration:
   4  0000              ;       with long instruction
   5  0000              ;       Multi-ROM, Multi-RAM
   6  0000              ;       bits_per_rom_unit:16
   7  0000              ;       with mp1
   8  0000              ;       with tbhp, address(0x9)
   9  0000              ;          Use tabrd-const
  10  0000              ;       
  11  0000              ; SFR address of long-instruction arch:
  12  0000              ;    mp0 = -1,1,0
  13  0000              ;    mp1 = 4,3,2
  14  0000              ;    mp2 = 14,13,12
  15  0000              ;    tbp = 9,7,8
  16  0000              ;    acc = 5
  17  0000              ;    pcl = 6
  18  0000              ;    status = 10
  19  0000              ;    bp = 11
  20  0000              ;    intc = 48
  21  0000              ;       
  22  0000              ;       
  23  0000              ; use 'tabrdc' instead of 'tabrd'
  24  0000              ;       
  25  0000              
  26  0000              #pragma translator "holtek-gcc 4.6.4" "3.13" "build 20130711"
  27  0000              ; Rebuild 71
  28  0000              
  29  0000              ir equ [2]
  30  0000              mp equ [3]
  31  0000              sbp equ [4]
  32  0000              acc equ [5]
  33  0000              bp equ [11]
  34  0000              tblp equ [7]
  35  0000              tbhp equ [9]
  36  0000              status equ [10]
  37  0000              c equ [10].0
  38  0000              ac equ [10].1
  39  0000              z equ [10].2
  40  0000              ov equ [10].3
  41  0000              cz equ [10].6
  42  0000              sc equ [10].7
  43  0000              intc equ [48]
  44  0000              
  45  0000              extern ra:byte
  46  0000              extern rb:byte
  47  0000              extern rc:byte
  48  0000              extern rd:byte
  49  0000              extern re:byte
  50  0000              extern rf:byte
  51  0000              extern rg:byte
  52  0000              extern rh:byte
  53  0000              extern _Crom2Prom:near
  54  0000              extern _Crom2PromNext:near
  55  0000              @HCCINIT	.section 'data'
  56  0000              @HCCINIT0	.section 'data'
  57  0000              
  58  0000              #pragma debug scope 1 1
  59  0000              	extern __DELAY3:near
"File: UART.ASM      Assembler  Version HGASM0202      Page 2

  60  0000              	extern __DELAYX3:near
  61  0000              	extern __DELAYX6:near
  62  0000              	extern __DELAYY5:near
  63  0000              	extern __DELAYY3:near
  64  0000              	extern _builtin_holtek_delay_2:byte
  65  0000              ___pcc equ [27]
  66  0000              public _UART_init
  67  0000              #pragma debug scope 2 1

  16  0000              #line 16 "C:\Users\ScarLet\Desktop\HT66F70A_震動\UART.c"
  16  0000              _UART_init .section 'code'
  16  0000              _UART_init proc
  17  0000              #line 17 "C:\Users\ScarLet\Desktop\HT66F70A_震動\UART.c"
  17  0000  341B        	clr [27].0
  18  0001              #line 18 "C:\Users\ScarLet\Desktop\HT66F70A_震動\UART.c"
  18  0001  309B        	set [27].1
  18  0002  0003        	ret
  18  0003              _UART_init endp
  18  0003              #line 18 "C:\Users\ScarLet\Desktop\HT66F70A_震動\UART.c"
  18  0003              #pragma debug scope 1 1
  18  0003              ___pc equ [26]
  18  0003              public _PC_RX
  18  0003              #pragma debug scope 3 1
  22  0003              #line 22 "C:\Users\ScarLet\Desktop\HT66F70A_震動\UART.c"
  22  0000              _PC_RX .section 'code'
  22  0000              _PC_RX proc
  22  0000              _L4:
  24  0000              #line 24 "C:\Users\ScarLet\Desktop\HT66F70A_震動\UART.c"
  24  0000  3C9A        	sz [26].1
  24  0001  2800     R  	jmp _L4
  25  0002              #line 25 "C:\Users\ScarLet\Desktop\HT66F70A_震動\UART.c"
  25  0002              ;# 25 "C:\Users\ScarLet\Desktop\HT66F70A_震動\UART.c" 1
  25  0002              	IF 208>263690
  25  0002              ;# 25 "C:\Users\ScarLet\Desktop\HT66F70A_震動\UART.c" 1
  25  0002              	ERRMESSAGE 'the value 208of the argument exceeds the maxinum 263690'
  25  0002              	ENDIF
  25  0002              ;# 25 "C:\Users\ScarLet\Desktop\HT66F70A_震動\UART.c" 1
  25  0002              	IF 208<0
  25  0002              ;# 25 "C:\Users\ScarLet\Desktop\HT66F70A_震動\UART.c" 1
  25  0002              	ERRMESSAGE 'the value 208 of the argument exceeds the mininum 0'
  25  0002              	ENDIF
  25  0002              ;# 25 "C:\Users\ScarLet\Desktop\HT66F70A_震動\UART.c" 1
  25  0002              	IF 208==0
  25  0002              ;# 25 "C:\Users\ScarLet\Desktop\HT66F70A_震動\UART.c" 1
  25  0002              	JMP $
  25  0002              	ENDIF
  25  0002              ;# 25 "C:\Users\ScarLet\Desktop\HT66F70A_震動\UART.c" 1
  25  0002              	IF (208>=1) AND (208<( 4 + __PBP__ * 2))
  25  0002              ;# 25 "C:\Users\ScarLet\Desktop\HT66F70A_震動\UART.c" 1
  25  0002              	NOP
  25  0002              	ENDIF
  25  0002              ;# 25 "C:\Users\ScarLet\Desktop\HT66F70A_震動\UART.c" 1
  25  0002              	IF (208>=2) AND (208<( 4 + __PBP__ * 2))
  25  0002              ;# 25 "C:\Users\ScarLet\Desktop\HT66F70A_震動\UART.c" 1
  25  0002              	NOP
  25  0002              	ENDIF
  25  0002              ;# 25 "C:\Users\ScarLet\Desktop\HT66F70A_震動\UART.c" 1
  25  0002              	IF (208>=3) AND (208<( 4 + __PBP__ * 2))
  25  0002              ;# 25 "C:\Users\ScarLet\Desktop\HT66F70A_震動\UART.c" 1
  25  0002              	NOP
"File: UART.c        Assembler  Version HGASM0202      Page 3

  25  0002              	ENDIF
  25  0002              ;# 25 "C:\Users\ScarLet\Desktop\HT66F70A_震動\UART.c" 1
  25  0002              	IF (208>=4) AND (208<( 4 + __PBP__ * 2)) AND ( __PBP__ > 0 )
  25  0002              ;# 25 "C:\Users\ScarLet\Desktop\HT66F70A_震動\UART.c" 1
  25  0002              	NOP
  25  0002              	ENDIF
  25  0002              ;# 25 "C:\Users\ScarLet\Desktop\HT66F70A_震動\UART.c" 1
  25  0002              	IF (208>=5) AND (208<( 4 + __PBP__ * 2)) AND ( __PBP__ > 0 )
  25  0002              ;# 25 "C:\Users\ScarLet\Desktop\HT66F70A_震動\UART.c" 1
  25  0002              	NOP
  25  0002              	ENDIF
  25  0002              ;# 25 "C:\Users\ScarLet\Desktop\HT66F70A_震動\UART.c" 1
  25  0002              	IF (208>=6) AND (208<( 4 + __PBP__ * 2))  AND ( __PBP__ > 1 )
  25  0002              ;# 25 "C:\Users\ScarLet\Desktop\HT66F70A_震動\UART.c" 1
  25  0002              	NOP
  25  0002              	ENDIF
  25  0002              ;# 25 "C:\Users\ScarLet\Desktop\HT66F70A_震動\UART.c" 1
  25  0002              	IF (208>=7) AND (208<( 4 + __PBP__ * 2))  AND ( __PBP__ > 1 )
  25  0002              ;# 25 "C:\Users\ScarLet\Desktop\HT66F70A_震動\UART.c" 1
  25  0002              	NOP
  25  0002              	ENDIF
  25  0002              ;# 25 "C:\Users\ScarLet\Desktop\HT66F70A_震動\UART.c" 1
  25  0002              	IF (208>=8) AND (208<( 4 + __PBP__ * 2))  AND ( __PBP__ > 2 )
  25  0002              ;# 25 "C:\Users\ScarLet\Desktop\HT66F70A_震動\UART.c" 1
  25  0002              	NOP
  25  0002              	ENDIF
  25  0002              ;# 25 "C:\Users\ScarLet\Desktop\HT66F70A_震動\UART.c" 1
  25  0002              	IF (208==9)  AND ( __PBP__ > 2 )
  25  0002              ;# 25 "C:\Users\ScarLet\Desktop\HT66F70A_震動\UART.c" 1
  25  0002              	NOP
  25  0002              	ENDIF
  25  0002              ;# 25 "C:\Users\ScarLet\Desktop\HT66F70A_震動\UART.c" 1
  25  0002              	IF (208< ( 8 + __PBP__ * 2)) AND (208>( 3 + __PBP__ * 2))
  25  0002              ;# 25 "C:\Users\ScarLet\Desktop\HT66F70A_震動\UART.c" 1
  25  0002              	fcall __DELAY3 + ( 7 + __PBP__ * 2) -208
  25  0002              	ENDIF
  25  0002              ;# 25 "C:\Users\ScarLet\Desktop\HT66F70A_震動\UART.c" 1
  25  0002              	IF (208< ( 0404h + __PBP__ * 2)) AND (208>( 7 + __PBP__ * 2))
  25  0002              ;# 25 "C:\Users\ScarLet\Desktop\HT66F70A_震動\UART.c" 1
  25  0002  0F32        	MOV A,(208-( 4 + __PBP__ * 2))/4
  25  0003              ;# 25 "C:\Users\ScarLet\Desktop\HT66F70A_震動\UART.c" 1
  25  0003              	fcall __DELAYX3 + 3 -((208-( 4 + __PBP__ * 2)) MOD 4) 
  25  000A              	ENDIF
  25  000A              ;# 25 "C:\Users\ScarLet\Desktop\HT66F70A_震動\UART.c" 1
  25  000A              	IF (208< ( 040bh + __PBP__ * 2)) AND (208> ( 0403h + __PBP__ * 2))
  25  000A              ;# 25 "C:\Users\ScarLet\Desktop\HT66F70A_震動\UART.c" 1
  25  000A              	MOV A,0 
  25  000A              ;# 25 "C:\Users\ScarLet\Desktop\HT66F70A_震動\UART.c" 1
  25  000A              	fcall __DELAYX6 + ( 040ah + __PBP__ * 2) -208
  25  000A              	ENDIF
  25  000A              ;# 25 "C:\Users\ScarLet\Desktop\HT66F70A_震動\UART.c" 1
  25  000A              	IF (208 >= ( 040bh + __PBP__ * 2)) AND ((((208-( 9 + __PBP__ * 2))%0402h)/4+1)>256)
  25  000A              ;# 25 "C:\Users\ScarLet\Desktop\HT66F70A_震動\UART.c" 1
  25  000A              	MOV A,(208-( 9 + __PBP__ * 2))/0402h
  25  000A              ;# 25 "C:\Users\ScarLet\Desktop\HT66F70A_震動\UART.c" 1
  25  000A              	MOV _builtin_holtek_delay_2,A
  25  000A              ;# 25 "C:\Users\ScarLet\Desktop\HT66F70A_震動\UART.c" 1
  25  000A              	MOV A,0
  25  000A              ;# 25 "C:\Users\ScarLet\Desktop\HT66F70A_震動\UART.c" 1
  25  000A              	fcall __DELAYY5 +5- (((208-( 9 + __PBP__ * 2))%0402h)%6) 
"File: UART.c        Assembler  Version HGASM0202      Page 4

  25  000A              	ENDIF
  25  000A              ;# 25 "C:\Users\ScarLet\Desktop\HT66F70A_震動\UART.c" 1
  25  000A              	IF (208 >= ( 040bh + __PBP__ * 2)) AND ((((208-( 9 + __PBP__ * 2))%0402h)/4+1)<=256)
  25  000A              ;# 25 "C:\Users\ScarLet\Desktop\HT66F70A_震動\UART.c" 1
  25  000A              	MOV A,(208-( 9 + __PBP__ * 2))/0402h
  25  000A              ;# 25 "C:\Users\ScarLet\Desktop\HT66F70A_震動\UART.c" 1
  25  000A              	MOV _builtin_holtek_delay_2,A
  25  000A              ;# 25 "C:\Users\ScarLet\Desktop\HT66F70A_震動\UART.c" 1
  25  000A              	MOV A,((208-( 9 + __PBP__ * 2))%0402h)/4+1
  25  000A              ;# 25 "C:\Users\ScarLet\Desktop\HT66F70A_震動\UART.c" 1
  25  000A              	fcall __DELAYY3 +3-(((208-( 9 + __PBP__ * 2))%0402h)%4) 
  25  000A              	ENDIF
  26  000A              #line 26 "C:\Users\ScarLet\Desktop\HT66F70A_震動\UART.c"
  26  000A              ;# 26 "C:\Users\ScarLet\Desktop\HT66F70A_震動\UART.c" 1
  26  000A              	IF 208/2>263690
  26  000A              ;# 26 "C:\Users\ScarLet\Desktop\HT66F70A_震動\UART.c" 1
  26  000A              	ERRMESSAGE 'the value 208/2of the argument exceeds the maxinum 263690'
  26  000A              	ENDIF
  26  000A              ;# 26 "C:\Users\ScarLet\Desktop\HT66F70A_震動\UART.c" 1
  26  000A              	IF 208/2<0
  26  000A              ;# 26 "C:\Users\ScarLet\Desktop\HT66F70A_震動\UART.c" 1
  26  000A              	ERRMESSAGE 'the value 208/2 of the argument exceeds the mininum 0'
  26  000A              	ENDIF
  26  000A              ;# 26 "C:\Users\ScarLet\Desktop\HT66F70A_震動\UART.c" 1
  26  000A              	IF 208/2==0
  26  000A              ;# 26 "C:\Users\ScarLet\Desktop\HT66F70A_震動\UART.c" 1
  26  000A              	JMP $
  26  000A              	ENDIF
  26  000A              ;# 26 "C:\Users\ScarLet\Desktop\HT66F70A_震動\UART.c" 1
  26  000A              	IF (208/2>=1) AND (208/2<( 4 + __PBP__ * 2))
  26  000A              ;# 26 "C:\Users\ScarLet\Desktop\HT66F70A_震動\UART.c" 1
  26  000A              	NOP
  26  000A              	ENDIF
  26  000A              ;# 26 "C:\Users\ScarLet\Desktop\HT66F70A_震動\UART.c" 1
  26  000A              	IF (208/2>=2) AND (208/2<( 4 + __PBP__ * 2))
  26  000A              ;# 26 "C:\Users\ScarLet\Desktop\HT66F70A_震動\UART.c" 1
  26  000A              	NOP
  26  000A              	ENDIF
  26  000A              ;# 26 "C:\Users\ScarLet\Desktop\HT66F70A_震動\UART.c" 1
  26  000A              	IF (208/2>=3) AND (208/2<( 4 + __PBP__ * 2))
  26  000A              ;# 26 "C:\Users\ScarLet\Desktop\HT66F70A_震動\UART.c" 1
  26  000A              	NOP
  26  000A              	ENDIF
  26  000A              ;# 26 "C:\Users\ScarLet\Desktop\HT66F70A_震動\UART.c" 1
  26  000A              	IF (208/2>=4) AND (208/2<( 4 + __PBP__ * 2)) AND ( __PBP__ > 0 )
  26  000A              ;# 26 "C:\Users\ScarLet\Desktop\HT66F70A_震動\UART.c" 1
  26  000A              	NOP
  26  000A              	ENDIF
  26  000A              ;# 26 "C:\Users\ScarLet\Desktop\HT66F70A_震動\UART.c" 1
  26  000A              	IF (208/2>=5) AND (208/2<( 4 + __PBP__ * 2)) AND ( __PBP__ > 0 )
  26  000A              ;# 26 "C:\Users\ScarLet\Desktop\HT66F70A_震動\UART.c" 1
  26  000A              	NOP
  26  000A              	ENDIF
  26  000A              ;# 26 "C:\Users\ScarLet\Desktop\HT66F70A_震動\UART.c" 1
  26  000A              	IF (208/2>=6) AND (208/2<( 4 + __PBP__ * 2))  AND ( __PBP__ > 1 )
  26  000A              ;# 26 "C:\Users\ScarLet\Desktop\HT66F70A_震動\UART.c" 1
  26  000A              	NOP
  26  000A              	ENDIF
  26  000A              ;# 26 "C:\Users\ScarLet\Desktop\HT66F70A_震動\UART.c" 1
  26  000A              	IF (208/2>=7) AND (208/2<( 4 + __PBP__ * 2))  AND ( __PBP__ > 1 )
"File: UART.c        Assembler  Version HGASM0202      Page 5

  26  000A              ;# 26 "C:\Users\ScarLet\Desktop\HT66F70A_震動\UART.c" 1
  26  000A              	NOP
  26  000A              	ENDIF
  26  000A              ;# 26 "C:\Users\ScarLet\Desktop\HT66F70A_震動\UART.c" 1
  26  000A              	IF (208/2>=8) AND (208/2<( 4 + __PBP__ * 2))  AND ( __PBP__ > 2 )
  26  000A              ;# 26 "C:\Users\ScarLet\Desktop\HT66F70A_震動\UART.c" 1
  26  000A              	NOP
  26  000A              	ENDIF
  26  000A              ;# 26 "C:\Users\ScarLet\Desktop\HT66F70A_震動\UART.c" 1
  26  000A              	IF (208/2==9)  AND ( __PBP__ > 2 )
  26  000A              ;# 26 "C:\Users\ScarLet\Desktop\HT66F70A_震動\UART.c" 1
  26  000A              	NOP
  26  000A              	ENDIF
  26  000A              ;# 26 "C:\Users\ScarLet\Desktop\HT66F70A_震動\UART.c" 1
  26  000A              	IF (208/2< ( 8 + __PBP__ * 2)) AND (208/2>( 3 + __PBP__ * 2))
  26  000A              ;# 26 "C:\Users\ScarLet\Desktop\HT66F70A_震動\UART.c" 1
  26  000A              	fcall __DELAY3 + ( 7 + __PBP__ * 2) -208/2
  26  000A              	ENDIF
  26  000A              ;# 26 "C:\Users\ScarLet\Desktop\HT66F70A_震動\UART.c" 1
  26  000A              	IF (208/2< ( 0404h + __PBP__ * 2)) AND (208/2>( 7 + __PBP__ * 2))
  26  000A              ;# 26 "C:\Users\ScarLet\Desktop\HT66F70A_震動\UART.c" 1
  26  000A  0F18        	MOV A,(208/2-( 4 + __PBP__ * 2))/4
  26  000B              ;# 26 "C:\Users\ScarLet\Desktop\HT66F70A_震動\UART.c" 1
  26  000B              	fcall __DELAYX3 + 3 -((208/2-( 4 + __PBP__ * 2)) MOD 4) 
  26  0012              	ENDIF
  26  0012              ;# 26 "C:\Users\ScarLet\Desktop\HT66F70A_震動\UART.c" 1
  26  0012              	IF (208/2< ( 040bh + __PBP__ * 2)) AND (208/2> ( 0403h + __PBP__ * 2))
  26  0012              ;# 26 "C:\Users\ScarLet\Desktop\HT66F70A_震動\UART.c" 1
  26  0012              	MOV A,0 
  26  0012              ;# 26 "C:\Users\ScarLet\Desktop\HT66F70A_震動\UART.c" 1
  26  0012              	fcall __DELAYX6 + ( 040ah + __PBP__ * 2) -208/2
  26  0012              	ENDIF
  26  0012              ;# 26 "C:\Users\ScarLet\Desktop\HT66F70A_震動\UART.c" 1
  26  0012              	IF (208/2 >= ( 040bh + __PBP__ * 2)) AND ((((208/2-( 9 + __PBP__ * 2))%0402h)/4+1)>256)
  26  0012              ;# 26 "C:\Users\ScarLet\Desktop\HT66F70A_震動\UART.c" 1
  26  0012              	MOV A,(208/2-( 9 + __PBP__ * 2))/0402h
  26  0012              ;# 26 "C:\Users\ScarLet\Desktop\HT66F70A_震動\UART.c" 1
  26  0012              	MOV _builtin_holtek_delay_2,A
  26  0012              ;# 26 "C:\Users\ScarLet\Desktop\HT66F70A_震動\UART.c" 1
  26  0012              	MOV A,0
  26  0012              ;# 26 "C:\Users\ScarLet\Desktop\HT66F70A_震動\UART.c" 1
  26  0012              	fcall __DELAYY5 +5- (((208/2-( 9 + __PBP__ * 2))%0402h)%6) 
  26  0012              	ENDIF
  26  0012              ;# 26 "C:\Users\ScarLet\Desktop\HT66F70A_震動\UART.c" 1
  26  0012              	IF (208/2 >= ( 040bh + __PBP__ * 2)) AND ((((208/2-( 9 + __PBP__ * 2))%0402h)/4+1)<=256)
  26  0012              ;# 26 "C:\Users\ScarLet\Desktop\HT66F70A_震動\UART.c" 1
  26  0012              	MOV A,(208/2-( 9 + __PBP__ * 2))/0402h
  26  0012              ;# 26 "C:\Users\ScarLet\Desktop\HT66F70A_震動\UART.c" 1
  26  0012              	MOV _builtin_holtek_delay_2,A
  26  0012              ;# 26 "C:\Users\ScarLet\Desktop\HT66F70A_震動\UART.c" 1
  26  0012              	MOV A,((208/2-( 9 + __PBP__ * 2))%0402h)/4+1
  26  0012              ;# 26 "C:\Users\ScarLet\Desktop\HT66F70A_震動\UART.c" 1
  26  0012              	fcall __DELAYY3 +3-(((208/2-( 9 + __PBP__ * 2))%0402h)%4) 
  26  0012              	ENDIF
  26  0012  0F08        	mov a,8
  26  0013  0080     E  	mov rb,a
  23  0014              #line 23 "C:\Users\ScarLet\Desktop\HT66F70A_震動\UART.c"
  23  0014  1F00     E  	clr ra
  23  0015              _L7:
  29  0015              #line 29 "C:\Users\ScarLet\Desktop\HT66F70A_震動\UART.c"
"File: UART.c        Assembler  Version HGASM0202      Page 6

  29  0015  340A        	clr c
  29  0016  1B80     E  	rrc ra
  30  0017              #line 30 "C:\Users\ScarLet\Desktop\HT66F70A_震動\UART.c"
  30  0017  389A        	snz [26].1
  30  0018  2800     R  	jmp _L5
  30  0019  3000     E  	set ra.7
  30  001A              _L5:
  31  001A              #line 31 "C:\Users\ScarLet\Desktop\HT66F70A_震動\UART.c"
  31  001A              ;# 31 "C:\Users\ScarLet\Desktop\HT66F70A_震動\UART.c" 1
  31  001A              	IF 208-15>263690
  31  001A              ;# 31 "C:\Users\ScarLet\Desktop\HT66F70A_震動\UART.c" 1
  31  001A              	ERRMESSAGE 'the value 208-15of the argument exceeds the maxinum 263690'
  31  001A              	ENDIF
  31  001A              ;# 31 "C:\Users\ScarLet\Desktop\HT66F70A_震動\UART.c" 1
  31  001A              	IF 208-15<0
  31  001A              ;# 31 "C:\Users\ScarLet\Desktop\HT66F70A_震動\UART.c" 1
  31  001A              	ERRMESSAGE 'the value 208-15 of the argument exceeds the mininum 0'
  31  001A              	ENDIF
  31  001A              ;# 31 "C:\Users\ScarLet\Desktop\HT66F70A_震動\UART.c" 1
  31  001A              	IF 208-15==0
  31  001A              ;# 31 "C:\Users\ScarLet\Desktop\HT66F70A_震動\UART.c" 1
  31  001A              	JMP $
  31  001A              	ENDIF
  31  001A              ;# 31 "C:\Users\ScarLet\Desktop\HT66F70A_震動\UART.c" 1
  31  001A              	IF (208-15>=1) AND (208-15<( 4 + __PBP__ * 2))
  31  001A              ;# 31 "C:\Users\ScarLet\Desktop\HT66F70A_震動\UART.c" 1
  31  001A              	NOP
  31  001A              	ENDIF
  31  001A              ;# 31 "C:\Users\ScarLet\Desktop\HT66F70A_震動\UART.c" 1
  31  001A              	IF (208-15>=2) AND (208-15<( 4 + __PBP__ * 2))
  31  001A              ;# 31 "C:\Users\ScarLet\Desktop\HT66F70A_震動\UART.c" 1
  31  001A              	NOP
  31  001A              	ENDIF
  31  001A              ;# 31 "C:\Users\ScarLet\Desktop\HT66F70A_震動\UART.c" 1
  31  001A              	IF (208-15>=3) AND (208-15<( 4 + __PBP__ * 2))
  31  001A              ;# 31 "C:\Users\ScarLet\Desktop\HT66F70A_震動\UART.c" 1
  31  001A              	NOP
  31  001A              	ENDIF
  31  001A              ;# 31 "C:\Users\ScarLet\Desktop\HT66F70A_震動\UART.c" 1
  31  001A              	IF (208-15>=4) AND (208-15<( 4 + __PBP__ * 2)) AND ( __PBP__ > 0 )
  31  001A              ;# 31 "C:\Users\ScarLet\Desktop\HT66F70A_震動\UART.c" 1
  31  001A              	NOP
  31  001A              	ENDIF
  31  001A              ;# 31 "C:\Users\ScarLet\Desktop\HT66F70A_震動\UART.c" 1
  31  001A              	IF (208-15>=5) AND (208-15<( 4 + __PBP__ * 2)) AND ( __PBP__ > 0 )
  31  001A              ;# 31 "C:\Users\ScarLet\Desktop\HT66F70A_震動\UART.c" 1
  31  001A              	NOP
  31  001A              	ENDIF
  31  001A              ;# 31 "C:\Users\ScarLet\Desktop\HT66F70A_震動\UART.c" 1
  31  001A              	IF (208-15>=6) AND (208-15<( 4 + __PBP__ * 2))  AND ( __PBP__ > 1 )
  31  001A              ;# 31 "C:\Users\ScarLet\Desktop\HT66F70A_震動\UART.c" 1
  31  001A              	NOP
  31  001A              	ENDIF
  31  001A              ;# 31 "C:\Users\ScarLet\Desktop\HT66F70A_震動\UART.c" 1
  31  001A              	IF (208-15>=7) AND (208-15<( 4 + __PBP__ * 2))  AND ( __PBP__ > 1 )
  31  001A              ;# 31 "C:\Users\ScarLet\Desktop\HT66F70A_震動\UART.c" 1
  31  001A              	NOP
  31  001A              	ENDIF
  31  001A              ;# 31 "C:\Users\ScarLet\Desktop\HT66F70A_震動\UART.c" 1
  31  001A              	IF (208-15>=8) AND (208-15<( 4 + __PBP__ * 2))  AND ( __PBP__ > 2 )
"File: UART.c        Assembler  Version HGASM0202      Page 7

  31  001A              ;# 31 "C:\Users\ScarLet\Desktop\HT66F70A_震動\UART.c" 1
  31  001A              	NOP
  31  001A              	ENDIF
  31  001A              ;# 31 "C:\Users\ScarLet\Desktop\HT66F70A_震動\UART.c" 1
  31  001A              	IF (208-15==9)  AND ( __PBP__ > 2 )
  31  001A              ;# 31 "C:\Users\ScarLet\Desktop\HT66F70A_震動\UART.c" 1
  31  001A              	NOP
  31  001A              	ENDIF
  31  001A              ;# 31 "C:\Users\ScarLet\Desktop\HT66F70A_震動\UART.c" 1
  31  001A              	IF (208-15< ( 8 + __PBP__ * 2)) AND (208-15>( 3 + __PBP__ * 2))
  31  001A              ;# 31 "C:\Users\ScarLet\Desktop\HT66F70A_震動\UART.c" 1
  31  001A              	fcall __DELAY3 + ( 7 + __PBP__ * 2) -208-15
  31  001A              	ENDIF
  31  001A              ;# 31 "C:\Users\ScarLet\Desktop\HT66F70A_震動\UART.c" 1
  31  001A              	IF (208-15< ( 0404h + __PBP__ * 2)) AND (208-15>( 7 + __PBP__ * 2))
  31  001A              ;# 31 "C:\Users\ScarLet\Desktop\HT66F70A_震動\UART.c" 1
  31  001A  0F2E        	MOV A,(208-15-( 4 + __PBP__ * 2))/4
  31  001B              ;# 31 "C:\Users\ScarLet\Desktop\HT66F70A_震動\UART.c" 1
  31  001B              	fcall __DELAYX3 + 3 -((208-15-( 4 + __PBP__ * 2)) MOD 4) 
  31  0022              	ENDIF
  31  0022              ;# 31 "C:\Users\ScarLet\Desktop\HT66F70A_震動\UART.c" 1
  31  0022              	IF (208-15< ( 040bh + __PBP__ * 2)) AND (208-15> ( 0403h + __PBP__ * 2))
  31  0022              ;# 31 "C:\Users\ScarLet\Desktop\HT66F70A_震動\UART.c" 1
  31  0022              	MOV A,0 
  31  0022              ;# 31 "C:\Users\ScarLet\Desktop\HT66F70A_震動\UART.c" 1
  31  0022              	fcall __DELAYX6 + ( 040ah + __PBP__ * 2) -208-15
  31  0022              	ENDIF
  31  0022              ;# 31 "C:\Users\ScarLet\Desktop\HT66F70A_震動\UART.c" 1
  31  0022              	IF (208-15 >= ( 040bh + __PBP__ * 2)) AND ((((208-15-( 9 + __PBP__ * 2))%0402h)/4+1)>256)
  31  0022              ;# 31 "C:\Users\ScarLet\Desktop\HT66F70A_震動\UART.c" 1
  31  0022              	MOV A,(208-15-( 9 + __PBP__ * 2))/0402h
  31  0022              ;# 31 "C:\Users\ScarLet\Desktop\HT66F70A_震動\UART.c" 1
  31  0022              	MOV _builtin_holtek_delay_2,A
  31  0022              ;# 31 "C:\Users\ScarLet\Desktop\HT66F70A_震動\UART.c" 1
  31  0022              	MOV A,0
  31  0022              ;# 31 "C:\Users\ScarLet\Desktop\HT66F70A_震動\UART.c" 1
  31  0022              	fcall __DELAYY5 +5- (((208-15-( 9 + __PBP__ * 2))%0402h)%6) 
  31  0022              	ENDIF
  31  0022              ;# 31 "C:\Users\ScarLet\Desktop\HT66F70A_震動\UART.c" 1
  31  0022              	IF (208-15 >= ( 040bh + __PBP__ * 2)) AND ((((208-15-( 9 + __PBP__ * 2))%0402h)/4+1)<=256)
  31  0022              ;# 31 "C:\Users\ScarLet\Desktop\HT66F70A_震動\UART.c" 1
  31  0022              	MOV A,(208-15-( 9 + __PBP__ * 2))/0402h
  31  0022              ;# 31 "C:\Users\ScarLet\Desktop\HT66F70A_震動\UART.c" 1
  31  0022              	MOV _builtin_holtek_delay_2,A
  31  0022              ;# 31 "C:\Users\ScarLet\Desktop\HT66F70A_震動\UART.c" 1
  31  0022              	MOV A,((208-15-( 9 + __PBP__ * 2))%0402h)/4+1
  31  0022              ;# 31 "C:\Users\ScarLet\Desktop\HT66F70A_震動\UART.c" 1
  31  0022              	fcall __DELAYY3 +3-(((208-15-( 9 + __PBP__ * 2))%0402h)%4) 
  31  0022              	ENDIF
  31  0022  1780     E  	sdz rb
  31  0023  2800     R  	jmp _L7
  34  0024              #line 34 "C:\Users\ScarLet\Desktop\HT66F70A_震動\UART.c"
  34  0024  0700     E  	mov a,ra
  34  0025  0003        	ret
  34  0026              _PC_RX endp
  34  0026              #line 34 "C:\Users\ScarLet\Desktop\HT66F70A_震動\UART.c"
  34  0026              #pragma debug scope 1 1
  34  0026              public _rx_string
  34  0026              #pragma debug scope 4 1
  36  0026              #line 36 "C:\Users\ScarLet\Desktop\HT66F70A_震動\UART.c"
"File: UART.c        Assembler  Version HGASM0202      Page 8

  36  0000              _rx_string .section 'code'
  36  0000              _rx_string proc
  36  0000  0002[           local _rx_string_2 db 2 dup(?)	; 0,2
            00
            ]
  36  0002              #pragma debug variable 7 4 _rx_string_2+1 "w"
  36  0000  0F0A        	mov a,10
  36  0001  0080     R  	mov _rx_string_2[0],a
  38  0002              #line 38 "C:\Users\ScarLet\Desktop\HT66F70A_震動\UART.c"
  38  0002  1F00     R  	clr _rx_string_2[1]
  38  0003              _L14:
  40  0003              #line 40 "C:\Users\ScarLet\Desktop\HT66F70A_震動\UART.c"
  40  0003              	fcall _PC_RX
  40  000A  0080     E  	mov ra,a
  40  000B  3400     E  	clr ra.7
  40  000C  0700     R  	mov a,_rx_string_2[1]
  40  000D  0080     E  	mov rb,a
  40  000E  1F00     E  	clr rc
  40  000F  3F85        	sz acc.7
  40  0010  1F80     E  	set rc
  40  0011  0F00     R  	mov a,low offset _output
  40  0012  0300     E  	add a,rb
  40  0013  0083        	mov mp,a
  40  0014  0F00     R  	mov a,high offset _output
  40  0015  1300     E  	adc a,rc
  40  0016  0084        	mov sbp,a
  40  0017  0700     E  	mov a,ra
  40  0018  0082        	mov ir,a
  41  0019              #line 41 "C:\Users\ScarLet\Desktop\HT66F70A_震動\UART.c"
  41  0019  0700     E  	mov a,ra
  41  001A  0A0D        	sub a,13
  41  001B  3D0A        	sz z
  41  001C  2800     R  	jmp _L12
  38  001D              #line 38 "C:\Users\ScarLet\Desktop\HT66F70A_震動\UART.c"
  38  001D  1480     R  	inc _rx_string_2[1]
  38  001E  1780     R  	sdz _rx_string_2[0]
  38  001F  2800     R  	jmp _L14
  38  0020              _L12:
  38  0020  0003        	ret
  38  0021              _rx_string endp
  38  0021              #line 38 "C:\Users\ScarLet\Desktop\HT66F70A_震動\UART.c"
  38  0021              #pragma debug scope 1 1
  38  0021              public _PC_TX
  38  0021              #pragma debug scope 5 1
  45  0021              #line 45 "C:\Users\ScarLet\Desktop\HT66F70A_震動\UART.c"
  45  0000              _PC_TX .section 'code'
  45  0000              _PC_TX proc
  45  0000  00              local _PC_TX_2 db 1 dup(?)	; 0,1
  45  0000  0080     R  	mov _PC_TX_2[0],a
  45  0001              #pragma debug variable 7 5 _PC_TX_2+0 "da"
  48  0001              #line 48 "C:\Users\ScarLet\Desktop\HT66F70A_震動\UART.c"
  48  0001  341A        	clr [26].0
  48  0002              ;# 48 "C:\Users\ScarLet\Desktop\HT66F70A_震動\UART.c" 1
  48  0002              	IF 208>263690
  48  0002              ;# 48 "C:\Users\ScarLet\Desktop\HT66F70A_震動\UART.c" 1
  48  0002              	ERRMESSAGE 'the value 208of the argument exceeds the maxinum 263690'
  48  0002              	ENDIF
  48  0002              ;# 48 "C:\Users\ScarLet\Desktop\HT66F70A_震動\UART.c" 1
  48  0002              	IF 208<0
  48  0002              ;# 48 "C:\Users\ScarLet\Desktop\HT66F70A_震動\UART.c" 1
"File: UART.c        Assembler  Version HGASM0202      Page 9

  48  0002              	ERRMESSAGE 'the value 208 of the argument exceeds the mininum 0'
  48  0002              	ENDIF
  48  0002              ;# 48 "C:\Users\ScarLet\Desktop\HT66F70A_震動\UART.c" 1
  48  0002              	IF 208==0
  48  0002              ;# 48 "C:\Users\ScarLet\Desktop\HT66F70A_震動\UART.c" 1
  48  0002              	JMP $
  48  0002              	ENDIF
  48  0002              ;# 48 "C:\Users\ScarLet\Desktop\HT66F70A_震動\UART.c" 1
  48  0002              	IF (208>=1) AND (208<( 4 + __PBP__ * 2))
  48  0002              ;# 48 "C:\Users\ScarLet\Desktop\HT66F70A_震動\UART.c" 1
  48  0002              	NOP
  48  0002              	ENDIF
  48  0002              ;# 48 "C:\Users\ScarLet\Desktop\HT66F70A_震動\UART.c" 1
  48  0002              	IF (208>=2) AND (208<( 4 + __PBP__ * 2))
  48  0002              ;# 48 "C:\Users\ScarLet\Desktop\HT66F70A_震動\UART.c" 1
  48  0002              	NOP
  48  0002              	ENDIF
  48  0002              ;# 48 "C:\Users\ScarLet\Desktop\HT66F70A_震動\UART.c" 1
  48  0002              	IF (208>=3) AND (208<( 4 + __PBP__ * 2))
  48  0002              ;# 48 "C:\Users\ScarLet\Desktop\HT66F70A_震動\UART.c" 1
  48  0002              	NOP
  48  0002              	ENDIF
  48  0002              ;# 48 "C:\Users\ScarLet\Desktop\HT66F70A_震動\UART.c" 1
  48  0002              	IF (208>=4) AND (208<( 4 + __PBP__ * 2)) AND ( __PBP__ > 0 )
  48  0002              ;# 48 "C:\Users\ScarLet\Desktop\HT66F70A_震動\UART.c" 1
  48  0002              	NOP
  48  0002              	ENDIF
  48  0002              ;# 48 "C:\Users\ScarLet\Desktop\HT66F70A_震動\UART.c" 1
  48  0002              	IF (208>=5) AND (208<( 4 + __PBP__ * 2)) AND ( __PBP__ > 0 )
  48  0002              ;# 48 "C:\Users\ScarLet\Desktop\HT66F70A_震動\UART.c" 1
  48  0002              	NOP
  48  0002              	ENDIF
  48  0002              ;# 48 "C:\Users\ScarLet\Desktop\HT66F70A_震動\UART.c" 1
  48  0002              	IF (208>=6) AND (208<( 4 + __PBP__ * 2))  AND ( __PBP__ > 1 )
  48  0002              ;# 48 "C:\Users\ScarLet\Desktop\HT66F70A_震動\UART.c" 1
  48  0002              	NOP
  48  0002              	ENDIF
  48  0002              ;# 48 "C:\Users\ScarLet\Desktop\HT66F70A_震動\UART.c" 1
  48  0002              	IF (208>=7) AND (208<( 4 + __PBP__ * 2))  AND ( __PBP__ > 1 )
  48  0002              ;# 48 "C:\Users\ScarLet\Desktop\HT66F70A_震動\UART.c" 1
  48  0002              	NOP
  48  0002              	ENDIF
  48  0002              ;# 48 "C:\Users\ScarLet\Desktop\HT66F70A_震動\UART.c" 1
  48  0002              	IF (208>=8) AND (208<( 4 + __PBP__ * 2))  AND ( __PBP__ > 2 )
  48  0002              ;# 48 "C:\Users\ScarLet\Desktop\HT66F70A_震動\UART.c" 1
  48  0002              	NOP
  48  0002              	ENDIF
  48  0002              ;# 48 "C:\Users\ScarLet\Desktop\HT66F70A_震動\UART.c" 1
  48  0002              	IF (208==9)  AND ( __PBP__ > 2 )
  48  0002              ;# 48 "C:\Users\ScarLet\Desktop\HT66F70A_震動\UART.c" 1
  48  0002              	NOP
  48  0002              	ENDIF
  48  0002              ;# 48 "C:\Users\ScarLet\Desktop\HT66F70A_震動\UART.c" 1
  48  0002              	IF (208< ( 8 + __PBP__ * 2)) AND (208>( 3 + __PBP__ * 2))
  48  0002              ;# 48 "C:\Users\ScarLet\Desktop\HT66F70A_震動\UART.c" 1
  48  0002              	fcall __DELAY3 + ( 7 + __PBP__ * 2) -208
  48  0002              	ENDIF
  48  0002              ;# 48 "C:\Users\ScarLet\Desktop\HT66F70A_震動\UART.c" 1
  48  0002              	IF (208< ( 0404h + __PBP__ * 2)) AND (208>( 7 + __PBP__ * 2))
  48  0002              ;# 48 "C:\Users\ScarLet\Desktop\HT66F70A_震動\UART.c" 1
"File: UART.c        Assembler  Version HGASM0202      Page 10

  48  0002  0F32        	MOV A,(208-( 4 + __PBP__ * 2))/4
  48  0003              ;# 48 "C:\Users\ScarLet\Desktop\HT66F70A_震動\UART.c" 1
  48  0003              	fcall __DELAYX3 + 3 -((208-( 4 + __PBP__ * 2)) MOD 4) 
  48  000A              	ENDIF
  48  000A              ;# 48 "C:\Users\ScarLet\Desktop\HT66F70A_震動\UART.c" 1
  48  000A              	IF (208< ( 040bh + __PBP__ * 2)) AND (208> ( 0403h + __PBP__ * 2))
  48  000A              ;# 48 "C:\Users\ScarLet\Desktop\HT66F70A_震動\UART.c" 1
  48  000A              	MOV A,0 
  48  000A              ;# 48 "C:\Users\ScarLet\Desktop\HT66F70A_震動\UART.c" 1
  48  000A              	fcall __DELAYX6 + ( 040ah + __PBP__ * 2) -208
  48  000A              	ENDIF
  48  000A              ;# 48 "C:\Users\ScarLet\Desktop\HT66F70A_震動\UART.c" 1
  48  000A              	IF (208 >= ( 040bh + __PBP__ * 2)) AND ((((208-( 9 + __PBP__ * 2))%0402h)/4+1)>256)
  48  000A              ;# 48 "C:\Users\ScarLet\Desktop\HT66F70A_震動\UART.c" 1
  48  000A              	MOV A,(208-( 9 + __PBP__ * 2))/0402h
  48  000A              ;# 48 "C:\Users\ScarLet\Desktop\HT66F70A_震動\UART.c" 1
  48  000A              	MOV _builtin_holtek_delay_2,A
  48  000A              ;# 48 "C:\Users\ScarLet\Desktop\HT66F70A_震動\UART.c" 1
  48  000A              	MOV A,0
  48  000A              ;# 48 "C:\Users\ScarLet\Desktop\HT66F70A_震動\UART.c" 1
  48  000A              	fcall __DELAYY5 +5- (((208-( 9 + __PBP__ * 2))%0402h)%6) 
  48  000A              	ENDIF
  48  000A              ;# 48 "C:\Users\ScarLet\Desktop\HT66F70A_震動\UART.c" 1
  48  000A              	IF (208 >= ( 040bh + __PBP__ * 2)) AND ((((208-( 9 + __PBP__ * 2))%0402h)/4+1)<=256)
  48  000A              ;# 48 "C:\Users\ScarLet\Desktop\HT66F70A_震動\UART.c" 1
  48  000A              	MOV A,(208-( 9 + __PBP__ * 2))/0402h
  48  000A              ;# 48 "C:\Users\ScarLet\Desktop\HT66F70A_震動\UART.c" 1
  48  000A              	MOV _builtin_holtek_delay_2,A
  48  000A              ;# 48 "C:\Users\ScarLet\Desktop\HT66F70A_震動\UART.c" 1
  48  000A              	MOV A,((208-( 9 + __PBP__ * 2))%0402h)/4+1
  48  000A              ;# 48 "C:\Users\ScarLet\Desktop\HT66F70A_震動\UART.c" 1
  48  000A              	fcall __DELAYY3 +3-(((208-( 9 + __PBP__ * 2))%0402h)%4) 
  48  000A              	ENDIF
  48  000A  0F08        	mov a,8
  48  000B  0080     E  	mov ra,a
  48  000C              _L25:
  51  000C              #line 51 "C:\Users\ScarLet\Desktop\HT66F70A_震動\UART.c"
  51  000C  3800     R  	snz _PC_TX_2[0].0
  51  000D  2800     R  	jmp _L22
  51  000E  301A        	set [26].0
  51  000F  2800     R  	jmp _L23
  51  0010              _L22:
  52  0010              #line 52 "C:\Users\ScarLet\Desktop\HT66F70A_震動\UART.c"
  52  0010  341A        	clr [26].0
  52  0011              _L23:
  53  0011              #line 53 "C:\Users\ScarLet\Desktop\HT66F70A_震動\UART.c"
  53  0011  1A00     R  	rlca _PC_TX_2[0]
  53  0012  1B80     R  	rrc _PC_TX_2[0]
  54  0013              #line 54 "C:\Users\ScarLet\Desktop\HT66F70A_震動\UART.c"
  54  0013              ;# 54 "C:\Users\ScarLet\Desktop\HT66F70A_震動\UART.c" 1
  54  0013              	IF 208-15>263690
  54  0013              ;# 54 "C:\Users\ScarLet\Desktop\HT66F70A_震動\UART.c" 1
  54  0013              	ERRMESSAGE 'the value 208-15of the argument exceeds the maxinum 263690'
  54  0013              	ENDIF
  54  0013              ;# 54 "C:\Users\ScarLet\Desktop\HT66F70A_震動\UART.c" 1
  54  0013              	IF 208-15<0
  54  0013              ;# 54 "C:\Users\ScarLet\Desktop\HT66F70A_震動\UART.c" 1
  54  0013              	ERRMESSAGE 'the value 208-15 of the argument exceeds the mininum 0'
  54  0013              	ENDIF
  54  0013              ;# 54 "C:\Users\ScarLet\Desktop\HT66F70A_震動\UART.c" 1
"File: UART.c        Assembler  Version HGASM0202      Page 11

  54  0013              	IF 208-15==0
  54  0013              ;# 54 "C:\Users\ScarLet\Desktop\HT66F70A_震動\UART.c" 1
  54  0013              	JMP $
  54  0013              	ENDIF
  54  0013              ;# 54 "C:\Users\ScarLet\Desktop\HT66F70A_震動\UART.c" 1
  54  0013              	IF (208-15>=1) AND (208-15<( 4 + __PBP__ * 2))
  54  0013              ;# 54 "C:\Users\ScarLet\Desktop\HT66F70A_震動\UART.c" 1
  54  0013              	NOP
  54  0013              	ENDIF
  54  0013              ;# 54 "C:\Users\ScarLet\Desktop\HT66F70A_震動\UART.c" 1
  54  0013              	IF (208-15>=2) AND (208-15<( 4 + __PBP__ * 2))
  54  0013              ;# 54 "C:\Users\ScarLet\Desktop\HT66F70A_震動\UART.c" 1
  54  0013              	NOP
  54  0013              	ENDIF
  54  0013              ;# 54 "C:\Users\ScarLet\Desktop\HT66F70A_震動\UART.c" 1
  54  0013              	IF (208-15>=3) AND (208-15<( 4 + __PBP__ * 2))
  54  0013              ;# 54 "C:\Users\ScarLet\Desktop\HT66F70A_震動\UART.c" 1
  54  0013              	NOP
  54  0013              	ENDIF
  54  0013              ;# 54 "C:\Users\ScarLet\Desktop\HT66F70A_震動\UART.c" 1
  54  0013              	IF (208-15>=4) AND (208-15<( 4 + __PBP__ * 2)) AND ( __PBP__ > 0 )
  54  0013              ;# 54 "C:\Users\ScarLet\Desktop\HT66F70A_震動\UART.c" 1
  54  0013              	NOP
  54  0013              	ENDIF
  54  0013              ;# 54 "C:\Users\ScarLet\Desktop\HT66F70A_震動\UART.c" 1
  54  0013              	IF (208-15>=5) AND (208-15<( 4 + __PBP__ * 2)) AND ( __PBP__ > 0 )
  54  0013              ;# 54 "C:\Users\ScarLet\Desktop\HT66F70A_震動\UART.c" 1
  54  0013              	NOP
  54  0013              	ENDIF
  54  0013              ;# 54 "C:\Users\ScarLet\Desktop\HT66F70A_震動\UART.c" 1
  54  0013              	IF (208-15>=6) AND (208-15<( 4 + __PBP__ * 2))  AND ( __PBP__ > 1 )
  54  0013              ;# 54 "C:\Users\ScarLet\Desktop\HT66F70A_震動\UART.c" 1
  54  0013              	NOP
  54  0013              	ENDIF
  54  0013              ;# 54 "C:\Users\ScarLet\Desktop\HT66F70A_震動\UART.c" 1
  54  0013              	IF (208-15>=7) AND (208-15<( 4 + __PBP__ * 2))  AND ( __PBP__ > 1 )
  54  0013              ;# 54 "C:\Users\ScarLet\Desktop\HT66F70A_震動\UART.c" 1
  54  0013              	NOP
  54  0013              	ENDIF
  54  0013              ;# 54 "C:\Users\ScarLet\Desktop\HT66F70A_震動\UART.c" 1
  54  0013              	IF (208-15>=8) AND (208-15<( 4 + __PBP__ * 2))  AND ( __PBP__ > 2 )
  54  0013              ;# 54 "C:\Users\ScarLet\Desktop\HT66F70A_震動\UART.c" 1
  54  0013              	NOP
  54  0013              	ENDIF
  54  0013              ;# 54 "C:\Users\ScarLet\Desktop\HT66F70A_震動\UART.c" 1
  54  0013              	IF (208-15==9)  AND ( __PBP__ > 2 )
  54  0013              ;# 54 "C:\Users\ScarLet\Desktop\HT66F70A_震動\UART.c" 1
  54  0013              	NOP
  54  0013              	ENDIF
  54  0013              ;# 54 "C:\Users\ScarLet\Desktop\HT66F70A_震動\UART.c" 1
  54  0013              	IF (208-15< ( 8 + __PBP__ * 2)) AND (208-15>( 3 + __PBP__ * 2))
  54  0013              ;# 54 "C:\Users\ScarLet\Desktop\HT66F70A_震動\UART.c" 1
  54  0013              	fcall __DELAY3 + ( 7 + __PBP__ * 2) -208-15
  54  0013              	ENDIF
  54  0013              ;# 54 "C:\Users\ScarLet\Desktop\HT66F70A_震動\UART.c" 1
  54  0013              	IF (208-15< ( 0404h + __PBP__ * 2)) AND (208-15>( 7 + __PBP__ * 2))
  54  0013              ;# 54 "C:\Users\ScarLet\Desktop\HT66F70A_震動\UART.c" 1
  54  0013  0F2E        	MOV A,(208-15-( 4 + __PBP__ * 2))/4
  54  0014              ;# 54 "C:\Users\ScarLet\Desktop\HT66F70A_震動\UART.c" 1
  54  0014              	fcall __DELAYX3 + 3 -((208-15-( 4 + __PBP__ * 2)) MOD 4) 
"File: UART.c        Assembler  Version HGASM0202      Page 12

  54  001B              	ENDIF
  54  001B              ;# 54 "C:\Users\ScarLet\Desktop\HT66F70A_震動\UART.c" 1
  54  001B              	IF (208-15< ( 040bh + __PBP__ * 2)) AND (208-15> ( 0403h + __PBP__ * 2))
  54  001B              ;# 54 "C:\Users\ScarLet\Desktop\HT66F70A_震動\UART.c" 1
  54  001B              	MOV A,0 
  54  001B              ;# 54 "C:\Users\ScarLet\Desktop\HT66F70A_震動\UART.c" 1
  54  001B              	fcall __DELAYX6 + ( 040ah + __PBP__ * 2) -208-15
  54  001B              	ENDIF
  54  001B              ;# 54 "C:\Users\ScarLet\Desktop\HT66F70A_震動\UART.c" 1
  54  001B              	IF (208-15 >= ( 040bh + __PBP__ * 2)) AND ((((208-15-( 9 + __PBP__ * 2))%0402h)/4+1)>256)
  54  001B              ;# 54 "C:\Users\ScarLet\Desktop\HT66F70A_震動\UART.c" 1
  54  001B              	MOV A,(208-15-( 9 + __PBP__ * 2))/0402h
  54  001B              ;# 54 "C:\Users\ScarLet\Desktop\HT66F70A_震動\UART.c" 1
  54  001B              	MOV _builtin_holtek_delay_2,A
  54  001B              ;# 54 "C:\Users\ScarLet\Desktop\HT66F70A_震動\UART.c" 1
  54  001B              	MOV A,0
  54  001B              ;# 54 "C:\Users\ScarLet\Desktop\HT66F70A_震動\UART.c" 1
  54  001B              	fcall __DELAYY5 +5- (((208-15-( 9 + __PBP__ * 2))%0402h)%6) 
  54  001B              	ENDIF
  54  001B              ;# 54 "C:\Users\ScarLet\Desktop\HT66F70A_震動\UART.c" 1
  54  001B              	IF (208-15 >= ( 040bh + __PBP__ * 2)) AND ((((208-15-( 9 + __PBP__ * 2))%0402h)/4+1)<=256)
  54  001B              ;# 54 "C:\Users\ScarLet\Desktop\HT66F70A_震動\UART.c" 1
  54  001B              	MOV A,(208-15-( 9 + __PBP__ * 2))/0402h
  54  001B              ;# 54 "C:\Users\ScarLet\Desktop\HT66F70A_震動\UART.c" 1
  54  001B              	MOV _builtin_holtek_delay_2,A
  54  001B              ;# 54 "C:\Users\ScarLet\Desktop\HT66F70A_震動\UART.c" 1
  54  001B              	MOV A,((208-15-( 9 + __PBP__ * 2))%0402h)/4+1
  54  001B              ;# 54 "C:\Users\ScarLet\Desktop\HT66F70A_震動\UART.c" 1
  54  001B              	fcall __DELAYY3 +3-(((208-15-( 9 + __PBP__ * 2))%0402h)%4) 
  54  001B              	ENDIF
  54  001B  1780     E  	sdz ra
  54  001C  2800     R  	jmp _L25
  56  001D              #line 56 "C:\Users\ScarLet\Desktop\HT66F70A_震動\UART.c"
  56  001D  301A        	set [26].0
  56  001E              ;# 56 "C:\Users\ScarLet\Desktop\HT66F70A_震動\UART.c" 1
  56  001E              	IF 208>263690
  56  001E              ;# 56 "C:\Users\ScarLet\Desktop\HT66F70A_震動\UART.c" 1
  56  001E              	ERRMESSAGE 'the value 208of the argument exceeds the maxinum 263690'
  56  001E              	ENDIF
  56  001E              ;# 56 "C:\Users\ScarLet\Desktop\HT66F70A_震動\UART.c" 1
  56  001E              	IF 208<0
  56  001E              ;# 56 "C:\Users\ScarLet\Desktop\HT66F70A_震動\UART.c" 1
  56  001E              	ERRMESSAGE 'the value 208 of the argument exceeds the mininum 0'
  56  001E              	ENDIF
  56  001E              ;# 56 "C:\Users\ScarLet\Desktop\HT66F70A_震動\UART.c" 1
  56  001E              	IF 208==0
  56  001E              ;# 56 "C:\Users\ScarLet\Desktop\HT66F70A_震動\UART.c" 1
  56  001E              	JMP $
  56  001E              	ENDIF
  56  001E              ;# 56 "C:\Users\ScarLet\Desktop\HT66F70A_震動\UART.c" 1
  56  001E              	IF (208>=1) AND (208<( 4 + __PBP__ * 2))
  56  001E              ;# 56 "C:\Users\ScarLet\Desktop\HT66F70A_震動\UART.c" 1
  56  001E              	NOP
  56  001E              	ENDIF
  56  001E              ;# 56 "C:\Users\ScarLet\Desktop\HT66F70A_震動\UART.c" 1
  56  001E              	IF (208>=2) AND (208<( 4 + __PBP__ * 2))
  56  001E              ;# 56 "C:\Users\ScarLet\Desktop\HT66F70A_震動\UART.c" 1
  56  001E              	NOP
  56  001E              	ENDIF
  56  001E              ;# 56 "C:\Users\ScarLet\Desktop\HT66F70A_震動\UART.c" 1
"File: UART.c        Assembler  Version HGASM0202      Page 13

  56  001E              	IF (208>=3) AND (208<( 4 + __PBP__ * 2))
  56  001E              ;# 56 "C:\Users\ScarLet\Desktop\HT66F70A_震動\UART.c" 1
  56  001E              	NOP
  56  001E              	ENDIF
  56  001E              ;# 56 "C:\Users\ScarLet\Desktop\HT66F70A_震動\UART.c" 1
  56  001E              	IF (208>=4) AND (208<( 4 + __PBP__ * 2)) AND ( __PBP__ > 0 )
  56  001E              ;# 56 "C:\Users\ScarLet\Desktop\HT66F70A_震動\UART.c" 1
  56  001E              	NOP
  56  001E              	ENDIF
  56  001E              ;# 56 "C:\Users\ScarLet\Desktop\HT66F70A_震動\UART.c" 1
  56  001E              	IF (208>=5) AND (208<( 4 + __PBP__ * 2)) AND ( __PBP__ > 0 )
  56  001E              ;# 56 "C:\Users\ScarLet\Desktop\HT66F70A_震動\UART.c" 1
  56  001E              	NOP
  56  001E              	ENDIF
  56  001E              ;# 56 "C:\Users\ScarLet\Desktop\HT66F70A_震動\UART.c" 1
  56  001E              	IF (208>=6) AND (208<( 4 + __PBP__ * 2))  AND ( __PBP__ > 1 )
  56  001E              ;# 56 "C:\Users\ScarLet\Desktop\HT66F70A_震動\UART.c" 1
  56  001E              	NOP
  56  001E              	ENDIF
  56  001E              ;# 56 "C:\Users\ScarLet\Desktop\HT66F70A_震動\UART.c" 1
  56  001E              	IF (208>=7) AND (208<( 4 + __PBP__ * 2))  AND ( __PBP__ > 1 )
  56  001E              ;# 56 "C:\Users\ScarLet\Desktop\HT66F70A_震動\UART.c" 1
  56  001E              	NOP
  56  001E              	ENDIF
  56  001E              ;# 56 "C:\Users\ScarLet\Desktop\HT66F70A_震動\UART.c" 1
  56  001E              	IF (208>=8) AND (208<( 4 + __PBP__ * 2))  AND ( __PBP__ > 2 )
  56  001E              ;# 56 "C:\Users\ScarLet\Desktop\HT66F70A_震動\UART.c" 1
  56  001E              	NOP
  56  001E              	ENDIF
  56  001E              ;# 56 "C:\Users\ScarLet\Desktop\HT66F70A_震動\UART.c" 1
  56  001E              	IF (208==9)  AND ( __PBP__ > 2 )
  56  001E              ;# 56 "C:\Users\ScarLet\Desktop\HT66F70A_震動\UART.c" 1
  56  001E              	NOP
  56  001E              	ENDIF
  56  001E              ;# 56 "C:\Users\ScarLet\Desktop\HT66F70A_震動\UART.c" 1
  56  001E              	IF (208< ( 8 + __PBP__ * 2)) AND (208>( 3 + __PBP__ * 2))
  56  001E              ;# 56 "C:\Users\ScarLet\Desktop\HT66F70A_震動\UART.c" 1
  56  001E              	fcall __DELAY3 + ( 7 + __PBP__ * 2) -208
  56  001E              	ENDIF
  56  001E              ;# 56 "C:\Users\ScarLet\Desktop\HT66F70A_震動\UART.c" 1
  56  001E              	IF (208< ( 0404h + __PBP__ * 2)) AND (208>( 7 + __PBP__ * 2))
  56  001E              ;# 56 "C:\Users\ScarLet\Desktop\HT66F70A_震動\UART.c" 1
  56  001E  0F32        	MOV A,(208-( 4 + __PBP__ * 2))/4
  56  001F              ;# 56 "C:\Users\ScarLet\Desktop\HT66F70A_震動\UART.c" 1
  56  001F              	fcall __DELAYX3 + 3 -((208-( 4 + __PBP__ * 2)) MOD 4) 
  56  0026              	ENDIF
  56  0026              ;# 56 "C:\Users\ScarLet\Desktop\HT66F70A_震動\UART.c" 1
  56  0026              	IF (208< ( 040bh + __PBP__ * 2)) AND (208> ( 0403h + __PBP__ * 2))
  56  0026              ;# 56 "C:\Users\ScarLet\Desktop\HT66F70A_震動\UART.c" 1
  56  0026              	MOV A,0 
  56  0026              ;# 56 "C:\Users\ScarLet\Desktop\HT66F70A_震動\UART.c" 1
  56  0026              	fcall __DELAYX6 + ( 040ah + __PBP__ * 2) -208
  56  0026              	ENDIF
  56  0026              ;# 56 "C:\Users\ScarLet\Desktop\HT66F70A_震動\UART.c" 1
  56  0026              	IF (208 >= ( 040bh + __PBP__ * 2)) AND ((((208-( 9 + __PBP__ * 2))%0402h)/4+1)>256)
  56  0026              ;# 56 "C:\Users\ScarLet\Desktop\HT66F70A_震動\UART.c" 1
  56  0026              	MOV A,(208-( 9 + __PBP__ * 2))/0402h
  56  0026              ;# 56 "C:\Users\ScarLet\Desktop\HT66F70A_震動\UART.c" 1
  56  0026              	MOV _builtin_holtek_delay_2,A
  56  0026              ;# 56 "C:\Users\ScarLet\Desktop\HT66F70A_震動\UART.c" 1
"File: UART.c        Assembler  Version HGASM0202      Page 14

  56  0026              	MOV A,0
  56  0026              ;# 56 "C:\Users\ScarLet\Desktop\HT66F70A_震動\UART.c" 1
  56  0026              	fcall __DELAYY5 +5- (((208-( 9 + __PBP__ * 2))%0402h)%6) 
  56  0026              	ENDIF
  56  0026              ;# 56 "C:\Users\ScarLet\Desktop\HT66F70A_震動\UART.c" 1
  56  0026              	IF (208 >= ( 040bh + __PBP__ * 2)) AND ((((208-( 9 + __PBP__ * 2))%0402h)/4+1)<=256)
  56  0026              ;# 56 "C:\Users\ScarLet\Desktop\HT66F70A_震動\UART.c" 1
  56  0026              	MOV A,(208-( 9 + __PBP__ * 2))/0402h
  56  0026              ;# 56 "C:\Users\ScarLet\Desktop\HT66F70A_震動\UART.c" 1
  56  0026              	MOV _builtin_holtek_delay_2,A
  56  0026              ;# 56 "C:\Users\ScarLet\Desktop\HT66F70A_震動\UART.c" 1
  56  0026              	MOV A,((208-( 9 + __PBP__ * 2))%0402h)/4+1
  56  0026              ;# 56 "C:\Users\ScarLet\Desktop\HT66F70A_震動\UART.c" 1
  56  0026              	fcall __DELAYY3 +3-(((208-( 9 + __PBP__ * 2))%0402h)%4) 
  56  0026              	ENDIF
  56  0026  0003        	ret
  56  0027              _PC_TX endp
  56  0027              #line 56 "C:\Users\ScarLet\Desktop\HT66F70A_震動\UART.c"
  56  0027              #pragma debug scope 1 1
  56  0027              public _tx_string
  56  0027              #pragma debug scope 6 1
  59  0027              #line 59 "C:\Users\ScarLet\Desktop\HT66F70A_震動\UART.c"
  59  0000              _tx_string .section 'code'
  59  0000              _tx_string proc
  59  0000              public _tx_string_2
  59  0000  0003[           local _tx_string_2 db 3 dup(?)	; 2,1
            00
            ]
  59  0003              #pragma debug pointer 42 7 6
  59  0003              #pragma debug pointer 42 7 6
  59  0003              #pragma debug variable 42 6 _tx_string_2+0 "data"
  59  0003              #pragma debug variable 7 6 _tx_string_2+2 "test"
  61  0000              #line 61 "C:\Users\ScarLet\Desktop\HT66F70A_震動\UART.c"
  61  0000  1F00     R  	clr _tx_string_2[2]
  61  0001  2800     R  	jmp _L27
  61  0002              _L28:
  63  0002              #line 63 "C:\Users\ScarLet\Desktop\HT66F70A_震動\UART.c"
  63  0002  0700     E  	mov a,ra
  63  0003              	fcall _PC_TX
  61  000A              #line 61 "C:\Users\ScarLet\Desktop\HT66F70A_震動\UART.c"
  61  000A  1480     R  	inc _tx_string_2[2]
  61  000B              _L27:
  61  000B  0700     R  	mov a,_tx_string_2[2]
  61  000C  0080     E  	mov rb,a
  61  000D  1F00     E  	clr rc
  61  000E  3F85        	sz acc.7
  61  000F  1F80     E  	set rc
  61  0010  0700     E  	mov a,rb
  61  0011  0300     R  	add a,_tx_string_2[0]
  61  0012  0083        	mov mp,a
  61  0013  0700     E  	mov a,rc
  61  0014  1300     R  	adc a,_tx_string_2[1]
  61  0015  0084        	mov sbp,a
  61  0016              	fcall _Crom2Prom
  61  001D  0080     E  	mov ra,a
  61  001E  0700     E  	mov a,ra
  61  001F  0A0D        	sub a,13
  61  0020  390A        	snz z
  61  0021  2800     R  	jmp _L28
  61  0022  0003        	ret
"File: UART.c        Assembler  Version HGASM0202      Page 15

  61  0023              _tx_string endp
  61  0023              #line 61 "C:\Users\ScarLet\Desktop\HT66F70A_震動\UART.c"
  61  0023              #pragma debug scope 1 1
   8  0023              #line 8 "C:\Users\ScarLet\Desktop\HT66F70A_震動\UART.c"
   8  0023              public _output
   8  0000              @HCCINIT0_output .section 'data'
   8  0000  0032[       _output	db 50 dup(0)
            00
            ]
   8  0032              #pragma debug array 43 7 50 1
   8  0032              #pragma debug array 43 7 50 1
   8  0032              #pragma debug variable 43 1 _output "output"
   8  0032              
   8  0000              @HCCINIT .section 'data'
   8  0000              #pragma debug struct_end
   8  0000              #pragma debug struct_end
   8  0000              #pragma debug union_end
   8  0000              #pragma debug union_end
   8  0000              #pragma debug variable 45 1 ___pc "__pc" 1
   8  0000              #pragma debug struct_end
   8  0000              #pragma debug struct_end
   8  0000              #pragma debug union_end
   8  0000              #pragma debug union_end
   8  0000              #pragma debug variable 47 1 ___pcc "__pcc" 1
   8  0000              
   8  0000              ; 
   8  0000              ; Generated by holtek-gcc v3.13, Fri Nov 18 01:16:29 2016
   8  0000              ; Rebuild 71
   8  0000              ; end of file


        0 Errors, 0