"File: UART.c        Assembler  Version HGASM0202      Page 1


   1  0000              ; Generated by holtek-gcc v3.13, Mon Nov 14 21:37:02 2016
   2  0000              ; 
   3  0000              ; Configuration:
   4  0000              ;       with long instruction
   5  0000              ;       Multi-ROM, Multi-RAM
   6  0000              ;       bits_per_rom_unit:16
   7  0000              ;       with mp1
   8  0000              ;       with tbhp, address(0x9)
   9  0000              ;          Use tabrd-const
  10  0000              ;       
  11  0000              ; SFR address of long-instruction arch:
  12  0000              ;    mp0 = -1,1,0
  13  0000              ;    mp1 = 4,3,2
  14  0000              ;    mp2 = 14,13,12
  15  0000              ;    tbp = 9,7,8
  16  0000              ;    acc = 5
  17  0000              ;    pcl = 6
  18  0000              ;    status = 10
  19  0000              ;    bp = 11
  20  0000              ;    intc = 48
  21  0000              ;       
  22  0000              ;       
  23  0000              ; use 'tabrdc' instead of 'tabrd'
  24  0000              ;       
  25  0000              
  26  0000              #pragma translator "holtek-gcc 4.6.4" "3.13" "build 20130711"
  27  0000              ; Rebuild 71
  28  0000              
  29  0000              ir equ [2]
  30  0000              mp equ [3]
  31  0000              sbp equ [4]
  32  0000              acc equ [5]
  33  0000              bp equ [11]
  34  0000              tblp equ [7]
  35  0000              tbhp equ [9]
  36  0000              status equ [10]
  37  0000              c equ [10].0
  38  0000              ac equ [10].1
  39  0000              z equ [10].2
  40  0000              ov equ [10].3
  41  0000              cz equ [10].6
  42  0000              sc equ [10].7
  43  0000              intc equ [48]
  44  0000              
  45  0000              extern ra:byte
  46  0000              extern rb:byte
  47  0000              extern rc:byte
  48  0000              extern rd:byte
  49  0000              extern re:byte
  50  0000              extern rf:byte
  51  0000              extern rg:byte
  52  0000              extern rh:byte
  53  0000              extern _Crom2Prom:near
  54  0000              extern _Crom2PromNext:near
  55  0000              @HCCINIT	.section 'data'
  56  0000              @HCCINIT0	.section 'data'
  57  0000              
  58  0000              #pragma debug scope 1 1
  59  0000              	extern __DELAY3:near
"File: UART.ASM      Assembler  Version HGASM0202      Page 2

  60  0000              	extern __DELAYX3:near
  61  0000              	extern __DELAYX6:near
  62  0000              	extern __DELAYY5:near
  63  0000              	extern __DELAYY3:near
  64  0000              	extern _builtin_holtek_delay_2:byte
  65  0000              ___adcr0 equ [104]
  66  0000              ___adrh equ [107]
  67  0000              ___adrl equ [106]
  68  0000              ___intc1 equ [49]
  69  0000              public _ISR_ADC
  70  0000              #pragma debug scope 2 1

  62  0000              #line 62 "C:\Users\bet\Desktop\APP 紫外線版\UART.c"
  62  0000              rombank 0 @ISR_ADC_code
  62  0000              @ISR_ADC_code .section at 28 'code'
  62  0000  0080     E  	mov r1,a
  62  0001  070B        	mov a,bp
  62  0002  1F0B        	clr bp
  62  0003  2800     R  	jmp _ISR_ADC
  62  0004              ROMBANK 0 _ISR_ADC
  62  0004              #pragma debug scope 1 1
  62  0004              @dummy28 endp
  62  0004              #pragma debug scope 3 1
  62  0000              _ISR_ADC .section 'code'
  62  0000              _ISR_ADC proc
  62  0000  0080     E  	mov r2,a
  62  0001  070A        	mov a, status
  62  0002  0080     E  	mov r3,a
  64  0003              #line 64 "C:\Users\bet\Desktop\APP 紫外線版\UART.c"
  64  0003  33E8        	set [104].7
  65  0004              #line 65 "C:\Users\bet\Desktop\APP 紫外線版\UART.c"
  65  0004  37E8        	clr [104].7
  67  0005              #line 67 "C:\Users\bet\Desktop\APP 紫外線版\UART.c"
  67  0005  076B        	mov a,[107]
  67  0006  0080     E  	mov rb,a
  67  0007  1F00     E  	clr rc
  67  0008  0180     E  	cpl rb
  67  0009  0180     E  	cpl rc
  68  000A              #line 68 "C:\Users\bet\Desktop\APP 紫外線版\UART.c"
  68  000A  340A        	clr c
  68  000B  1A00     E  	rlca rb
  68  000C  0080     E  	mov rd,a
  68  000D  1A00     E  	rlca rc
  68  000E  0080     E  	mov re,a
  68  000F  340A        	clr c
  68  0010  1A80     E  	rlc rd
  68  0011  1A80     E  	rlc re
  69  0012              #line 69 "C:\Users\bet\Desktop\APP 紫外線版\UART.c"
  69  0012  076A        	mov a,[106]
  69  0013  0080     E  	mov rb,a
  69  0014  1F00     E  	clr rc
  69  0015  0180     E  	cpl rb
  69  0016  0180     E  	cpl rc
  70  0017              #line 70 "C:\Users\bet\Desktop\APP 紫外線版\UART.c"
  70  0017  0F06        	mov a,6
  70  0018              _LI1:
  70  0018  340A        	clr c
  70  0019  3C00     E  	sz rc.7
  70  001A  300A        	set c
  70  001B  1B80     E  	rrc rc
"File: UART.c        Assembler  Version HGASM0202      Page 3

  70  001C  1B80     E  	rrc rb
  70  001D  1785        	sdz acc
  70  001E  2800     R  	jmp _LI1
  68  001F              #line 68 "C:\Users\bet\Desktop\APP 紫外線版\UART.c"
  68  001F  0700     E  	mov a,rd
  68  0020  0380     E  	addm a,rb
  68  0021  0700     E  	mov a,re
  68  0022  1380     E  	adcm a,rc
  71  0023              #line 71 "C:\Users\bet\Desktop\APP 紫外線版\UART.c"
  71  0023  0F00        	mov a,0
  71  0024  0280     E  	subm a,rb
  71  0025  0F00        	mov a,0
  71  0026  1280     E  	sbcm a,rc
  72  0027              #line 72 "C:\Users\bet\Desktop\APP 紫外線版\UART.c"
  72  0027  0700     E  	mov a,rb  
  72  0028  0080     E  	mov _builtin_holtek_udivmodhi4_2[0],a  
  72  0029  0700     E  	mov a,rc  
  72  002A  0080     E  	mov _builtin_holtek_udivmodhi4_2[1],a
  72  002B  0F64        	mov a,100  
  72  002C  0080     E  	mov _builtin_holtek_udivmodhi4_2[2],a  
  72  002D  0F00        	mov a,0  
  72  002E  0080     E  	mov _builtin_holtek_udivmodhi4_2[3],a
  72  002F              	fcall _builtin_holtek_divmodhi4
  72  0036  0700     E  	mov a,_builtin_holtek_udivmodhi4_2[0]  
  72  0037  0080     E  	mov rd,a  
  72  0038  0700     E  	mov a,_builtin_holtek_udivmodhi4_2[1]  
  72  0039  0080     E  	mov re,a
  72  003A  0700     E  	mov a,rd
  72  003B  0B30        	add a,48
  72  003C  0080     R  	mov _e[1],a
  73  003D              #line 73 "C:\Users\bet\Desktop\APP 紫外線版\UART.c"
  73  003D  0700     E  	mov a,rb  
  73  003E  0080     E  	mov _builtin_holtek_udivmodhi4_2[0],a  
  73  003F  0700     E  	mov a,rc  
  73  0040  0080     E  	mov _builtin_holtek_udivmodhi4_2[1],a
  73  0041  0F64        	mov a,100  
  73  0042  0080     E  	mov _builtin_holtek_udivmodhi4_2[2],a  
  73  0043  0F00        	mov a,0  
  73  0044  0080     E  	mov _builtin_holtek_udivmodhi4_2[3],a
  73  0045              	fcall _builtin_holtek_divmodhi4
  73  004C  0700     E  	mov a,_builtin_holtek_udivmodhi4_2[4]  
  73  004D  0080     E  	mov rb,a  
  73  004E  0700     E  	mov a,_builtin_holtek_udivmodhi4_2[5]  
  73  004F  0080     E  	mov rc,a
  77  0050              #line 77 "C:\Users\bet\Desktop\APP 紫外線版\UART.c"
  77  0050  0700     E  	mov a,rb  
  77  0051  0080     E  	mov _builtin_holtek_udivmodhi4_2[0],a  
  77  0052  0700     E  	mov a,rc  
  77  0053  0080     E  	mov _builtin_holtek_udivmodhi4_2[1],a
  77  0054  0F0A        	mov a,10  
  77  0055  0080     E  	mov _builtin_holtek_udivmodhi4_2[2],a  
  77  0056  0F00        	mov a,0  
  77  0057  0080     E  	mov _builtin_holtek_udivmodhi4_2[3],a
  77  0058              	fcall _builtin_holtek_divmodhi4
  77  005F  0700     E  	mov a,_builtin_holtek_udivmodhi4_2[0]  
  77  0060  0080     E  	mov rb,a  
  77  0061  0700     E  	mov a,_builtin_holtek_udivmodhi4_2[1]  
  77  0062  0080     E  	mov rc,a
  77  0063  0700     E  	mov a,rb
  77  0064  0B30        	add a,48
"File: UART.c        Assembler  Version HGASM0202      Page 4

  77  0065  0080     R  	mov _e[0],a
  78  0066              #line 78 "C:\Users\bet\Desktop\APP 紫外線版\UART.c"
  78  0066  35B1        	clr [49].3
  78  0067  0700     E  	mov a,r2
  78  0068  008B        	mov bp,a
  78  0069  0700     E  	mov a,r3
  78  006A  008A        	mov status,a
  78  006B  0700     E  	mov a,r1
  78  006C  0004        	reti
  78  006D              _ISR_ADC endp
  78  006D              
  78  006D              #line 78 "C:\Users\bet\Desktop\APP 紫外線版\UART.c"
  78  006D              #pragma debug scope 1 1
  78  006D              public _Delay100us
  78  006D              #pragma debug scope 4 1
  81  006D              #line 81 "C:\Users\bet\Desktop\APP 紫外線版\UART.c"
  81  0000              _Delay100us .section 'code'
  81  0000              _Delay100us proc
  81  0000              public _Delay100us_2
  81  0000  0002[           local _Delay100us_2 db 2 dup(?)	; 2,0
            00
            ]
  81  0002              #pragma debug variable 10 4 _Delay100us_2+0 "del"
  82  0000              #line 82 "C:\Users\bet\Desktop\APP 紫外線版\UART.c"
  82  0000  1F00     E  	clr rb
  82  0001  1F00     E  	clr rc
  82  0002              _L3:
  82  0002              #line 82 "C:\Users\bet\Desktop\APP 紫外線版\UART.c"
  82  0002  0700     E  	mov a,rb
  82  0003  0200     R  	sub a,_Delay100us_2[0]
  82  0004  0700     E  	mov a,rc
  82  0005  1200     R  	sbc a,_Delay100us_2[1]
  82  0006  3F0A        	sz cz
  82  0007  2800     R  	jmp _L2
  82  0008  1F00     E  	clr ra
  82  0009              _L6:
  83  0009              #line 83 "C:\Users\bet\Desktop\APP 紫外線版\UART.c"
  83  0009              ;# 83 "C:\Users\bet\Desktop\APP 紫外線版\UART.c" 1
  83  0009  0000        	nop
  83  000A  1480     E  	inc ra
  83  000B  0700     E  	mov a,ra
  83  000C  0A1A        	sub a,26
  83  000D  390A        	snz z
  83  000E  2800     R  	jmp _L6
  82  000F              #line 82 "C:\Users\bet\Desktop\APP 紫外線版\UART.c"
  82  000F  1480     E  	inc rb
  82  0010  3D0A        	sz z
  82  0011  1480     E  	inc rc
  82  0012  2800     R  	jmp _L3
  82  0013              _L2:
  82  0013  0003        	ret
  82  0014              _Delay100us endp
  82  0014              #line 82 "C:\Users\bet\Desktop\APP 紫外線版\UART.c"
  82  0014              #pragma debug scope 1 1
  82  0014              public _Delayms
  82  0014              #pragma debug scope 5 1
  90  0014              #line 90 "C:\Users\bet\Desktop\APP 紫外線版\UART.c"
  90  0000              _Delayms .section 'code'
  90  0000              _Delayms proc
  90  0000              public _Delayms_2
"File: UART.c        Assembler  Version HGASM0202      Page 5

  90  0000  0002[           local _Delayms_2 db 2 dup(?)	; 2,0
            00
            ]
  90  0002              #pragma debug variable 10 5 _Delayms_2+0 "del"
  92  0000              #line 92 "C:\Users\bet\Desktop\APP 紫外線版\UART.c"
  92  0000  1F00     E  	clr rb
  92  0001  1F00     E  	clr rc
  92  0002  2800     R  	jmp _L9
  92  0003              _L10:
  92  0003              #line 92 "C:\Users\bet\Desktop\APP 紫外線版\UART.c"
  92  0003              ;# 92 "C:\Users\bet\Desktop\APP 紫外線版\UART.c" 1
  92  0003              	IF 2000>263690
  92  0003              ;# 92 "C:\Users\bet\Desktop\APP 紫外線版\UART.c" 1
  92  0003              	ERRMESSAGE 'the value 2000of the argument exceeds the maxinum 263690'
  92  0003              	ENDIF
  92  0003              ;# 92 "C:\Users\bet\Desktop\APP 紫外線版\UART.c" 1
  92  0003              	IF 2000<0
  92  0003              ;# 92 "C:\Users\bet\Desktop\APP 紫外線版\UART.c" 1
  92  0003              	ERRMESSAGE 'the value 2000 of the argument exceeds the mininum 0'
  92  0003              	ENDIF
  92  0003              ;# 92 "C:\Users\bet\Desktop\APP 紫外線版\UART.c" 1
  92  0003              	IF 2000==0
  92  0003              ;# 92 "C:\Users\bet\Desktop\APP 紫外線版\UART.c" 1
  92  0003              	JMP $
  92  0003              	ENDIF
  92  0003              ;# 92 "C:\Users\bet\Desktop\APP 紫外線版\UART.c" 1
  92  0003              	IF (2000>=1) AND (2000<( 4 + __PBP__ * 2))
  92  0003              ;# 92 "C:\Users\bet\Desktop\APP 紫外線版\UART.c" 1
  92  0003              	NOP
  92  0003              	ENDIF
  92  0003              ;# 92 "C:\Users\bet\Desktop\APP 紫外線版\UART.c" 1
  92  0003              	IF (2000>=2) AND (2000<( 4 + __PBP__ * 2))
  92  0003              ;# 92 "C:\Users\bet\Desktop\APP 紫外線版\UART.c" 1
  92  0003              	NOP
  92  0003              	ENDIF
  92  0003              ;# 92 "C:\Users\bet\Desktop\APP 紫外線版\UART.c" 1
  92  0003              	IF (2000>=3) AND (2000<( 4 + __PBP__ * 2))
  92  0003              ;# 92 "C:\Users\bet\Desktop\APP 紫外線版\UART.c" 1
  92  0003              	NOP
  92  0003              	ENDIF
  92  0003              ;# 92 "C:\Users\bet\Desktop\APP 紫外線版\UART.c" 1
  92  0003              	IF (2000>=4) AND (2000<( 4 + __PBP__ * 2)) AND ( __PBP__ > 0 )
  92  0003              ;# 92 "C:\Users\bet\Desktop\APP 紫外線版\UART.c" 1
  92  0003              	NOP
  92  0003              	ENDIF
  92  0003              ;# 92 "C:\Users\bet\Desktop\APP 紫外線版\UART.c" 1
  92  0003              	IF (2000>=5) AND (2000<( 4 + __PBP__ * 2)) AND ( __PBP__ > 0 )
  92  0003              ;# 92 "C:\Users\bet\Desktop\APP 紫外線版\UART.c" 1
  92  0003              	NOP
  92  0003              	ENDIF
  92  0003              ;# 92 "C:\Users\bet\Desktop\APP 紫外線版\UART.c" 1
  92  0003              	IF (2000>=6) AND (2000<( 4 + __PBP__ * 2))  AND ( __PBP__ > 1 )
  92  0003              ;# 92 "C:\Users\bet\Desktop\APP 紫外線版\UART.c" 1
  92  0003              	NOP
  92  0003              	ENDIF
  92  0003              ;# 92 "C:\Users\bet\Desktop\APP 紫外線版\UART.c" 1
  92  0003              	IF (2000>=7) AND (2000<( 4 + __PBP__ * 2))  AND ( __PBP__ > 1 )
  92  0003              ;# 92 "C:\Users\bet\Desktop\APP 紫外線版\UART.c" 1
  92  0003              	NOP
  92  0003              	ENDIF
"File: UART.c        Assembler  Version HGASM0202      Page 6

  92  0003              ;# 92 "C:\Users\bet\Desktop\APP 紫外線版\UART.c" 1
  92  0003              	IF (2000>=8) AND (2000<( 4 + __PBP__ * 2))  AND ( __PBP__ > 2 )
  92  0003              ;# 92 "C:\Users\bet\Desktop\APP 紫外線版\UART.c" 1
  92  0003              	NOP
  92  0003              	ENDIF
  92  0003              ;# 92 "C:\Users\bet\Desktop\APP 紫外線版\UART.c" 1
  92  0003              	IF (2000==9)  AND ( __PBP__ > 2 )
  92  0003              ;# 92 "C:\Users\bet\Desktop\APP 紫外線版\UART.c" 1
  92  0003              	NOP
  92  0003              	ENDIF
  92  0003              ;# 92 "C:\Users\bet\Desktop\APP 紫外線版\UART.c" 1
  92  0003              	IF (2000< ( 8 + __PBP__ * 2)) AND (2000>( 3 + __PBP__ * 2))
  92  0003              ;# 92 "C:\Users\bet\Desktop\APP 紫外線版\UART.c" 1
  92  0003              	fcall __DELAY3 + ( 7 + __PBP__ * 2) -2000
  92  0003              	ENDIF
  92  0003              ;# 92 "C:\Users\bet\Desktop\APP 紫外線版\UART.c" 1
  92  0003              	IF (2000< ( 0404h + __PBP__ * 2)) AND (2000>( 7 + __PBP__ * 2))
  92  0003              ;# 92 "C:\Users\bet\Desktop\APP 紫外線版\UART.c" 1
  92  0003              	MOV A,(2000-( 4 + __PBP__ * 2))/4
  92  0003              ;# 92 "C:\Users\bet\Desktop\APP 紫外線版\UART.c" 1
  92  0003              	fcall __DELAYX3 + 3 -((2000-( 4 + __PBP__ * 2)) MOD 4) 
  92  0003              	ENDIF
  92  0003              ;# 92 "C:\Users\bet\Desktop\APP 紫外線版\UART.c" 1
  92  0003              	IF (2000< ( 040bh + __PBP__ * 2)) AND (2000> ( 0403h + __PBP__ * 2))
  92  0003              ;# 92 "C:\Users\bet\Desktop\APP 紫外線版\UART.c" 1
  92  0003              	MOV A,0 
  92  0003              ;# 92 "C:\Users\bet\Desktop\APP 紫外線版\UART.c" 1
  92  0003              	fcall __DELAYX6 + ( 040ah + __PBP__ * 2) -2000
  92  0003              	ENDIF
  92  0003              ;# 92 "C:\Users\bet\Desktop\APP 紫外線版\UART.c" 1
  92  0003              	IF (2000 >= ( 040bh + __PBP__ * 2)) AND ((((2000-( 9 + __PBP__ * 2))%0402h)/4+1)>256)
  92  0003              ;# 92 "C:\Users\bet\Desktop\APP 紫外線版\UART.c" 1
  92  0003              	MOV A,(2000-( 9 + __PBP__ * 2))/0402h
  92  0003              ;# 92 "C:\Users\bet\Desktop\APP 紫外線版\UART.c" 1
  92  0003              	MOV _builtin_holtek_delay_2,A
  92  0003              ;# 92 "C:\Users\bet\Desktop\APP 紫外線版\UART.c" 1
  92  0003              	MOV A,0
  92  0003              ;# 92 "C:\Users\bet\Desktop\APP 紫外線版\UART.c" 1
  92  0003              	fcall __DELAYY5 +5- (((2000-( 9 + __PBP__ * 2))%0402h)%6) 
  92  0003              	ENDIF
  92  0003              ;# 92 "C:\Users\bet\Desktop\APP 紫外線版\UART.c" 1
  92  0003              	IF (2000 >= ( 040bh + __PBP__ * 2)) AND ((((2000-( 9 + __PBP__ * 2))%0402h)/4+1)<=256)
  92  0003              ;# 92 "C:\Users\bet\Desktop\APP 紫外線版\UART.c" 1
  92  0003  0F01        	MOV A,(2000-( 9 + __PBP__ * 2))/0402h
  92  0004              ;# 92 "C:\Users\bet\Desktop\APP 紫外線版\UART.c" 1
  92  0004  0080     E  	MOV _builtin_holtek_delay_2,A
  92  0005              ;# 92 "C:\Users\bet\Desktop\APP 紫外線版\UART.c" 1
  92  0005  0FF1        	MOV A,((2000-( 9 + __PBP__ * 2))%0402h)/4+1
  92  0006              ;# 92 "C:\Users\bet\Desktop\APP 紫外線版\UART.c" 1
  92  0006              	fcall __DELAYY3 +3-(((2000-( 9 + __PBP__ * 2))%0402h)%4) 
  92  000D              	ENDIF
  92  000D  1480     E  	inc rb
  92  000E  3D0A        	sz z
  92  000F  1480     E  	inc rc
  92  0010              _L9:
  92  0010  0700     E  	mov a,rb
  92  0011  0200     R  	sub a,_Delayms_2[0]
  92  0012  0700     E  	mov a,rc
  92  0013  1200     R  	sbc a,_Delayms_2[1]
  92  0014  3B0A        	snz cz
"File: UART.c        Assembler  Version HGASM0202      Page 7

  92  0015  2800     R  	jmp _L10
  92  0016  0003        	ret
  92  0017              _Delayms endp
  92  0017              #line 92 "C:\Users\bet\Desktop\APP 紫外線版\UART.c"
  92  0017              #pragma debug scope 1 1
  92  0017              public _GPIO_init
  92  0017              #pragma debug scope 6 1
  95  0017              #line 95 "C:\Users\bet\Desktop\APP 紫外線版\UART.c"
  95  0000              _GPIO_init .section 'code'
  95  0000              _GPIO_init proc
  95  0000  0003        	ret
  95  0001              _GPIO_init endp
  95  0001              #line 95 "C:\Users\bet\Desktop\APP 紫外線版\UART.c"
  95  0001              #pragma debug scope 1 1
  95  0001              ___pec equ [35]
  95  0001              public _UART_init
  95  0001              #pragma debug scope 7 1
 102  0001              #line 102 "C:\Users\bet\Desktop\APP 紫外線版\UART.c"
 102  0000              _UART_init .section 'code'
 102  0000              _UART_init proc
 103  0000              #line 103 "C:\Users\bet\Desktop\APP 紫外線版\UART.c"
 103  0000  34A3        	clr [35].1
 104  0001              #line 104 "C:\Users\bet\Desktop\APP 紫外線版\UART.c"
 104  0001  3023        	set [35].0
 104  0002  0003        	ret
 104  0003              _UART_init endp
 104  0003              #line 104 "C:\Users\bet\Desktop\APP 紫外線版\UART.c"
 104  0003              #pragma debug scope 1 1
 104  0003              ___pe equ [34]
 104  0003              public _PC_RX
 104  0003              #pragma debug scope 8 1
 108  0003              #line 108 "C:\Users\bet\Desktop\APP 紫外線版\UART.c"
 108  0000              _PC_RX .section 'code'
 108  0000              _PC_RX proc
 108  0000              _L15:
 110  0000              #line 110 "C:\Users\bet\Desktop\APP 紫外線版\UART.c"
 110  0000  3C22        	sz [34].0
 110  0001  2800     R  	jmp _L15
 111  0002              #line 111 "C:\Users\bet\Desktop\APP 紫外線版\UART.c"
 111  0002              ;# 111 "C:\Users\bet\Desktop\APP 紫外線版\UART.c" 1
 111  0002              	IF 205>263690
 111  0002              ;# 111 "C:\Users\bet\Desktop\APP 紫外線版\UART.c" 1
 111  0002              	ERRMESSAGE 'the value 205of the argument exceeds the maxinum 263690'
 111  0002              	ENDIF
 111  0002              ;# 111 "C:\Users\bet\Desktop\APP 紫外線版\UART.c" 1
 111  0002              	IF 205<0
 111  0002              ;# 111 "C:\Users\bet\Desktop\APP 紫外線版\UART.c" 1
 111  0002              	ERRMESSAGE 'the value 205 of the argument exceeds the mininum 0'
 111  0002              	ENDIF
 111  0002              ;# 111 "C:\Users\bet\Desktop\APP 紫外線版\UART.c" 1
 111  0002              	IF 205==0
 111  0002              ;# 111 "C:\Users\bet\Desktop\APP 紫外線版\UART.c" 1
 111  0002              	JMP $
 111  0002              	ENDIF
 111  0002              ;# 111 "C:\Users\bet\Desktop\APP 紫外線版\UART.c" 1
 111  0002              	IF (205>=1) AND (205<( 4 + __PBP__ * 2))
 111  0002              ;# 111 "C:\Users\bet\Desktop\APP 紫外線版\UART.c" 1
 111  0002              	NOP
 111  0002              	ENDIF
 111  0002              ;# 111 "C:\Users\bet\Desktop\APP 紫外線版\UART.c" 1
"File: UART.c        Assembler  Version HGASM0202      Page 8

 111  0002              	IF (205>=2) AND (205<( 4 + __PBP__ * 2))
 111  0002              ;# 111 "C:\Users\bet\Desktop\APP 紫外線版\UART.c" 1
 111  0002              	NOP
 111  0002              	ENDIF
 111  0002              ;# 111 "C:\Users\bet\Desktop\APP 紫外線版\UART.c" 1
 111  0002              	IF (205>=3) AND (205<( 4 + __PBP__ * 2))
 111  0002              ;# 111 "C:\Users\bet\Desktop\APP 紫外線版\UART.c" 1
 111  0002              	NOP
 111  0002              	ENDIF
 111  0002              ;# 111 "C:\Users\bet\Desktop\APP 紫外線版\UART.c" 1
 111  0002              	IF (205>=4) AND (205<( 4 + __PBP__ * 2)) AND ( __PBP__ > 0 )
 111  0002              ;# 111 "C:\Users\bet\Desktop\APP 紫外線版\UART.c" 1
 111  0002              	NOP
 111  0002              	ENDIF
 111  0002              ;# 111 "C:\Users\bet\Desktop\APP 紫外線版\UART.c" 1
 111  0002              	IF (205>=5) AND (205<( 4 + __PBP__ * 2)) AND ( __PBP__ > 0 )
 111  0002              ;# 111 "C:\Users\bet\Desktop\APP 紫外線版\UART.c" 1
 111  0002              	NOP
 111  0002              	ENDIF
 111  0002              ;# 111 "C:\Users\bet\Desktop\APP 紫外線版\UART.c" 1
 111  0002              	IF (205>=6) AND (205<( 4 + __PBP__ * 2))  AND ( __PBP__ > 1 )
 111  0002              ;# 111 "C:\Users\bet\Desktop\APP 紫外線版\UART.c" 1
 111  0002              	NOP
 111  0002              	ENDIF
 111  0002              ;# 111 "C:\Users\bet\Desktop\APP 紫外線版\UART.c" 1
 111  0002              	IF (205>=7) AND (205<( 4 + __PBP__ * 2))  AND ( __PBP__ > 1 )
 111  0002              ;# 111 "C:\Users\bet\Desktop\APP 紫外線版\UART.c" 1
 111  0002              	NOP
 111  0002              	ENDIF
 111  0002              ;# 111 "C:\Users\bet\Desktop\APP 紫外線版\UART.c" 1
 111  0002              	IF (205>=8) AND (205<( 4 + __PBP__ * 2))  AND ( __PBP__ > 2 )
 111  0002              ;# 111 "C:\Users\bet\Desktop\APP 紫外線版\UART.c" 1
 111  0002              	NOP
 111  0002              	ENDIF
 111  0002              ;# 111 "C:\Users\bet\Desktop\APP 紫外線版\UART.c" 1
 111  0002              	IF (205==9)  AND ( __PBP__ > 2 )
 111  0002              ;# 111 "C:\Users\bet\Desktop\APP 紫外線版\UART.c" 1
 111  0002              	NOP
 111  0002              	ENDIF
 111  0002              ;# 111 "C:\Users\bet\Desktop\APP 紫外線版\UART.c" 1
 111  0002              	IF (205< ( 8 + __PBP__ * 2)) AND (205>( 3 + __PBP__ * 2))
 111  0002              ;# 111 "C:\Users\bet\Desktop\APP 紫外線版\UART.c" 1
 111  0002              	fcall __DELAY3 + ( 7 + __PBP__ * 2) -205
 111  0002              	ENDIF
 111  0002              ;# 111 "C:\Users\bet\Desktop\APP 紫外線版\UART.c" 1
 111  0002              	IF (205< ( 0404h + __PBP__ * 2)) AND (205>( 7 + __PBP__ * 2))
 111  0002              ;# 111 "C:\Users\bet\Desktop\APP 紫外線版\UART.c" 1
 111  0002  0F31        	MOV A,(205-( 4 + __PBP__ * 2))/4
 111  0003              ;# 111 "C:\Users\bet\Desktop\APP 紫外線版\UART.c" 1
 111  0003              	fcall __DELAYX3 + 3 -((205-( 4 + __PBP__ * 2)) MOD 4) 
 111  000A              	ENDIF
 111  000A              ;# 111 "C:\Users\bet\Desktop\APP 紫外線版\UART.c" 1
 111  000A              	IF (205< ( 040bh + __PBP__ * 2)) AND (205> ( 0403h + __PBP__ * 2))
 111  000A              ;# 111 "C:\Users\bet\Desktop\APP 紫外線版\UART.c" 1
 111  000A              	MOV A,0 
 111  000A              ;# 111 "C:\Users\bet\Desktop\APP 紫外線版\UART.c" 1
 111  000A              	fcall __DELAYX6 + ( 040ah + __PBP__ * 2) -205
 111  000A              	ENDIF
 111  000A              ;# 111 "C:\Users\bet\Desktop\APP 紫外線版\UART.c" 1
 111  000A              	IF (205 >= ( 040bh + __PBP__ * 2)) AND ((((205-( 9 + __PBP__ * 2))%0402h)/4+1)>256)
"File: UART.c        Assembler  Version HGASM0202      Page 9

 111  000A              ;# 111 "C:\Users\bet\Desktop\APP 紫外線版\UART.c" 1
 111  000A              	MOV A,(205-( 9 + __PBP__ * 2))/0402h
 111  000A              ;# 111 "C:\Users\bet\Desktop\APP 紫外線版\UART.c" 1
 111  000A              	MOV _builtin_holtek_delay_2,A
 111  000A              ;# 111 "C:\Users\bet\Desktop\APP 紫外線版\UART.c" 1
 111  000A              	MOV A,0
 111  000A              ;# 111 "C:\Users\bet\Desktop\APP 紫外線版\UART.c" 1
 111  000A              	fcall __DELAYY5 +5- (((205-( 9 + __PBP__ * 2))%0402h)%6) 
 111  000A              	ENDIF
 111  000A              ;# 111 "C:\Users\bet\Desktop\APP 紫外線版\UART.c" 1
 111  000A              	IF (205 >= ( 040bh + __PBP__ * 2)) AND ((((205-( 9 + __PBP__ * 2))%0402h)/4+1)<=256)
 111  000A              ;# 111 "C:\Users\bet\Desktop\APP 紫外線版\UART.c" 1
 111  000A              	MOV A,(205-( 9 + __PBP__ * 2))/0402h
 111  000A              ;# 111 "C:\Users\bet\Desktop\APP 紫外線版\UART.c" 1
 111  000A              	MOV _builtin_holtek_delay_2,A
 111  000A              ;# 111 "C:\Users\bet\Desktop\APP 紫外線版\UART.c" 1
 111  000A              	MOV A,((205-( 9 + __PBP__ * 2))%0402h)/4+1
 111  000A              ;# 111 "C:\Users\bet\Desktop\APP 紫外線版\UART.c" 1
 111  000A              	fcall __DELAYY3 +3-(((205-( 9 + __PBP__ * 2))%0402h)%4) 
 111  000A              	ENDIF
 112  000A              #line 112 "C:\Users\bet\Desktop\APP 紫外線版\UART.c"
 112  000A              ;# 112 "C:\Users\bet\Desktop\APP 紫外線版\UART.c" 1
 112  000A              	IF 205/2>263690
 112  000A              ;# 112 "C:\Users\bet\Desktop\APP 紫外線版\UART.c" 1
 112  000A              	ERRMESSAGE 'the value 205/2of the argument exceeds the maxinum 263690'
 112  000A              	ENDIF
 112  000A              ;# 112 "C:\Users\bet\Desktop\APP 紫外線版\UART.c" 1
 112  000A              	IF 205/2<0
 112  000A              ;# 112 "C:\Users\bet\Desktop\APP 紫外線版\UART.c" 1
 112  000A              	ERRMESSAGE 'the value 205/2 of the argument exceeds the mininum 0'
 112  000A              	ENDIF
 112  000A              ;# 112 "C:\Users\bet\Desktop\APP 紫外線版\UART.c" 1
 112  000A              	IF 205/2==0
 112  000A              ;# 112 "C:\Users\bet\Desktop\APP 紫外線版\UART.c" 1
 112  000A              	JMP $
 112  000A              	ENDIF
 112  000A              ;# 112 "C:\Users\bet\Desktop\APP 紫外線版\UART.c" 1
 112  000A              	IF (205/2>=1) AND (205/2<( 4 + __PBP__ * 2))
 112  000A              ;# 112 "C:\Users\bet\Desktop\APP 紫外線版\UART.c" 1
 112  000A              	NOP
 112  000A              	ENDIF
 112  000A              ;# 112 "C:\Users\bet\Desktop\APP 紫外線版\UART.c" 1
 112  000A              	IF (205/2>=2) AND (205/2<( 4 + __PBP__ * 2))
 112  000A              ;# 112 "C:\Users\bet\Desktop\APP 紫外線版\UART.c" 1
 112  000A              	NOP
 112  000A              	ENDIF
 112  000A              ;# 112 "C:\Users\bet\Desktop\APP 紫外線版\UART.c" 1
 112  000A              	IF (205/2>=3) AND (205/2<( 4 + __PBP__ * 2))
 112  000A              ;# 112 "C:\Users\bet\Desktop\APP 紫外線版\UART.c" 1
 112  000A              	NOP
 112  000A              	ENDIF
 112  000A              ;# 112 "C:\Users\bet\Desktop\APP 紫外線版\UART.c" 1
 112  000A              	IF (205/2>=4) AND (205/2<( 4 + __PBP__ * 2)) AND ( __PBP__ > 0 )
 112  000A              ;# 112 "C:\Users\bet\Desktop\APP 紫外線版\UART.c" 1
 112  000A              	NOP
 112  000A              	ENDIF
 112  000A              ;# 112 "C:\Users\bet\Desktop\APP 紫外線版\UART.c" 1
 112  000A              	IF (205/2>=5) AND (205/2<( 4 + __PBP__ * 2)) AND ( __PBP__ > 0 )
 112  000A              ;# 112 "C:\Users\bet\Desktop\APP 紫外線版\UART.c" 1
 112  000A              	NOP
"File: UART.c        Assembler  Version HGASM0202      Page 10

 112  000A              	ENDIF
 112  000A              ;# 112 "C:\Users\bet\Desktop\APP 紫外線版\UART.c" 1
 112  000A              	IF (205/2>=6) AND (205/2<( 4 + __PBP__ * 2))  AND ( __PBP__ > 1 )
 112  000A              ;# 112 "C:\Users\bet\Desktop\APP 紫外線版\UART.c" 1
 112  000A              	NOP
 112  000A              	ENDIF
 112  000A              ;# 112 "C:\Users\bet\Desktop\APP 紫外線版\UART.c" 1
 112  000A              	IF (205/2>=7) AND (205/2<( 4 + __PBP__ * 2))  AND ( __PBP__ > 1 )
 112  000A              ;# 112 "C:\Users\bet\Desktop\APP 紫外線版\UART.c" 1
 112  000A              	NOP
 112  000A              	ENDIF
 112  000A              ;# 112 "C:\Users\bet\Desktop\APP 紫外線版\UART.c" 1
 112  000A              	IF (205/2>=8) AND (205/2<( 4 + __PBP__ * 2))  AND ( __PBP__ > 2 )
 112  000A              ;# 112 "C:\Users\bet\Desktop\APP 紫外線版\UART.c" 1
 112  000A              	NOP
 112  000A              	ENDIF
 112  000A              ;# 112 "C:\Users\bet\Desktop\APP 紫外線版\UART.c" 1
 112  000A              	IF (205/2==9)  AND ( __PBP__ > 2 )
 112  000A              ;# 112 "C:\Users\bet\Desktop\APP 紫外線版\UART.c" 1
 112  000A              	NOP
 112  000A              	ENDIF
 112  000A              ;# 112 "C:\Users\bet\Desktop\APP 紫外線版\UART.c" 1
 112  000A              	IF (205/2< ( 8 + __PBP__ * 2)) AND (205/2>( 3 + __PBP__ * 2))
 112  000A              ;# 112 "C:\Users\bet\Desktop\APP 紫外線版\UART.c" 1
 112  000A              	fcall __DELAY3 + ( 7 + __PBP__ * 2) -205/2
 112  000A              	ENDIF
 112  000A              ;# 112 "C:\Users\bet\Desktop\APP 紫外線版\UART.c" 1
 112  000A              	IF (205/2< ( 0404h + __PBP__ * 2)) AND (205/2>( 7 + __PBP__ * 2))
 112  000A              ;# 112 "C:\Users\bet\Desktop\APP 紫外線版\UART.c" 1
 112  000A  0F17        	MOV A,(205/2-( 4 + __PBP__ * 2))/4
 112  000B              ;# 112 "C:\Users\bet\Desktop\APP 紫外線版\UART.c" 1
 112  000B              	fcall __DELAYX3 + 3 -((205/2-( 4 + __PBP__ * 2)) MOD 4) 
 112  0012              	ENDIF
 112  0012              ;# 112 "C:\Users\bet\Desktop\APP 紫外線版\UART.c" 1
 112  0012              	IF (205/2< ( 040bh + __PBP__ * 2)) AND (205/2> ( 0403h + __PBP__ * 2))
 112  0012              ;# 112 "C:\Users\bet\Desktop\APP 紫外線版\UART.c" 1
 112  0012              	MOV A,0 
 112  0012              ;# 112 "C:\Users\bet\Desktop\APP 紫外線版\UART.c" 1
 112  0012              	fcall __DELAYX6 + ( 040ah + __PBP__ * 2) -205/2
 112  0012              	ENDIF
 112  0012              ;# 112 "C:\Users\bet\Desktop\APP 紫外線版\UART.c" 1
 112  0012              	IF (205/2 >= ( 040bh + __PBP__ * 2)) AND ((((205/2-( 9 + __PBP__ * 2))%0402h)/4+1)>256)
 112  0012              ;# 112 "C:\Users\bet\Desktop\APP 紫外線版\UART.c" 1
 112  0012              	MOV A,(205/2-( 9 + __PBP__ * 2))/0402h
 112  0012              ;# 112 "C:\Users\bet\Desktop\APP 紫外線版\UART.c" 1
 112  0012              	MOV _builtin_holtek_delay_2,A
 112  0012              ;# 112 "C:\Users\bet\Desktop\APP 紫外線版\UART.c" 1
 112  0012              	MOV A,0
 112  0012              ;# 112 "C:\Users\bet\Desktop\APP 紫外線版\UART.c" 1
 112  0012              	fcall __DELAYY5 +5- (((205/2-( 9 + __PBP__ * 2))%0402h)%6) 
 112  0012              	ENDIF
 112  0012              ;# 112 "C:\Users\bet\Desktop\APP 紫外線版\UART.c" 1
 112  0012              	IF (205/2 >= ( 040bh + __PBP__ * 2)) AND ((((205/2-( 9 + __PBP__ * 2))%0402h)/4+1)<=256)
 112  0012              ;# 112 "C:\Users\bet\Desktop\APP 紫外線版\UART.c" 1
 112  0012              	MOV A,(205/2-( 9 + __PBP__ * 2))/0402h
 112  0012              ;# 112 "C:\Users\bet\Desktop\APP 紫外線版\UART.c" 1
 112  0012              	MOV _builtin_holtek_delay_2,A
 112  0012              ;# 112 "C:\Users\bet\Desktop\APP 紫外線版\UART.c" 1
 112  0012              	MOV A,((205/2-( 9 + __PBP__ * 2))%0402h)/4+1
 112  0012              ;# 112 "C:\Users\bet\Desktop\APP 紫外線版\UART.c" 1
"File: UART.c        Assembler  Version HGASM0202      Page 11

 112  0012              	fcall __DELAYY3 +3-(((205/2-( 9 + __PBP__ * 2))%0402h)%4) 
 112  0012              	ENDIF
 112  0012  0F08        	mov a,8
 112  0013  0080     E  	mov rb,a
 109  0014              #line 109 "C:\Users\bet\Desktop\APP 紫外線版\UART.c"
 109  0014  1F00     E  	clr ra
 109  0015              _L18:
 115  0015              #line 115 "C:\Users\bet\Desktop\APP 紫外線版\UART.c"
 115  0015  340A        	clr c
 115  0016  1B80     E  	rrc ra
 116  0017              #line 116 "C:\Users\bet\Desktop\APP 紫外線版\UART.c"
 116  0017  3822        	snz [34].0
 116  0018  2800     R  	jmp _L16
 116  0019  3000     E  	set ra.7
 116  001A              _L16:
 117  001A              #line 117 "C:\Users\bet\Desktop\APP 紫外線版\UART.c"
 117  001A              ;# 117 "C:\Users\bet\Desktop\APP 紫外線版\UART.c" 1
 117  001A              	IF 205-15>263690
 117  001A              ;# 117 "C:\Users\bet\Desktop\APP 紫外線版\UART.c" 1
 117  001A              	ERRMESSAGE 'the value 205-15of the argument exceeds the maxinum 263690'
 117  001A              	ENDIF
 117  001A              ;# 117 "C:\Users\bet\Desktop\APP 紫外線版\UART.c" 1
 117  001A              	IF 205-15<0
 117  001A              ;# 117 "C:\Users\bet\Desktop\APP 紫外線版\UART.c" 1
 117  001A              	ERRMESSAGE 'the value 205-15 of the argument exceeds the mininum 0'
 117  001A              	ENDIF
 117  001A              ;# 117 "C:\Users\bet\Desktop\APP 紫外線版\UART.c" 1
 117  001A              	IF 205-15==0
 117  001A              ;# 117 "C:\Users\bet\Desktop\APP 紫外線版\UART.c" 1
 117  001A              	JMP $
 117  001A              	ENDIF
 117  001A              ;# 117 "C:\Users\bet\Desktop\APP 紫外線版\UART.c" 1
 117  001A              	IF (205-15>=1) AND (205-15<( 4 + __PBP__ * 2))
 117  001A              ;# 117 "C:\Users\bet\Desktop\APP 紫外線版\UART.c" 1
 117  001A              	NOP
 117  001A              	ENDIF
 117  001A              ;# 117 "C:\Users\bet\Desktop\APP 紫外線版\UART.c" 1
 117  001A              	IF (205-15>=2) AND (205-15<( 4 + __PBP__ * 2))
 117  001A              ;# 117 "C:\Users\bet\Desktop\APP 紫外線版\UART.c" 1
 117  001A              	NOP
 117  001A              	ENDIF
 117  001A              ;# 117 "C:\Users\bet\Desktop\APP 紫外線版\UART.c" 1
 117  001A              	IF (205-15>=3) AND (205-15<( 4 + __PBP__ * 2))
 117  001A              ;# 117 "C:\Users\bet\Desktop\APP 紫外線版\UART.c" 1
 117  001A              	NOP
 117  001A              	ENDIF
 117  001A              ;# 117 "C:\Users\bet\Desktop\APP 紫外線版\UART.c" 1
 117  001A              	IF (205-15>=4) AND (205-15<( 4 + __PBP__ * 2)) AND ( __PBP__ > 0 )
 117  001A              ;# 117 "C:\Users\bet\Desktop\APP 紫外線版\UART.c" 1
 117  001A              	NOP
 117  001A              	ENDIF
 117  001A              ;# 117 "C:\Users\bet\Desktop\APP 紫外線版\UART.c" 1
 117  001A              	IF (205-15>=5) AND (205-15<( 4 + __PBP__ * 2)) AND ( __PBP__ > 0 )
 117  001A              ;# 117 "C:\Users\bet\Desktop\APP 紫外線版\UART.c" 1
 117  001A              	NOP
 117  001A              	ENDIF
 117  001A              ;# 117 "C:\Users\bet\Desktop\APP 紫外線版\UART.c" 1
 117  001A              	IF (205-15>=6) AND (205-15<( 4 + __PBP__ * 2))  AND ( __PBP__ > 1 )
 117  001A              ;# 117 "C:\Users\bet\Desktop\APP 紫外線版\UART.c" 1
 117  001A              	NOP
"File: UART.c        Assembler  Version HGASM0202      Page 12

 117  001A              	ENDIF
 117  001A              ;# 117 "C:\Users\bet\Desktop\APP 紫外線版\UART.c" 1
 117  001A              	IF (205-15>=7) AND (205-15<( 4 + __PBP__ * 2))  AND ( __PBP__ > 1 )
 117  001A              ;# 117 "C:\Users\bet\Desktop\APP 紫外線版\UART.c" 1
 117  001A              	NOP
 117  001A              	ENDIF
 117  001A              ;# 117 "C:\Users\bet\Desktop\APP 紫外線版\UART.c" 1
 117  001A              	IF (205-15>=8) AND (205-15<( 4 + __PBP__ * 2))  AND ( __PBP__ > 2 )
 117  001A              ;# 117 "C:\Users\bet\Desktop\APP 紫外線版\UART.c" 1
 117  001A              	NOP
 117  001A              	ENDIF
 117  001A              ;# 117 "C:\Users\bet\Desktop\APP 紫外線版\UART.c" 1
 117  001A              	IF (205-15==9)  AND ( __PBP__ > 2 )
 117  001A              ;# 117 "C:\Users\bet\Desktop\APP 紫外線版\UART.c" 1
 117  001A              	NOP
 117  001A              	ENDIF
 117  001A              ;# 117 "C:\Users\bet\Desktop\APP 紫外線版\UART.c" 1
 117  001A              	IF (205-15< ( 8 + __PBP__ * 2)) AND (205-15>( 3 + __PBP__ * 2))
 117  001A              ;# 117 "C:\Users\bet\Desktop\APP 紫外線版\UART.c" 1
 117  001A              	fcall __DELAY3 + ( 7 + __PBP__ * 2) -205-15
 117  001A              	ENDIF
 117  001A              ;# 117 "C:\Users\bet\Desktop\APP 紫外線版\UART.c" 1
 117  001A              	IF (205-15< ( 0404h + __PBP__ * 2)) AND (205-15>( 7 + __PBP__ * 2))
 117  001A              ;# 117 "C:\Users\bet\Desktop\APP 紫外線版\UART.c" 1
 117  001A  0F2D        	MOV A,(205-15-( 4 + __PBP__ * 2))/4
 117  001B              ;# 117 "C:\Users\bet\Desktop\APP 紫外線版\UART.c" 1
 117  001B              	fcall __DELAYX3 + 3 -((205-15-( 4 + __PBP__ * 2)) MOD 4) 
 117  0022              	ENDIF
 117  0022              ;# 117 "C:\Users\bet\Desktop\APP 紫外線版\UART.c" 1
 117  0022              	IF (205-15< ( 040bh + __PBP__ * 2)) AND (205-15> ( 0403h + __PBP__ * 2))
 117  0022              ;# 117 "C:\Users\bet\Desktop\APP 紫外線版\UART.c" 1
 117  0022              	MOV A,0 
 117  0022              ;# 117 "C:\Users\bet\Desktop\APP 紫外線版\UART.c" 1
 117  0022              	fcall __DELAYX6 + ( 040ah + __PBP__ * 2) -205-15
 117  0022              	ENDIF
 117  0022              ;# 117 "C:\Users\bet\Desktop\APP 紫外線版\UART.c" 1
 117  0022              	IF (205-15 >= ( 040bh + __PBP__ * 2)) AND ((((205-15-( 9 + __PBP__ * 2))%0402h)/4+1)>256)
 117  0022              ;# 117 "C:\Users\bet\Desktop\APP 紫外線版\UART.c" 1
 117  0022              	MOV A,(205-15-( 9 + __PBP__ * 2))/0402h
 117  0022              ;# 117 "C:\Users\bet\Desktop\APP 紫外線版\UART.c" 1
 117  0022              	MOV _builtin_holtek_delay_2,A
 117  0022              ;# 117 "C:\Users\bet\Desktop\APP 紫外線版\UART.c" 1
 117  0022              	MOV A,0
 117  0022              ;# 117 "C:\Users\bet\Desktop\APP 紫外線版\UART.c" 1
 117  0022              	fcall __DELAYY5 +5- (((205-15-( 9 + __PBP__ * 2))%0402h)%6) 
 117  0022              	ENDIF
 117  0022              ;# 117 "C:\Users\bet\Desktop\APP 紫外線版\UART.c" 1
 117  0022              	IF (205-15 >= ( 040bh + __PBP__ * 2)) AND ((((205-15-( 9 + __PBP__ * 2))%0402h)/4+1)<=256)
 117  0022              ;# 117 "C:\Users\bet\Desktop\APP 紫外線版\UART.c" 1
 117  0022              	MOV A,(205-15-( 9 + __PBP__ * 2))/0402h
 117  0022              ;# 117 "C:\Users\bet\Desktop\APP 紫外線版\UART.c" 1
 117  0022              	MOV _builtin_holtek_delay_2,A
 117  0022              ;# 117 "C:\Users\bet\Desktop\APP 紫外線版\UART.c" 1
 117  0022              	MOV A,((205-15-( 9 + __PBP__ * 2))%0402h)/4+1
 117  0022              ;# 117 "C:\Users\bet\Desktop\APP 紫外線版\UART.c" 1
 117  0022              	fcall __DELAYY3 +3-(((205-15-( 9 + __PBP__ * 2))%0402h)%4) 
 117  0022              	ENDIF
 117  0022  1780     E  	sdz rb
 117  0023  2800     R  	jmp _L18
 120  0024              #line 120 "C:\Users\bet\Desktop\APP 紫外線版\UART.c"
"File: UART.c        Assembler  Version HGASM0202      Page 13

 120  0024  0700     E  	mov a,ra
 120  0025  0003        	ret
 120  0026              _PC_RX endp
 120  0026              #line 120 "C:\Users\bet\Desktop\APP 紫外線版\UART.c"
 120  0026              #pragma debug scope 1 1
 120  0026              public _rx_string
 120  0026              #pragma debug scope 9 1
 122  0026              #line 122 "C:\Users\bet\Desktop\APP 紫外線版\UART.c"
 122  0000              _rx_string .section 'code'
 122  0000              _rx_string proc
 122  0000  0002[           local _rx_string_2 db 2 dup(?)	; 0,2
            00
            ]
 122  0002              #pragma debug variable 7 9 _rx_string_2+1 "w"
 122  0000  0F0A        	mov a,10
 122  0001  0080     R  	mov _rx_string_2[0],a
 124  0002              #line 124 "C:\Users\bet\Desktop\APP 紫外線版\UART.c"
 124  0002  1F00     R  	clr _rx_string_2[1]
 124  0003              _L24:
 126  0003              #line 126 "C:\Users\bet\Desktop\APP 紫外線版\UART.c"
 126  0003              	fcall _PC_RX
 126  000A  0080     E  	mov ra,a
 126  000B  3400     E  	clr ra.7
 126  000C  0700     R  	mov a,_rx_string_2[1]
 126  000D  0080     E  	mov rb,a
 126  000E  1F00     E  	clr rc
 126  000F  3F85        	sz acc.7
 126  0010  1F80     E  	set rc
 126  0011  0F00     R  	mov a,low offset _output
 126  0012  0300     E  	add a,rb
 126  0013  0083        	mov mp,a
 126  0014  0F00     R  	mov a,high offset _output
 126  0015  1300     E  	adc a,rc
 126  0016  0084        	mov sbp,a
 126  0017  0700     E  	mov a,ra
 126  0018  0082        	mov ir,a
 127  0019              #line 127 "C:\Users\bet\Desktop\APP 紫外線版\UART.c"
 127  0019  0700     E  	mov a,ra
 127  001A  0A0D        	sub a,13
 127  001B  3D0A        	sz z
 127  001C  2800     R  	jmp _L22
 124  001D              #line 124 "C:\Users\bet\Desktop\APP 紫外線版\UART.c"
 124  001D  1480     R  	inc _rx_string_2[1]
 124  001E  1780     R  	sdz _rx_string_2[0]
 124  001F  2800     R  	jmp _L24
 124  0020              _L22:
 124  0020  0003        	ret
 124  0021              _rx_string endp
 124  0021              #line 124 "C:\Users\bet\Desktop\APP 紫外線版\UART.c"
 124  0021              #pragma debug scope 1 1
 124  0021              public _PC_TX
 124  0021              #pragma debug scope 10 1
 131  0021              #line 131 "C:\Users\bet\Desktop\APP 紫外線版\UART.c"
 131  0000              _PC_TX .section 'code'
 131  0000              _PC_TX proc
 131  0000  00              local _PC_TX_2 db 1 dup(?)	; 0,1
 131  0000  0080     R  	mov _PC_TX_2[0],a
 131  0001              #pragma debug variable 7 10 _PC_TX_2+0 "da"
 134  0001              #line 134 "C:\Users\bet\Desktop\APP 紫外線版\UART.c"
 134  0001  34A2        	clr [34].1
"File: UART.c        Assembler  Version HGASM0202      Page 14

 134  0002              ;# 134 "C:\Users\bet\Desktop\APP 紫外線版\UART.c" 1
 134  0002              	IF 205>263690
 134  0002              ;# 134 "C:\Users\bet\Desktop\APP 紫外線版\UART.c" 1
 134  0002              	ERRMESSAGE 'the value 205of the argument exceeds the maxinum 263690'
 134  0002              	ENDIF
 134  0002              ;# 134 "C:\Users\bet\Desktop\APP 紫外線版\UART.c" 1
 134  0002              	IF 205<0
 134  0002              ;# 134 "C:\Users\bet\Desktop\APP 紫外線版\UART.c" 1
 134  0002              	ERRMESSAGE 'the value 205 of the argument exceeds the mininum 0'
 134  0002              	ENDIF
 134  0002              ;# 134 "C:\Users\bet\Desktop\APP 紫外線版\UART.c" 1
 134  0002              	IF 205==0
 134  0002              ;# 134 "C:\Users\bet\Desktop\APP 紫外線版\UART.c" 1
 134  0002              	JMP $
 134  0002              	ENDIF
 134  0002              ;# 134 "C:\Users\bet\Desktop\APP 紫外線版\UART.c" 1
 134  0002              	IF (205>=1) AND (205<( 4 + __PBP__ * 2))
 134  0002              ;# 134 "C:\Users\bet\Desktop\APP 紫外線版\UART.c" 1
 134  0002              	NOP
 134  0002              	ENDIF
 134  0002              ;# 134 "C:\Users\bet\Desktop\APP 紫外線版\UART.c" 1
 134  0002              	IF (205>=2) AND (205<( 4 + __PBP__ * 2))
 134  0002              ;# 134 "C:\Users\bet\Desktop\APP 紫外線版\UART.c" 1
 134  0002              	NOP
 134  0002              	ENDIF
 134  0002              ;# 134 "C:\Users\bet\Desktop\APP 紫外線版\UART.c" 1
 134  0002              	IF (205>=3) AND (205<( 4 + __PBP__ * 2))
 134  0002              ;# 134 "C:\Users\bet\Desktop\APP 紫外線版\UART.c" 1
 134  0002              	NOP
 134  0002              	ENDIF
 134  0002              ;# 134 "C:\Users\bet\Desktop\APP 紫外線版\UART.c" 1
 134  0002              	IF (205>=4) AND (205<( 4 + __PBP__ * 2)) AND ( __PBP__ > 0 )
 134  0002              ;# 134 "C:\Users\bet\Desktop\APP 紫外線版\UART.c" 1
 134  0002              	NOP
 134  0002              	ENDIF
 134  0002              ;# 134 "C:\Users\bet\Desktop\APP 紫外線版\UART.c" 1
 134  0002              	IF (205>=5) AND (205<( 4 + __PBP__ * 2)) AND ( __PBP__ > 0 )
 134  0002              ;# 134 "C:\Users\bet\Desktop\APP 紫外線版\UART.c" 1
 134  0002              	NOP
 134  0002              	ENDIF
 134  0002              ;# 134 "C:\Users\bet\Desktop\APP 紫外線版\UART.c" 1
 134  0002              	IF (205>=6) AND (205<( 4 + __PBP__ * 2))  AND ( __PBP__ > 1 )
 134  0002              ;# 134 "C:\Users\bet\Desktop\APP 紫外線版\UART.c" 1
 134  0002              	NOP
 134  0002              	ENDIF
 134  0002              ;# 134 "C:\Users\bet\Desktop\APP 紫外線版\UART.c" 1
 134  0002              	IF (205>=7) AND (205<( 4 + __PBP__ * 2))  AND ( __PBP__ > 1 )
 134  0002              ;# 134 "C:\Users\bet\Desktop\APP 紫外線版\UART.c" 1
 134  0002              	NOP
 134  0002              	ENDIF
 134  0002              ;# 134 "C:\Users\bet\Desktop\APP 紫外線版\UART.c" 1
 134  0002              	IF (205>=8) AND (205<( 4 + __PBP__ * 2))  AND ( __PBP__ > 2 )
 134  0002              ;# 134 "C:\Users\bet\Desktop\APP 紫外線版\UART.c" 1
 134  0002              	NOP
 134  0002              	ENDIF
 134  0002              ;# 134 "C:\Users\bet\Desktop\APP 紫外線版\UART.c" 1
 134  0002              	IF (205==9)  AND ( __PBP__ > 2 )
 134  0002              ;# 134 "C:\Users\bet\Desktop\APP 紫外線版\UART.c" 1
 134  0002              	NOP
 134  0002              	ENDIF
"File: UART.c        Assembler  Version HGASM0202      Page 15

 134  0002              ;# 134 "C:\Users\bet\Desktop\APP 紫外線版\UART.c" 1
 134  0002              	IF (205< ( 8 + __PBP__ * 2)) AND (205>( 3 + __PBP__ * 2))
 134  0002              ;# 134 "C:\Users\bet\Desktop\APP 紫外線版\UART.c" 1
 134  0002              	fcall __DELAY3 + ( 7 + __PBP__ * 2) -205
 134  0002              	ENDIF
 134  0002              ;# 134 "C:\Users\bet\Desktop\APP 紫外線版\UART.c" 1
 134  0002              	IF (205< ( 0404h + __PBP__ * 2)) AND (205>( 7 + __PBP__ * 2))
 134  0002              ;# 134 "C:\Users\bet\Desktop\APP 紫外線版\UART.c" 1
 134  0002  0F31        	MOV A,(205-( 4 + __PBP__ * 2))/4
 134  0003              ;# 134 "C:\Users\bet\Desktop\APP 紫外線版\UART.c" 1
 134  0003              	fcall __DELAYX3 + 3 -((205-( 4 + __PBP__ * 2)) MOD 4) 
 134  000A              	ENDIF
 134  000A              ;# 134 "C:\Users\bet\Desktop\APP 紫外線版\UART.c" 1
 134  000A              	IF (205< ( 040bh + __PBP__ * 2)) AND (205> ( 0403h + __PBP__ * 2))
 134  000A              ;# 134 "C:\Users\bet\Desktop\APP 紫外線版\UART.c" 1
 134  000A              	MOV A,0 
 134  000A              ;# 134 "C:\Users\bet\Desktop\APP 紫外線版\UART.c" 1
 134  000A              	fcall __DELAYX6 + ( 040ah + __PBP__ * 2) -205
 134  000A              	ENDIF
 134  000A              ;# 134 "C:\Users\bet\Desktop\APP 紫外線版\UART.c" 1
 134  000A              	IF (205 >= ( 040bh + __PBP__ * 2)) AND ((((205-( 9 + __PBP__ * 2))%0402h)/4+1)>256)
 134  000A              ;# 134 "C:\Users\bet\Desktop\APP 紫外線版\UART.c" 1
 134  000A              	MOV A,(205-( 9 + __PBP__ * 2))/0402h
 134  000A              ;# 134 "C:\Users\bet\Desktop\APP 紫外線版\UART.c" 1
 134  000A              	MOV _builtin_holtek_delay_2,A
 134  000A              ;# 134 "C:\Users\bet\Desktop\APP 紫外線版\UART.c" 1
 134  000A              	MOV A,0
 134  000A              ;# 134 "C:\Users\bet\Desktop\APP 紫外線版\UART.c" 1
 134  000A              	fcall __DELAYY5 +5- (((205-( 9 + __PBP__ * 2))%0402h)%6) 
 134  000A              	ENDIF
 134  000A              ;# 134 "C:\Users\bet\Desktop\APP 紫外線版\UART.c" 1
 134  000A              	IF (205 >= ( 040bh + __PBP__ * 2)) AND ((((205-( 9 + __PBP__ * 2))%0402h)/4+1)<=256)
 134  000A              ;# 134 "C:\Users\bet\Desktop\APP 紫外線版\UART.c" 1
 134  000A              	MOV A,(205-( 9 + __PBP__ * 2))/0402h
 134  000A              ;# 134 "C:\Users\bet\Desktop\APP 紫外線版\UART.c" 1
 134  000A              	MOV _builtin_holtek_delay_2,A
 134  000A              ;# 134 "C:\Users\bet\Desktop\APP 紫外線版\UART.c" 1
 134  000A              	MOV A,((205-( 9 + __PBP__ * 2))%0402h)/4+1
 134  000A              ;# 134 "C:\Users\bet\Desktop\APP 紫外線版\UART.c" 1
 134  000A              	fcall __DELAYY3 +3-(((205-( 9 + __PBP__ * 2))%0402h)%4) 
 134  000A              	ENDIF
 134  000A  0F08        	mov a,8
 134  000B  0080     E  	mov ra,a
 134  000C              _L35:
 137  000C              #line 137 "C:\Users\bet\Desktop\APP 紫外線版\UART.c"
 137  000C  3800     R  	snz _PC_TX_2[0].0
 137  000D  2800     R  	jmp _L32
 137  000E  30A2        	set [34].1
 137  000F  2800     R  	jmp _L33
 137  0010              _L32:
 138  0010              #line 138 "C:\Users\bet\Desktop\APP 紫外線版\UART.c"
 138  0010  34A2        	clr [34].1
 138  0011              _L33:
 139  0011              #line 139 "C:\Users\bet\Desktop\APP 紫外線版\UART.c"
 139  0011  1A00     R  	rlca _PC_TX_2[0]
 139  0012  1B80     R  	rrc _PC_TX_2[0]
 140  0013              #line 140 "C:\Users\bet\Desktop\APP 紫外線版\UART.c"
 140  0013              ;# 140 "C:\Users\bet\Desktop\APP 紫外線版\UART.c" 1
 140  0013              	IF 205-15>263690
 140  0013              ;# 140 "C:\Users\bet\Desktop\APP 紫外線版\UART.c" 1
"File: UART.c        Assembler  Version HGASM0202      Page 16

 140  0013              	ERRMESSAGE 'the value 205-15of the argument exceeds the maxinum 263690'
 140  0013              	ENDIF
 140  0013              ;# 140 "C:\Users\bet\Desktop\APP 紫外線版\UART.c" 1
 140  0013              	IF 205-15<0
 140  0013              ;# 140 "C:\Users\bet\Desktop\APP 紫外線版\UART.c" 1
 140  0013              	ERRMESSAGE 'the value 205-15 of the argument exceeds the mininum 0'
 140  0013              	ENDIF
 140  0013              ;# 140 "C:\Users\bet\Desktop\APP 紫外線版\UART.c" 1
 140  0013              	IF 205-15==0
 140  0013              ;# 140 "C:\Users\bet\Desktop\APP 紫外線版\UART.c" 1
 140  0013              	JMP $
 140  0013              	ENDIF
 140  0013              ;# 140 "C:\Users\bet\Desktop\APP 紫外線版\UART.c" 1
 140  0013              	IF (205-15>=1) AND (205-15<( 4 + __PBP__ * 2))
 140  0013              ;# 140 "C:\Users\bet\Desktop\APP 紫外線版\UART.c" 1
 140  0013              	NOP
 140  0013              	ENDIF
 140  0013              ;# 140 "C:\Users\bet\Desktop\APP 紫外線版\UART.c" 1
 140  0013              	IF (205-15>=2) AND (205-15<( 4 + __PBP__ * 2))
 140  0013              ;# 140 "C:\Users\bet\Desktop\APP 紫外線版\UART.c" 1
 140  0013              	NOP
 140  0013              	ENDIF
 140  0013              ;# 140 "C:\Users\bet\Desktop\APP 紫外線版\UART.c" 1
 140  0013              	IF (205-15>=3) AND (205-15<( 4 + __PBP__ * 2))
 140  0013              ;# 140 "C:\Users\bet\Desktop\APP 紫外線版\UART.c" 1
 140  0013              	NOP
 140  0013              	ENDIF
 140  0013              ;# 140 "C:\Users\bet\Desktop\APP 紫外線版\UART.c" 1
 140  0013              	IF (205-15>=4) AND (205-15<( 4 + __PBP__ * 2)) AND ( __PBP__ > 0 )
 140  0013              ;# 140 "C:\Users\bet\Desktop\APP 紫外線版\UART.c" 1
 140  0013              	NOP
 140  0013              	ENDIF
 140  0013              ;# 140 "C:\Users\bet\Desktop\APP 紫外線版\UART.c" 1
 140  0013              	IF (205-15>=5) AND (205-15<( 4 + __PBP__ * 2)) AND ( __PBP__ > 0 )
 140  0013              ;# 140 "C:\Users\bet\Desktop\APP 紫外線版\UART.c" 1
 140  0013              	NOP
 140  0013              	ENDIF
 140  0013              ;# 140 "C:\Users\bet\Desktop\APP 紫外線版\UART.c" 1
 140  0013              	IF (205-15>=6) AND (205-15<( 4 + __PBP__ * 2))  AND ( __PBP__ > 1 )
 140  0013              ;# 140 "C:\Users\bet\Desktop\APP 紫外線版\UART.c" 1
 140  0013              	NOP
 140  0013              	ENDIF
 140  0013              ;# 140 "C:\Users\bet\Desktop\APP 紫外線版\UART.c" 1
 140  0013              	IF (205-15>=7) AND (205-15<( 4 + __PBP__ * 2))  AND ( __PBP__ > 1 )
 140  0013              ;# 140 "C:\Users\bet\Desktop\APP 紫外線版\UART.c" 1
 140  0013              	NOP
 140  0013              	ENDIF
 140  0013              ;# 140 "C:\Users\bet\Desktop\APP 紫外線版\UART.c" 1
 140  0013              	IF (205-15>=8) AND (205-15<( 4 + __PBP__ * 2))  AND ( __PBP__ > 2 )
 140  0013              ;# 140 "C:\Users\bet\Desktop\APP 紫外線版\UART.c" 1
 140  0013              	NOP
 140  0013              	ENDIF
 140  0013              ;# 140 "C:\Users\bet\Desktop\APP 紫外線版\UART.c" 1
 140  0013              	IF (205-15==9)  AND ( __PBP__ > 2 )
 140  0013              ;# 140 "C:\Users\bet\Desktop\APP 紫外線版\UART.c" 1
 140  0013              	NOP
 140  0013              	ENDIF
 140  0013              ;# 140 "C:\Users\bet\Desktop\APP 紫外線版\UART.c" 1
 140  0013              	IF (205-15< ( 8 + __PBP__ * 2)) AND (205-15>( 3 + __PBP__ * 2))
 140  0013              ;# 140 "C:\Users\bet\Desktop\APP 紫外線版\UART.c" 1
"File: UART.c        Assembler  Version HGASM0202      Page 17

 140  0013              	fcall __DELAY3 + ( 7 + __PBP__ * 2) -205-15
 140  0013              	ENDIF
 140  0013              ;# 140 "C:\Users\bet\Desktop\APP 紫外線版\UART.c" 1
 140  0013              	IF (205-15< ( 0404h + __PBP__ * 2)) AND (205-15>( 7 + __PBP__ * 2))
 140  0013              ;# 140 "C:\Users\bet\Desktop\APP 紫外線版\UART.c" 1
 140  0013  0F2D        	MOV A,(205-15-( 4 + __PBP__ * 2))/4
 140  0014              ;# 140 "C:\Users\bet\Desktop\APP 紫外線版\UART.c" 1
 140  0014              	fcall __DELAYX3 + 3 -((205-15-( 4 + __PBP__ * 2)) MOD 4) 
 140  001B              	ENDIF
 140  001B              ;# 140 "C:\Users\bet\Desktop\APP 紫外線版\UART.c" 1
 140  001B              	IF (205-15< ( 040bh + __PBP__ * 2)) AND (205-15> ( 0403h + __PBP__ * 2))
 140  001B              ;# 140 "C:\Users\bet\Desktop\APP 紫外線版\UART.c" 1
 140  001B              	MOV A,0 
 140  001B              ;# 140 "C:\Users\bet\Desktop\APP 紫外線版\UART.c" 1
 140  001B              	fcall __DELAYX6 + ( 040ah + __PBP__ * 2) -205-15
 140  001B              	ENDIF
 140  001B              ;# 140 "C:\Users\bet\Desktop\APP 紫外線版\UART.c" 1
 140  001B              	IF (205-15 >= ( 040bh + __PBP__ * 2)) AND ((((205-15-( 9 + __PBP__ * 2))%0402h)/4+1)>256)
 140  001B              ;# 140 "C:\Users\bet\Desktop\APP 紫外線版\UART.c" 1
 140  001B              	MOV A,(205-15-( 9 + __PBP__ * 2))/0402h
 140  001B              ;# 140 "C:\Users\bet\Desktop\APP 紫外線版\UART.c" 1
 140  001B              	MOV _builtin_holtek_delay_2,A
 140  001B              ;# 140 "C:\Users\bet\Desktop\APP 紫外線版\UART.c" 1
 140  001B              	MOV A,0
 140  001B              ;# 140 "C:\Users\bet\Desktop\APP 紫外線版\UART.c" 1
 140  001B              	fcall __DELAYY5 +5- (((205-15-( 9 + __PBP__ * 2))%0402h)%6) 
 140  001B              	ENDIF
 140  001B              ;# 140 "C:\Users\bet\Desktop\APP 紫外線版\UART.c" 1
 140  001B              	IF (205-15 >= ( 040bh + __PBP__ * 2)) AND ((((205-15-( 9 + __PBP__ * 2))%0402h)/4+1)<=256)
 140  001B              ;# 140 "C:\Users\bet\Desktop\APP 紫外線版\UART.c" 1
 140  001B              	MOV A,(205-15-( 9 + __PBP__ * 2))/0402h
 140  001B              ;# 140 "C:\Users\bet\Desktop\APP 紫外線版\UART.c" 1
 140  001B              	MOV _builtin_holtek_delay_2,A
 140  001B              ;# 140 "C:\Users\bet\Desktop\APP 紫外線版\UART.c" 1
 140  001B              	MOV A,((205-15-( 9 + __PBP__ * 2))%0402h)/4+1
 140  001B              ;# 140 "C:\Users\bet\Desktop\APP 紫外線版\UART.c" 1
 140  001B              	fcall __DELAYY3 +3-(((205-15-( 9 + __PBP__ * 2))%0402h)%4) 
 140  001B              	ENDIF
 140  001B  1780     E  	sdz ra
 140  001C  2800     R  	jmp _L35
 142  001D              #line 142 "C:\Users\bet\Desktop\APP 紫外線版\UART.c"
 142  001D  30A2        	set [34].1
 142  001E              ;# 142 "C:\Users\bet\Desktop\APP 紫外線版\UART.c" 1
 142  001E              	IF 205>263690
 142  001E              ;# 142 "C:\Users\bet\Desktop\APP 紫外線版\UART.c" 1
 142  001E              	ERRMESSAGE 'the value 205of the argument exceeds the maxinum 263690'
 142  001E              	ENDIF
 142  001E              ;# 142 "C:\Users\bet\Desktop\APP 紫外線版\UART.c" 1
 142  001E              	IF 205<0
 142  001E              ;# 142 "C:\Users\bet\Desktop\APP 紫外線版\UART.c" 1
 142  001E              	ERRMESSAGE 'the value 205 of the argument exceeds the mininum 0'
 142  001E              	ENDIF
 142  001E              ;# 142 "C:\Users\bet\Desktop\APP 紫外線版\UART.c" 1
 142  001E              	IF 205==0
 142  001E              ;# 142 "C:\Users\bet\Desktop\APP 紫外線版\UART.c" 1
 142  001E              	JMP $
 142  001E              	ENDIF
 142  001E              ;# 142 "C:\Users\bet\Desktop\APP 紫外線版\UART.c" 1
 142  001E              	IF (205>=1) AND (205<( 4 + __PBP__ * 2))
 142  001E              ;# 142 "C:\Users\bet\Desktop\APP 紫外線版\UART.c" 1
"File: UART.c        Assembler  Version HGASM0202      Page 18

 142  001E              	NOP
 142  001E              	ENDIF
 142  001E              ;# 142 "C:\Users\bet\Desktop\APP 紫外線版\UART.c" 1
 142  001E              	IF (205>=2) AND (205<( 4 + __PBP__ * 2))
 142  001E              ;# 142 "C:\Users\bet\Desktop\APP 紫外線版\UART.c" 1
 142  001E              	NOP
 142  001E              	ENDIF
 142  001E              ;# 142 "C:\Users\bet\Desktop\APP 紫外線版\UART.c" 1
 142  001E              	IF (205>=3) AND (205<( 4 + __PBP__ * 2))
 142  001E              ;# 142 "C:\Users\bet\Desktop\APP 紫外線版\UART.c" 1
 142  001E              	NOP
 142  001E              	ENDIF
 142  001E              ;# 142 "C:\Users\bet\Desktop\APP 紫外線版\UART.c" 1
 142  001E              	IF (205>=4) AND (205<( 4 + __PBP__ * 2)) AND ( __PBP__ > 0 )
 142  001E              ;# 142 "C:\Users\bet\Desktop\APP 紫外線版\UART.c" 1
 142  001E              	NOP
 142  001E              	ENDIF
 142  001E              ;# 142 "C:\Users\bet\Desktop\APP 紫外線版\UART.c" 1
 142  001E              	IF (205>=5) AND (205<( 4 + __PBP__ * 2)) AND ( __PBP__ > 0 )
 142  001E              ;# 142 "C:\Users\bet\Desktop\APP 紫外線版\UART.c" 1
 142  001E              	NOP
 142  001E              	ENDIF
 142  001E              ;# 142 "C:\Users\bet\Desktop\APP 紫外線版\UART.c" 1
 142  001E              	IF (205>=6) AND (205<( 4 + __PBP__ * 2))  AND ( __PBP__ > 1 )
 142  001E              ;# 142 "C:\Users\bet\Desktop\APP 紫外線版\UART.c" 1
 142  001E              	NOP
 142  001E              	ENDIF
 142  001E              ;# 142 "C:\Users\bet\Desktop\APP 紫外線版\UART.c" 1
 142  001E              	IF (205>=7) AND (205<( 4 + __PBP__ * 2))  AND ( __PBP__ > 1 )
 142  001E              ;# 142 "C:\Users\bet\Desktop\APP 紫外線版\UART.c" 1
 142  001E              	NOP
 142  001E              	ENDIF
 142  001E              ;# 142 "C:\Users\bet\Desktop\APP 紫外線版\UART.c" 1
 142  001E              	IF (205>=8) AND (205<( 4 + __PBP__ * 2))  AND ( __PBP__ > 2 )
 142  001E              ;# 142 "C:\Users\bet\Desktop\APP 紫外線版\UART.c" 1
 142  001E              	NOP
 142  001E              	ENDIF
 142  001E              ;# 142 "C:\Users\bet\Desktop\APP 紫外線版\UART.c" 1
 142  001E              	IF (205==9)  AND ( __PBP__ > 2 )
 142  001E              ;# 142 "C:\Users\bet\Desktop\APP 紫外線版\UART.c" 1
 142  001E              	NOP
 142  001E              	ENDIF
 142  001E              ;# 142 "C:\Users\bet\Desktop\APP 紫外線版\UART.c" 1
 142  001E              	IF (205< ( 8 + __PBP__ * 2)) AND (205>( 3 + __PBP__ * 2))
 142  001E              ;# 142 "C:\Users\bet\Desktop\APP 紫外線版\UART.c" 1
 142  001E              	fcall __DELAY3 + ( 7 + __PBP__ * 2) -205
 142  001E              	ENDIF
 142  001E              ;# 142 "C:\Users\bet\Desktop\APP 紫外線版\UART.c" 1
 142  001E              	IF (205< ( 0404h + __PBP__ * 2)) AND (205>( 7 + __PBP__ * 2))
 142  001E              ;# 142 "C:\Users\bet\Desktop\APP 紫外線版\UART.c" 1
 142  001E  0F31        	MOV A,(205-( 4 + __PBP__ * 2))/4
 142  001F              ;# 142 "C:\Users\bet\Desktop\APP 紫外線版\UART.c" 1
 142  001F              	fcall __DELAYX3 + 3 -((205-( 4 + __PBP__ * 2)) MOD 4) 
 142  0026              	ENDIF
 142  0026              ;# 142 "C:\Users\bet\Desktop\APP 紫外線版\UART.c" 1
 142  0026              	IF (205< ( 040bh + __PBP__ * 2)) AND (205> ( 0403h + __PBP__ * 2))
 142  0026              ;# 142 "C:\Users\bet\Desktop\APP 紫外線版\UART.c" 1
 142  0026              	MOV A,0 
 142  0026              ;# 142 "C:\Users\bet\Desktop\APP 紫外線版\UART.c" 1
 142  0026              	fcall __DELAYX6 + ( 040ah + __PBP__ * 2) -205
"File: UART.c        Assembler  Version HGASM0202      Page 19

 142  0026              	ENDIF
 142  0026              ;# 142 "C:\Users\bet\Desktop\APP 紫外線版\UART.c" 1
 142  0026              	IF (205 >= ( 040bh + __PBP__ * 2)) AND ((((205-( 9 + __PBP__ * 2))%0402h)/4+1)>256)
 142  0026              ;# 142 "C:\Users\bet\Desktop\APP 紫外線版\UART.c" 1
 142  0026              	MOV A,(205-( 9 + __PBP__ * 2))/0402h
 142  0026              ;# 142 "C:\Users\bet\Desktop\APP 紫外線版\UART.c" 1
 142  0026              	MOV _builtin_holtek_delay_2,A
 142  0026              ;# 142 "C:\Users\bet\Desktop\APP 紫外線版\UART.c" 1
 142  0026              	MOV A,0
 142  0026              ;# 142 "C:\Users\bet\Desktop\APP 紫外線版\UART.c" 1
 142  0026              	fcall __DELAYY5 +5- (((205-( 9 + __PBP__ * 2))%0402h)%6) 
 142  0026              	ENDIF
 142  0026              ;# 142 "C:\Users\bet\Desktop\APP 紫外線版\UART.c" 1
 142  0026              	IF (205 >= ( 040bh + __PBP__ * 2)) AND ((((205-( 9 + __PBP__ * 2))%0402h)/4+1)<=256)
 142  0026              ;# 142 "C:\Users\bet\Desktop\APP 紫外線版\UART.c" 1
 142  0026              	MOV A,(205-( 9 + __PBP__ * 2))/0402h
 142  0026              ;# 142 "C:\Users\bet\Desktop\APP 紫外線版\UART.c" 1
 142  0026              	MOV _builtin_holtek_delay_2,A
 142  0026              ;# 142 "C:\Users\bet\Desktop\APP 紫外線版\UART.c" 1
 142  0026              	MOV A,((205-( 9 + __PBP__ * 2))%0402h)/4+1
 142  0026              ;# 142 "C:\Users\bet\Desktop\APP 紫外線版\UART.c" 1
 142  0026              	fcall __DELAYY3 +3-(((205-( 9 + __PBP__ * 2))%0402h)%4) 
 142  0026              	ENDIF
 142  0026  0003        	ret
 142  0027              _PC_TX endp
 142  0027              #line 142 "C:\Users\bet\Desktop\APP 紫外線版\UART.c"
 142  0027              #pragma debug scope 1 1
 142  0027              ___wdtc equ [62]
 142  0027              ___adcr1 equ [105]
 142  0027              ___pas0 equ [352]
 142  0027              ___intc0 equ [48]
 142  0027              public _main
 142  0027              #pragma debug scope 11 1
  27  0027              #line 27 "C:\Users\bet\Desktop\APP 紫外線版\UART.c"
  27  0027              IFDEF WITH_DEFAULT_STARTUP
  27  0027              extern _main_initial0:near
  27  0027              extern _main_startup:near
  27  0027              ENDIF
  27  0027              
  27  0027              ROMBANK 0 @start
  27  0000              @start .section com_l 'code'
  27  0000              _main_startup1:
  27  0000              @start .section com_e 'code'
  27  0000  0F00     R  	mov a,bank _main
  27  0001  008B        	mov bp,a
  27  0002  2800     R  	jmp _main
  27  0003              
  27  0000              _main .section 'code'
  27  0000              _main proc
  29  0000              #line 29 "C:\Users\bet\Desktop\APP 紫外線版\UART.c"
  29  0000              	fcall _UART_init
  30  0007              #line 30 "C:\Users\bet\Desktop\APP 紫外線版\UART.c"
  30  0007  0FAF        	mov a,175
  30  0008  00BE        	mov [62],a
  33  0009              #line 33 "C:\Users\bet\Desktop\APP 紫外線版\UART.c"
  33  0009  0F01        	mov a,1
  33  000A  00E8        	mov [104],a
  34  000B              #line 34 "C:\Users\bet\Desktop\APP 紫外線版\UART.c"
  34  000B  0F06        	mov a,6
  34  000C  00E9        	mov [105],a
"File: UART.c        Assembler  Version HGASM0202      Page 20

  35  000D              #line 35 "C:\Users\bet\Desktop\APP 紫外線版\UART.c"
  35  000D  0F30        	mov a,48
  35  000E  80E0 0001   	lmov [352],a
  36  0010              #line 36 "C:\Users\bet\Desktop\APP 紫外線版\UART.c"
  36  0010  31B1        	set [49].3
  36  0011  3030        	set [48].0
  37  0012              #line 37 "C:\Users\bet\Desktop\APP 紫外線版\UART.c"
  37  0012  33E8        	set [104].7
  38  0013              #line 38 "C:\Users\bet\Desktop\APP 紫外線版\UART.c"
  38  0013  37E8        	clr [104].7
  38  0014              _L37:
  45  0014              #line 45 "C:\Users\bet\Desktop\APP 紫外線版\UART.c"
  45  0014  31B1        	set [49].3
  46  0015              #line 46 "C:\Users\bet\Desktop\APP 紫外線版\UART.c"
  46  0015  0FE8        	mov a,-24
  46  0016  0080     R  	mov _Delay100us_2[0],a
  46  0017  0F03        	mov a,3
  46  0018  0080     R  	mov _Delay100us_2[1],a
  46  0019              	fcall _Delay100us
  47  0020              #line 47 "C:\Users\bet\Desktop\APP 紫外線版\UART.c"
  47  0020  0700     R  	mov a,_e[1]
  47  0021              	fcall _PC_TX
  48  0028              #line 48 "C:\Users\bet\Desktop\APP 紫外線版\UART.c"
  48  0028  0FE8        	mov a,-24
  48  0029  0080     R  	mov _Delay100us_2[0],a
  48  002A  0F03        	mov a,3
  48  002B  0080     R  	mov _Delay100us_2[1],a
  48  002C              	fcall _Delay100us
  49  0033              #line 49 "C:\Users\bet\Desktop\APP 紫外線版\UART.c"
  49  0033  0700     R  	mov a,_e[0]
  49  0034              	fcall _PC_TX
  50  003B              #line 50 "C:\Users\bet\Desktop\APP 紫外線版\UART.c"
  50  003B  0FE8        	mov a,-24
  50  003C  0080     R  	mov _Delay100us_2[0],a
  50  003D  0F03        	mov a,3
  50  003E  0080     R  	mov _Delay100us_2[1],a
  50  003F              	fcall _Delay100us
  52  0046              #line 52 "C:\Users\bet\Desktop\APP 紫外線版\UART.c"
  52  0046  0FE8        	mov a,-24
  52  0047  0080     R  	mov _Delay100us_2[0],a
  52  0048  0F03        	mov a,3
  52  0049  0080     R  	mov _Delay100us_2[1],a
  52  004A              	fcall _Delay100us
  57  0051              #line 57 "C:\Users\bet\Desktop\APP 紫外線版\UART.c"
  57  0051  0FE8        	mov a,-24
  57  0052  0080     R  	mov _Delay100us_2[0],a
  57  0053  0F03        	mov a,3
  57  0054  0080     R  	mov _Delay100us_2[1],a
  57  0055              	fcall _Delay100us
  57  005C  2800     R  	jmp _L37
  57  005D  2800     R  	jmp $
  57  005E              _main endp
  57  005E              
  57  005E              @dummy endp
  57  005E              
  57  005E              #line 57 "C:\Users\bet\Desktop\APP 紫外線版\UART.c"
  57  005E              #pragma debug scope 1 1
  57  005E              public _tx_string
  57  005E              #pragma debug scope 12 1
 145  005E              #line 145 "C:\Users\bet\Desktop\APP 紫外線版\UART.c"
"File: UART.c        Assembler  Version HGASM0202      Page 21

 145  0000              _tx_string .section 'code'
 145  0000              _tx_string proc
 145  0000              public _tx_string_2
 145  0000  0004[           local _tx_string_2 db 4 dup(?)	; 2,2
            00
            ]
 145  0004              #pragma debug pointer 42 7 12
 145  0004              #pragma debug pointer 42 7 12
 145  0004              #pragma debug variable 42 12 _tx_string_2+0 "data"
 145  0004              #pragma debug variable 7 12 _tx_string_2+3 "test"
 145  0000  0F09        	mov a,9
 145  0001  0080     R  	mov _tx_string_2[2],a
 147  0002              #line 147 "C:\Users\bet\Desktop\APP 紫外線版\UART.c"
 147  0002  1F00     R  	clr _tx_string_2[3]
 147  0003              _L40:
 149  0003              #line 149 "C:\Users\bet\Desktop\APP 紫外線版\UART.c"
 149  0003  0700     R  	mov a,_tx_string_2[3]
 149  0004  0080     E  	mov rb,a
 149  0005  1F00     E  	clr rc
 149  0006  3F85        	sz acc.7
 149  0007  1F80     E  	set rc
 149  0008  0700     E  	mov a,rb
 149  0009  0300     R  	add a,_tx_string_2[0]
 149  000A  0083        	mov mp,a
 149  000B  0700     E  	mov a,rc
 149  000C  1300     R  	adc a,_tx_string_2[1]
 149  000D  0084        	mov sbp,a
 149  000E              	fcall _Crom2Prom
 149  0015              	fcall _PC_TX
 147  001C              #line 147 "C:\Users\bet\Desktop\APP 紫外線版\UART.c"
 147  001C  1480     R  	inc _tx_string_2[3]
 147  001D  1780     R  	sdz _tx_string_2[2]
 147  001E  2800     R  	jmp _L40
 147  001F  0003        	ret
 147  0020              _tx_string endp
 147  0020              #line 147 "C:\Users\bet\Desktop\APP 紫外線版\UART.c"
 147  0020              #pragma debug scope 1 1
  25  0020              #line 25 "C:\Users\bet\Desktop\APP 紫外線版\UART.c"
  25  0020              public _kk
  25  0000              @HCCINIT0_kk .section 'data'
  25  0000              _kk	db 0
  25  0001              #pragma debug variable 7 1 _kk "kk"
  25  0001              
  25  0000              @HCCINIT .section 'data'
  24  0000              #line 24 "C:\Users\bet\Desktop\APP 紫外線版\UART.c"
  24  0000              public _e
  24  0000              @HCCINIT0_e .section 'data'
  24  0000  0002[       _e	db 2 dup(0)
            00
            ]
  24  0002              #pragma debug array 43 7 2 1
  24  0002              #pragma debug array 43 7 2 1
  24  0002              #pragma debug variable 43 1 _e "e"
  24  0002              
  24  0000              @HCCINIT .section 'data'
  19  0000              #line 19 "C:\Users\bet\Desktop\APP 紫外線版\UART.c"
  19  0000              public _output
  19  0000              @HCCINIT0_output .section 'data'
  19  0000  0032[       _output	db 50 dup(0)
            00
"File: UART.c        Assembler  Version HGASM0202      Page 22

            ]
  19  0032              #pragma debug array 44 7 50 1
  19  0032              #pragma debug array 44 7 50 1
  19  0032              #pragma debug variable 44 1 _output "output"
  19  0032              
  19  0000              @HCCINIT .section 'data'
  19  0000              public _output1
  19  0000              @HCCINIT	.section 'data'
  15  0000              #line 15 "C:\Users\bet\Desktop\APP 紫外線版\UART.c"
  15  0000              @HCCINIT_output1 .section 'data'
  15  0000              _output1 label byte
  15  0000              #pragma debug array 45 7 4 1
  15  0000              #pragma debug array 45 7 4 1
  15  0000              #pragma debug variable 45 1 _output1 "output1"
  15  0000              	db 48
  15  0000              @ROMDATA_BASE .section inpage 'code'
  15  0000              	db 48
  15  0001              @HCCINIT_output1 .section 'data'
  15  0001              	db 49
  15  0001              @ROMDATA_BASE .section inpage 'code'
  15  0001              	db 49
  15  0002              @HCCINIT_output1 .section 'data'
  15  0002              	db 0
  15  0001              @ROMDATA_BASE .section inpage 'code'
  15  0001              	db 0
  15  0003              @HCCINIT_output1 .section 'data'
  15  0003              	db 0
  15  0002              @ROMDATA_BASE .section inpage 'code'
  15  0002              	db 0
  15  0004              @HCCINIT_output1 .section 'data'
  15  0004              #pragma debug struct_end
  15  0004              #pragma debug struct_end
  15  0004              #pragma debug union_end
  15  0004              #pragma debug union_end
  15  0004              #pragma debug variable 47 1 ___pe "__pe" 1
  15  0004              #pragma debug struct_end
  15  0004              #pragma debug struct_end
  15  0004              #pragma debug union_end
  15  0004              #pragma debug union_end
  15  0004              #pragma debug variable 49 1 ___pec "__pec" 1
  15  0004              #pragma debug struct_end
  15  0004              #pragma debug struct_end
  15  0004              #pragma debug union_end
  15  0004              #pragma debug union_end
  15  0004              #pragma debug variable 51 1 ___intc0 "__intc0" 1
  15  0004              #pragma debug struct_end
  15  0004              #pragma debug struct_end
  15  0004              #pragma debug union_end
  15  0004              #pragma debug union_end
  15  0004              #pragma debug variable 53 1 ___intc1 "__intc1" 1
  15  0004              #pragma debug struct_end
  15  0004              #pragma debug struct_end
  15  0004              #pragma debug union_end
  15  0004              #pragma debug union_end
  15  0004              #pragma debug variable 55 1 ___wdtc "__wdtc" 1
  15  0004              #pragma debug struct_end
  15  0004              #pragma debug struct_end
  15  0004              #pragma debug union_end
  15  0004              #pragma debug union_end
  15  0004              #pragma debug variable 57 1 ___adcr0 "__adcr0" 1
"File: UART.c        Assembler  Version HGASM0202      Page 23

  15  0004              #pragma debug struct_end
  15  0004              #pragma debug struct_end
  15  0004              #pragma debug union_end
  15  0004              #pragma debug union_end
  15  0004              #pragma debug variable 59 1 ___adcr1 "__adcr1" 1
  15  0004              #pragma debug variable 8 1 ___adrl "__adrl" 1
  15  0004              #pragma debug variable 8 1 ___adrh "__adrh" 1
  15  0004              #pragma debug struct_end
  15  0004              #pragma debug struct_end
  15  0004              #pragma debug union_end
  15  0004              #pragma debug union_end
  15  0004              #pragma debug variable 61 1 ___pas0 "__pas0" 1
  15  0004              extern r1:byte
  15  0004              extern r2:byte
  15  0004              extern r3:byte
  27  0004              #line 27 "C:\Users\bet\Desktop\APP 紫外線版\UART.c"
  27  0000              @code .section at 0 'code'
  27  0000  1F0B        	clr bp
  27  0001  2800     R  	jmp _main_startup1
  27  0002              
  27  0002              extern _builtin_holtek_divmodhi4:near
  27  0002              extern _builtin_holtek_udivmodhi4_2:byte
  27  0002              extern _builtin_holtek_udivmodhi4:near
  27  0002              
  27  0002              ; 
  27  0002              ; Generated by holtek-gcc v3.13, Mon Nov 14 21:37:02 2016
  27  0002              ; Rebuild 71
  27  0002              ; end of file


        0 Errors, 0